2025-10-15 20:03:03.318744 INFO::Writing function arguments to log file
2025-10-15 20:03:03.322804 DEBUG::Function arguments
2025-10-15 20:03:03.325784 DEBUG::Input data file: E:/Python/MI_Analysis/metagenome/data_figures/filtered_data_1percent_change/MaAsLin2_family/archaea_temp.tsv
2025-10-15 20:03:03.328535 DEBUG::Input metadata file: E:/Python/MI_Analysis/metagenome/data_figures/filtered_data_1percent_change/MaAsLin2_family/metadata_temp.tsv
2025-10-15 20:03:03.330683 DEBUG::Output folder: E:/Python/MI_Analysis/metagenome/data_figures/filtered_data_1percent_change/MaAsLin2_family/archaea
2025-10-15 20:03:03.332683 DEBUG::Min Abundance: 0.000000
2025-10-15 20:03:03.33491 DEBUG::Min Prevalence: 0.100000
2025-10-15 20:03:03.336994 DEBUG::Normalization: TSS
2025-10-15 20:03:03.33826 DEBUG::Transform: LOG
2025-10-15 20:03:03.339779 DEBUG::Analysis method: LM
2025-10-15 20:03:03.34227 DEBUG::Max significance: 0.050000
2025-10-15 20:03:03.344047 DEBUG::Random effects:
2025-10-15 20:03:03.345566 DEBUG::Fixed effects: Group
2025-10-15 20:03:03.347581 DEBUG::Correction method: BH
2025-10-15 20:03:03.349809 DEBUG::Standardize: TRUE
2025-10-15 20:03:03.351711 DEBUG::Cores: 1
2025-10-15 20:03:03.353634 INFO::Verifying options selected are valid
2025-10-15 20:03:03.357792 INFO::Determining format of input files
2025-10-15 20:03:03.361237 INFO::Input format is data samples as columns and metadata samples as rows
2025-10-15 20:03:03.370195 DEBUG::Transformed data so samples are rows
2025-10-15 20:03:03.374673 DEBUG::A total of 84 samples were found in both the data and metadata
2025-10-15 20:03:03.377007 DEBUG::Reordering data/metadata to use same sample ordering
2025-10-15 20:03:03.383902 INFO::Formula for fixed effects: expr ~  Group
2025-10-15 20:03:03.386613 INFO::Filter data based on min abundance and min prevalence
2025-10-15 20:03:03.389091 INFO::Total samples in data: 84
2025-10-15 20:03:03.391442 INFO::Min samples required with min abundance for a feature not to be filtered: 8.400000
2025-10-15 20:03:03.401096 INFO::Total filtered features: 225
2025-10-15 20:03:03.403879 INFO::Filtered feature names from abundance and prevalence filtering: X0.14.0.20.30.16, X0.14.0.20.34.12, X1.14.0.10.31.34, X40CM.2.53.6, AG1, ARK.15, ARS1178, ARS21, Aciduliprofundaceae, B10.G16, B15.G16, B15.G2, B1Sed10.29, B20.G17, B25, B29.G15, B29.G17, B3.G16, B33.G15, B48.G16, B54.G15, B69.G16, B72.G16, B79.G9, B8.G13, B87.G9, B9.G17, BA1, BMS3B, BS150m.G63, Baldrarchaeaceae, Bog.38, CADDZS01, CAILAH01, CAINOH01, CAITNU01, CG08.08.20.14, CG1.02.47.40, CR.4, CSSed11.243R1, Caldarchaeaceae, DSZF01, DTDX01, DTGE01, DTGL01, DTIR01, DTMW01, DTNL01, DTNV01, DXJG01, EA.27, EX4484.135, EX4484.205, EX4484.217.1, EX4484.36, EX4484.52, EX4484.6, EX4572.44, FEN.987, Fervidicoccaceae, GCA.2685855, GCA.2687185, GCA.2687795, GCA.2687815, GCA.2688035, GCA.2688965, GW2011.AR10, HR02, Hadarchaeaceae, Huberarchaeaceae, Hydrothermarchaeaceae, J072, J096, J110, JAADFM01, JAAOZO01, JAAOZP01, JABIAG01, JACIVX01, JACIWG01, JACPBO01, JACPBV01, JACPGT01, JACPIF01, JACPIM01, JACPJC01, JACPNG01, JACPRH01, JACQNH01, JACQNV01, JACQSR01, JACQSS01, JACRAC01, JACRGE01, JACRKL01, JACTUA01, JAFCBV01, JAFCCC01, JAFCCJ01, JAFCCW01, JAFCFN01, JAFCGA01, JAFCGI01, JAFCGM01, JAFCGN01, JAFGBZ01, JAFGLI01, JAFGOX01, JAFGPW01, JAFGSV01, JAFGUC01, JAGGXF01, JAGGXT01, JAGHAA01, JAGHAM01, JAGHAR01, JAGHBM01, JAGLGH01, JAGLSY01, JAGLXL01, JAGMCJ01, JAGTQN01, JAGVYF01, JAGVZH01, JAGVZT01, JAGWAF01, JAHENH01, JAHFHC01, JAHJTO01, JAHLMP01, JAHLMR01, JAHWIC01, JAHWIL01, JAHWKR01, JAIPIC01, JAJOKI01, JAJPHT01, JAJSAE01, JAMCUS01, JANJXX01, JDFR.13, JdFR.21, JdFR.45, Korarchaeaceae, MCBC01, Marsarchaeaceae, Methanocellaceae, Methanofollaceae, Methanonatronarchaeaceae, Methanopyraceae, Methanosphaerulaceae, Methanothermaceae, Methanothermobacteraceae, Methanothermobacteraceae_A, Methermicoccaceae, NM3, Naiadarchaeaceae, Nanoarchaeaceae, Nanosalinaceae, Natronoarchaeaceae, Nitrosocaldaceae, Norongarragalinaceae, PEVX01, PEZQ01, Pyrodictiaceae, QMVU01, QMZP01, QMZT01, QS.9.68.17, RBG.13.38.9, RBG.16.48.13, SCGC.AAA252.I15, SCSR01, SKGA01, SKIA01, SKSH01, SOIM01, SP79, SW.10.69.26, SW.7.71.33, SZ.28.30, SZUA.236, Salinarchaeaceae, Sifarchaeaceae, SpSt.1190, Syntropharchaeaceae, Sysuiplasmataceae, Thermoproteaceae, Tiddalikarchaeaceae, UBA10107, UBA10117, UBA10200, UBA10834, UBA11576, UBA11716, UBA119, UBA12030, UBA12382, UBA12501, UBA148, UBA183, UBA284, UBA525, UBA8480, UBA9212, UBA9642, UBA97, Undinarchaeaceae, VGJJ01, VGKX01, VGLX01, WALJ01, WALL01, WALN01, WANQ01, WAPJ01, WAQR01, WJJB01, WJKB01, WJKC01, WOR.SM1.SCG, WUQV01, Wukongarchaeaceae, YT1.039, YT1.057
2025-10-15 20:03:03.410675 INFO::Total filtered features with variance filtering: 0
2025-10-15 20:03:03.414206 INFO::Filtered feature names from variance filtering:
2025-10-15 20:03:03.416999 INFO::Running selected normalization method: TSS
2025-10-15 20:03:03.424576 INFO::Applying z-score to standardize continuous metadata
2025-10-15 20:03:03.430835 INFO::Running selected transform method: LOG
2025-10-15 20:03:03.439176 INFO::Running selected analysis method: LM
2025-10-15 20:03:03.443127 INFO::Fitting model to feature number 1, X21.14.0.10.32.9
2025-10-15 20:03:03.448937 INFO::Fitting model to feature number 2, AMARA.1
2025-10-15 20:03:03.455087 INFO::Fitting model to feature number 3, ANME.1
2025-10-15 20:03:03.462288 INFO::Fitting model to feature number 4, ARS1403
2025-10-15 20:03:03.468844 INFO::Fitting model to feature number 5, ARS49
2025-10-15 20:03:03.47524 INFO::Fitting model to feature number 6, Acidilobaceae
2025-10-15 20:03:03.481795 INFO::Fitting model to feature number 7, Aenigmatarchaeaceae
2025-10-15 20:03:03.48817 INFO::Fitting model to feature number 8, Altiarchaeaceae
2025-10-15 20:03:03.494599 INFO::Fitting model to feature number 9, Anstonellaceae
2025-10-15 20:03:03.500993 INFO::Fitting model to feature number 10, Archaeoglobaceae
2025-10-15 20:03:03.508196 INFO::Fitting model to feature number 11, B18.G2
2025-10-15 20:03:03.514762 INFO::Fitting model to feature number 12, B24
2025-10-15 20:03:03.521553 INFO::Fitting model to feature number 13, B26.1
2025-10-15 20:03:03.528006 INFO::Fitting model to feature number 14, B3.WOES
2025-10-15 20:03:03.534352 INFO::Fitting model to feature number 15, BM511
2025-10-15 20:03:03.539893 INFO::Fitting model to feature number 16, Bilamarchaeaceae
2025-10-15 20:03:03.545071 INFO::Fitting model to feature number 17, Borrarchaeaceae
2025-10-15 20:03:03.550476 INFO::Fitting model to feature number 18, CABMGC01
2025-10-15 20:03:03.555833 INFO::Fitting model to feature number 19, CAIVOO01
2025-10-15 20:03:03.560532 INFO::Fitting model to feature number 20, CG.Epi1
2025-10-15 20:03:03.565566 INFO::Fitting model to feature number 21, CG1.02.33.12
2025-10-15 20:03:03.570351 INFO::Fitting model to feature number 22, CG10238.14
2025-10-15 20:03:03.575282 INFO::Fitting model to feature number 23, CSSED10.239
2025-10-15 20:03:03.580378 INFO::Fitting model to feature number 24, DHVEG.1
2025-10-15 20:03:03.585777 INFO::Fitting model to feature number 25, DSVV01
2025-10-15 20:03:03.591554 INFO::Fitting model to feature number 26, Desulfurococcaceae
2025-10-15 20:03:03.59765 INFO::Fitting model to feature number 27, GCA.001856825
2025-10-15 20:03:03.603944 INFO::Fitting model to feature number 28, GCA.020350865
2025-10-15 20:03:03.610496 INFO::Fitting model to feature number 29, GCA.020356005
2025-10-15 20:03:03.616743 INFO::Fitting model to feature number 30, GCA.2686295
2025-10-15 20:03:03.623206 INFO::Fitting model to feature number 31, GCA.2688095
2025-10-15 20:03:03.629311 INFO::Fitting model to feature number 32, GLR71
2025-10-15 20:03:03.635598 INFO::Fitting model to feature number 33, GW2011.AR1
2025-10-15 20:03:03.641694 INFO::Fitting model to feature number 34, GW2011.AR15
2025-10-15 20:03:03.647966 INFO::Fitting model to feature number 35, GW2011.AR17
2025-10-15 20:03:03.654242 INFO::Fitting model to feature number 36, GW2011.AR18
2025-10-15 20:03:03.66082 INFO::Fitting model to feature number 37, GW2011.AR20
2025-10-15 20:03:03.666991 INFO::Fitting model to feature number 38, GW2011.AR4
2025-10-15 20:03:03.672659 INFO::Fitting model to feature number 39, GW2011.AR5
2025-10-15 20:03:03.677858 INFO::Fitting model to feature number 40, GW2011.AR9
2025-10-15 20:03:03.682815 INFO::Fitting model to feature number 41, Gearchaeaceae
2025-10-15 20:03:03.687326 INFO::Fitting model to feature number 42, HEL.GB.A
2025-10-15 20:03:03.691827 INFO::Fitting model to feature number 43, HEL.GB.B
2025-10-15 20:03:03.69589 INFO::Fitting model to feature number 44, Haladaptataceae
2025-10-15 20:03:03.700131 INFO::Fitting model to feature number 45, Halalkalicoccaceae
2025-10-15 20:03:03.706843 INFO::Fitting model to feature number 46, Haloarculaceae
2025-10-15 20:03:03.711379 INFO::Fitting model to feature number 47, Halobacteriaceae
2025-10-15 20:03:03.715839 INFO::Fitting model to feature number 48, Halococcaceae
2025-10-15 20:03:03.719856 INFO::Fitting model to feature number 49, Haloferacaceae
2025-10-15 20:03:03.723598 INFO::Fitting model to feature number 50, Hermodarchaeaceae
2025-10-15 20:03:03.727363 INFO::Fitting model to feature number 51, Hodarchaeaceae
2025-10-15 20:03:03.731052 INFO::Fitting model to feature number 52, Iainarchaeaceae
2025-10-15 20:03:03.735208 INFO::Fitting model to feature number 53, Ignisphaeraceae
2025-10-15 20:03:03.739477 INFO::Fitting model to feature number 54, JAADEF01
2025-10-15 20:03:03.745331 INFO::Fitting model to feature number 55, JAAZKV01
2025-10-15 20:03:03.751459 INFO::Fitting model to feature number 56, JABGXB01
2025-10-15 20:03:03.760531 INFO::Fitting model to feature number 57, JABLTI01
2025-10-15 20:03:03.769256 INFO::Fitting model to feature number 58, JABXJV01
2025-10-15 20:03:03.776028 INFO::Fitting model to feature number 59, JACAEJ01
2025-10-15 20:03:03.781055 INFO::Fitting model to feature number 60, JAEHCK01
2025-10-15 20:03:03.786848 INFO::Fitting model to feature number 61, JAFCDX01
2025-10-15 20:03:03.792718 INFO::Fitting model to feature number 62, JAGGVH01
2025-10-15 20:03:03.7983 INFO::Fitting model to feature number 63, JAGVZF01
2025-10-15 20:03:03.803809 INFO::Fitting model to feature number 64, JAHWHD01
2025-10-15 20:03:03.809565 INFO::Fitting model to feature number 65, JALIDP01
2025-10-15 20:03:03.815015 INFO::Fitting model to feature number 66, JdFR.42
2025-10-15 20:03:03.820856 INFO::Fitting model to feature number 67, JdFR.43
2025-10-15 20:03:03.826153 INFO::Fitting model to feature number 68, Jordarchaeaceae
2025-10-15 20:03:03.831808 INFO::Fitting model to feature number 69, Kariarchaeaceae
2025-10-15 20:03:03.837351 INFO::Fitting model to feature number 70, LC.3
2025-10-15 20:03:03.842937 INFO::Fitting model to feature number 71, MK.D1
2025-10-15 20:03:03.848115 INFO::Fitting model to feature number 72, Methanobacteriaceae
2025-10-15 20:03:03.853507 INFO::Fitting model to feature number 73, Methanocaldococcaceae
2025-10-15 20:03:03.876918 INFO::Fitting model to feature number 74, Methanococcaceae
2025-10-15 20:03:03.885262 INFO::Fitting model to feature number 75, Methanocomedenaceae
2025-10-15 20:03:03.891182 INFO::Fitting model to feature number 76, Methanocorpusculaceae
2025-10-15 20:03:03.898973 INFO::Fitting model to feature number 77, Methanoculleaceae
2025-10-15 20:03:03.904883 INFO::Fitting model to feature number 78, Methanofastidiosaceae
2025-10-15 20:03:03.912013 INFO::Fitting model to feature number 79, Methanogasteraceae
2025-10-15 20:03:03.918256 INFO::Fitting model to feature number 80, Methanoliparaceae
2025-10-15 20:03:03.924511 INFO::Fitting model to feature number 81, Methanomassiliicoccaceae
2025-10-15 20:03:03.931204 INFO::Fitting model to feature number 82, Methanomethylicaceae
2025-10-15 20:03:03.937215 INFO::Fitting model to feature number 83, Methanomethylophilaceae
2025-10-15 20:03:03.943193 INFO::Fitting model to feature number 84, Methanomicrobiaceae
2025-10-15 20:03:03.949338 INFO::Fitting model to feature number 85, Methanoperedenaceae
2025-10-15 20:03:03.954535 INFO::Fitting model to feature number 86, Methanoregulaceae
2025-10-15 20:03:03.961011 INFO::Fitting model to feature number 87, Methanosarcinaceae
2025-10-15 20:03:03.966342 INFO::Fitting model to feature number 88, Methanospirillaceae
2025-10-15 20:03:03.97229 INFO::Fitting model to feature number 89, Methanotrichaceae
2025-10-15 20:03:03.978631 INFO::Fitting model to feature number 90, Micrarchaeaceae
2025-10-15 20:03:03.984857 INFO::Fitting model to feature number 91, NBVN01
2025-10-15 20:03:03.990374 INFO::Fitting model to feature number 92, Nanopusillaceae
2025-10-15 20:03:03.995439 INFO::Fitting model to feature number 93, Natrialbaceae
2025-10-15 20:03:04.000896 INFO::Fitting model to feature number 94, Nitrosopumilaceae
2025-10-15 20:03:04.007209 INFO::Fitting model to feature number 95, Nitrososphaeraceae
2025-10-15 20:03:04.014595 INFO::Fitting model to feature number 96, Odinarchaeaceae
2025-10-15 20:03:04.022578 INFO::Fitting model to feature number 97, PNOQ01
2025-10-15 20:03:04.028942 INFO::Fitting model to feature number 98, PWKY01
2025-10-15 20:03:04.035891 INFO::Fitting model to feature number 99, Parvarchaeaceae
2025-10-15 20:03:04.042609 INFO::Fitting model to feature number 100, Poseidoniaceae
2025-10-15 20:03:04.049302 INFO::Fitting model to feature number 101, QMZM01
2025-10-15 20:03:04.056273 INFO::Fitting model to feature number 102, QMZS01
2025-10-15 20:03:04.062701 INFO::Fitting model to feature number 103, RBG.16.68.12
2025-10-15 20:03:04.069347 INFO::Fitting model to feature number 104, RDOG01
2025-10-15 20:03:04.075524 INFO::Fitting model to feature number 105, S146.22
2025-10-15 20:03:04.081942 INFO::Fitting model to feature number 106, SCGC.AAA011.G17
2025-10-15 20:03:04.088388 INFO::Fitting model to feature number 107, SG8.5
2025-10-15 20:03:04.095103 INFO::Fitting model to feature number 108, SM23.78
2025-10-15 20:03:04.102442 INFO::Fitting model to feature number 109, SOJC01
2025-10-15 20:03:04.109415 INFO::Fitting model to feature number 110, SOKP01
2025-10-15 20:03:04.117496 INFO::Fitting model to feature number 111, SZUA.1535
2025-10-15 20:03:04.125044 INFO::Fitting model to feature number 112, SpSt.28
2025-10-15 20:03:04.132452 INFO::Fitting model to feature number 113, Sulfolobaceae
2025-10-15 20:03:04.138957 INFO::Fitting model to feature number 114, TCS64
2025-10-15 20:03:04.144906 INFO::Fitting model to feature number 115, Thalassarchaeaceae
2025-10-15 20:03:04.15094 INFO::Fitting model to feature number 116, Thermocladiaceae
2025-10-15 20:03:04.156687 INFO::Fitting model to feature number 117, Thermococcaceae
2025-10-15 20:03:04.162802 INFO::Fitting model to feature number 118, Thermofilaceae
2025-10-15 20:03:04.169576 INFO::Fitting model to feature number 119, Thermoplasmataceae
2025-10-15 20:03:04.174816 INFO::Fitting model to feature number 120, Thorarchaeaceae
2025-10-15 20:03:04.181718 INFO::Fitting model to feature number 121, UBA10216
2025-10-15 20:03:04.187154 INFO::Fitting model to feature number 122, UBA164
2025-10-15 20:03:04.192983 INFO::Fitting model to feature number 123, UBA184
2025-10-15 20:03:04.199665 INFO::Fitting model to feature number 124, UBA213
2025-10-15 20:03:04.205768 INFO::Fitting model to feature number 125, UBA233
2025-10-15 20:03:04.211847 INFO::Fitting model to feature number 126, UBA287
2025-10-15 20:03:04.218726 INFO::Fitting model to feature number 127, UBA460
2025-10-15 20:03:04.223868 INFO::Fitting model to feature number 128, UBA472
2025-10-15 20:03:04.229719 INFO::Fitting model to feature number 129, UBA489
2025-10-15 20:03:04.235273 INFO::Fitting model to feature number 130, UBA57
2025-10-15 20:03:04.241481 INFO::Fitting model to feature number 131, UBA583
2025-10-15 20:03:04.248043 INFO::Fitting model to feature number 132, WJIZ01
2025-10-15 20:03:04.254237 INFO::Fitting model to feature number 133, WJKL01
2025-10-15 20:03:04.26035 INFO::Fitting model to feature number 134, WJKR01
2025-10-15 20:03:04.267612 INFO::Fitting model to feature number 135, WJKV01
2025-10-15 20:03:04.273501 INFO::Fitting model to feature number 136, WJKY01
2025-10-15 20:03:04.280078 INFO::Fitting model to feature number 137, Wolframiiraptoraceae
2025-10-15 20:03:04.30819 INFO::Counting total values for each feature
2025-10-15 20:03:04.319237 INFO::Writing filtered data to file E:/Python/MI_Analysis/metagenome/data_figures/filtered_data_1percent_change/MaAsLin2_family/archaea/features/filtered_data.tsv
2025-10-15 20:03:04.356779 INFO::Writing filtered, normalized data to file E:/Python/MI_Analysis/metagenome/data_figures/filtered_data_1percent_change/MaAsLin2_family/archaea/features/filtered_data_norm.tsv
2025-10-15 20:03:04.386624 INFO::Writing filtered, normalized, transformed data to file E:/Python/MI_Analysis/metagenome/data_figures/filtered_data_1percent_change/MaAsLin2_family/archaea/features/filtered_data_norm_transformed.tsv
2025-10-15 20:03:04.423849 WARNING::Deleting existing residuals file: E:/Python/MI_Analysis/metagenome/data_figures/filtered_data_1percent_change/MaAsLin2_family/archaea/fits/residuals.rds
2025-10-15 20:03:04.426324 INFO::Writing residuals to file E:/Python/MI_Analysis/metagenome/data_figures/filtered_data_1percent_change/MaAsLin2_family/archaea/fits/residuals.rds
2025-10-15 20:03:04.431734 WARNING::Deleting existing fitted file: E:/Python/MI_Analysis/metagenome/data_figures/filtered_data_1percent_change/MaAsLin2_family/archaea/fits/fitted.rds
2025-10-15 20:03:04.435275 INFO::Writing fitted values to file E:/Python/MI_Analysis/metagenome/data_figures/filtered_data_1percent_change/MaAsLin2_family/archaea/fits/fitted.rds
2025-10-15 20:03:04.439404 INFO::Writing all results to file (ordered by increasing q-values): E:/Python/MI_Analysis/metagenome/data_figures/filtered_data_1percent_change/MaAsLin2_family/archaea/all_results.tsv
2025-10-15 20:03:04.445836 INFO::Writing the significant results (those which are less than or equal to the threshold of 0.050000 ) to file (ordered by increasing q-values): E:/Python/MI_Analysis/metagenome/data_figures/filtered_data_1percent_change/MaAsLin2_family/archaea/significant_results.tsv
2025-10-15 20:03:04.449075 INFO::Writing heatmap of significant results to file: E:/Python/MI_Analysis/metagenome/data_figures/filtered_data_1percent_change/MaAsLin2_family/archaea/heatmap.pdf
2025-10-15 20:03:04.45212 INFO::Writing association plots (one for each significant association) to output folder: E:/Python/MI_Analysis/metagenome/data_figures/filtered_data_1percent_change/MaAsLin2_family/archaea
