2025-10-21 17:24:21.061772 INFO::Writing function arguments to log file
2025-10-21 17:24:21.075713 DEBUG::Function arguments
2025-10-21 17:24:21.086978 DEBUG::Input data file: E:/Python/MI_Analysis/metagenome/data_figures/p/MaAsLin2_OTU//virus_temp.tsv
2025-10-21 17:24:21.088327 DEBUG::Input metadata file: E:/Python/MI_Analysis/metagenome/data_figures/p/MaAsLin2_OTU//metadata_temp.tsv
2025-10-21 17:24:21.089535 DEBUG::Output folder: E:/Python/MI_Analysis/metagenome/data_figures/p/MaAsLin2_OTU//virus
2025-10-21 17:24:21.090782 DEBUG::Min Abundance: 0.000000
2025-10-21 17:24:21.092103 DEBUG::Min Prevalence: 0.100000
2025-10-21 17:24:21.093329 DEBUG::Normalization: TSS
2025-10-21 17:24:21.094452 DEBUG::Transform: LOG
2025-10-21 17:24:21.095858 DEBUG::Analysis method: LM
2025-10-21 17:24:21.097013 DEBUG::Max significance: 0.050000
2025-10-21 17:24:21.09843 DEBUG::Random effects:
2025-10-21 17:24:21.099772 DEBUG::Fixed effects: Group
2025-10-21 17:24:21.101386 DEBUG::Correction method: BH
2025-10-21 17:24:21.1028 DEBUG::Standardize: TRUE
2025-10-21 17:24:21.103957 DEBUG::Cores: 1
2025-10-21 17:24:21.105212 INFO::Verifying options selected are valid
2025-10-21 17:24:21.196655 INFO::Determining format of input files
2025-10-21 17:24:21.199729 INFO::Input format is data samples as columns and metadata samples as rows
2025-10-21 17:24:21.209183 DEBUG::Transformed data so samples are rows
2025-10-21 17:24:21.215309 DEBUG::A total of 84 samples were found in both the data and metadata
2025-10-21 17:24:21.216955 DEBUG::Reordering data/metadata to use same sample ordering
2025-10-21 17:24:21.232243 INFO::Formula for fixed effects: expr ~  Group
2025-10-21 17:24:21.235625 INFO::Filter data based on min abundance and min prevalence
2025-10-21 17:24:21.242749 INFO::Total samples in data: 84
2025-10-21 17:24:21.246095 INFO::Min samples required with min abundance for a feature not to be filtered: 8.400000
2025-10-21 17:24:21.273267 INFO::Total filtered features: 242
2025-10-21 17:24:21.276243 INFO::Filtered feature names from abundance and prevalence filtering: CON12__10597, CON12__4997, CON12__6696, CON12__736, CON13__89781, CON14__30364, CON14__425, CON14__52589, CON14__57241, CON14__58941, CON16__61291, CON16__63907, CON16__68982, CON16__9635, CON19__31750, CON1__686, CON1__95196, CON20__13596, CON20__16898, CON20__28508, CON20__56880, CON20__58190, CON20__58667, CON20__5873, CON21__11818, CON21__16403, CON21__34070, CON21__34868, CON21__68639, CON23__49005, CON23__51464, CON24__81848, CON24__94693, CON25__1296, CON25__3385, CON25__6185, CON25__9004, CON25__9050, CON26__41232, CON27__70557, CON28__7392, CON2__15943, CON2__42526, CON31__38803, CON31__58023, CON31__62388, CON32__61459, CON32__71748, CON33__37585, CON33__61189, CON33__94207, CON34__4775, CON37__39916, CON37__51896, CON3__82581, CON40__17605, CON40__33313, CON40__52649, CON40__54867, CON41__3010, CON42__62266, CON44__14349, CON44__55293, CON47__101924, CON47__104380, CON47__121174, CON47__46799, CON47__59632, CON4__102949, CON4__1324, CON4__38370, CON4__72206, CON5__47717, CON5__87562, CON5__97912, CON6__26991, CON6__36072, CON6__47390, CON6__47988, CON7__8720, CON8__101897, CON8__125541, CON8__132342, CON8__14812, CON8__45026, CON8__96192, CON9__11687, CON9__17118, CON9__22987, CON9__23146, CON9__829, HF11__101536, HF11__126827, HF11__130788, HF11__18905, HF11__30428, HF11__43275, HF13__104995, HF13__70081, HF13__85068, HF15__7129, HF17__20256, HF17__30059, HF17__69399, HF18__72032, HF19__22592, HF19__2924, HF19__61864, HF19__63786, HF1__57871, HF20__73575, HF22__17955, HF23__78266, HF24__23771, HF24__54364, HF24__56456, HF24__9597, HF25__34834, HF26__51300, HF26__54862, HF27__112454, HF27__44871, HF2__7313, HF31__66337, HF32__1884, HF32__22931, HF33__12692, HF33__56026, HF33__763, HF34__71555, HF34__81913, HF35__3326, HF35__39117, HF36__15726, HF39__15575, HF39__93194, HF40__11191, HF40__12848, HF41__64813, HF42__18019, HF42__32296, HF42__48754, HF42__5552, HF43__10038, HF44__100226, HF44__43542, HF44__43642, HF44__90164, HF45__10874, HF47__96862, HF4__13441, HF4__16385, HF4__27419, HF4__50507, HF4__53021, HF4__58978, HF4__62217, HF4__67229, HF4__70345, HF4__8647, HF5__63478, HF6__104980, HF6__40463, HF7__14502, HF7__52218, HF8__22521, MI10__14981, MI10__2658, MI10__31384, MI10__32140, MI10__32273, MI11__114612, MI11__52677, MI11__56029, MI11__56140, MI11__75317, MI11__96530, MI12__107157, MI12__108975, MI12__11118, MI12__117581, MI12__14548, MI12__25786, MI12__40333, MI12__44099, MI12__83855, MI14__96742, MI15__2009, MI15__3169, MI15__9101, MI16__10064, MI16__35877, MI17__11900, MI18__28313, MI18__31653, MI19__12441, MI19__19984, MI19__52494, MI19__53552, MI19__55273, MI19__9441, MI1__77968, MI24__4351, MI24__56704, MI25__26915, MI25__37719, MI27__29899, MI28__62880, MI2__105980, MI2__125868, MI2__23657, MI2__96112, MI31__68669, MI32__90862, MI32__91880, MI33__22895, MI34__30081, MI35__20020, MI38__28073, MI38__29224, MI3__8249, MI4__72552, MI4__75125, MI5__1313, MI5__133180, MI5__140801, MI5__166817, MI5__169770, MI5__175095, MI5__179219, MI5__200567, MI5__31508, MI5__92145, MI5__94905, MI6__75969, MI7__41990, MI7__8129, MI8__150706, MI8__172939, MI8__83183, MI8__94074, MI9__97028
2025-10-21 17:24:21.30575 INFO::Total filtered features with variance filtering: 0
2025-10-21 17:24:21.308371 INFO::Filtered feature names from variance filtering:
2025-10-21 17:24:21.3107 INFO::Running selected normalization method: TSS
2025-10-21 17:24:21.332686 INFO::Applying z-score to standardize continuous metadata
2025-10-21 17:24:21.358668 INFO::Running selected transform method: LOG
2025-10-21 17:24:21.3907 INFO::Running selected analysis method: LM
2025-10-21 17:24:21.414018 INFO::Fitting model to feature number 1, CON10__100995
2025-10-21 17:24:21.425757 INFO::Fitting model to feature number 2, CON10__39737
2025-10-21 17:24:21.431231 INFO::Fitting model to feature number 3, CON10__50551
2025-10-21 17:24:21.436709 INFO::Fitting model to feature number 4, CON10__92125
2025-10-21 17:24:21.442308 INFO::Fitting model to feature number 5, CON10__98555
2025-10-21 17:24:21.447883 INFO::Fitting model to feature number 6, CON11__19551
2025-10-21 17:24:21.453493 INFO::Fitting model to feature number 7, CON11__37005
2025-10-21 17:24:21.45922 INFO::Fitting model to feature number 8, CON11__48422
2025-10-21 17:24:21.465054 INFO::Fitting model to feature number 9, CON11__49985
2025-10-21 17:24:21.470863 INFO::Fitting model to feature number 10, CON11__65209
2025-10-21 17:24:21.476374 INFO::Fitting model to feature number 11, CON11__65258
2025-10-21 17:24:21.483137 INFO::Fitting model to feature number 12, CON12__11210
2025-10-21 17:24:21.488456 INFO::Fitting model to feature number 13, CON12__2605
2025-10-21 17:24:21.493775 INFO::Fitting model to feature number 14, CON12__5128
2025-10-21 17:24:21.499063 INFO::Fitting model to feature number 15, CON12__5412
2025-10-21 17:24:21.504794 INFO::Fitting model to feature number 16, CON12__6478
2025-10-21 17:24:21.510668 INFO::Fitting model to feature number 17, CON12__6999
2025-10-21 17:24:21.516038 INFO::Fitting model to feature number 18, CON12__7482
2025-10-21 17:24:21.521228 INFO::Fitting model to feature number 19, CON12__8214
2025-10-21 17:24:21.526644 INFO::Fitting model to feature number 20, CON13__115491
2025-10-21 17:24:21.531528 INFO::Fitting model to feature number 21, CON13__26081
2025-10-21 17:24:21.537057 INFO::Fitting model to feature number 22, CON13__53861
2025-10-21 17:24:21.542978 INFO::Fitting model to feature number 23, CON13__55650
2025-10-21 17:24:21.547881 INFO::Fitting model to feature number 24, CON13__58723
2025-10-21 17:24:21.553041 INFO::Fitting model to feature number 25, CON13__74433
2025-10-21 17:24:21.559386 INFO::Fitting model to feature number 26, CON13__77084
2025-10-21 17:24:21.564538 INFO::Fitting model to feature number 27, CON13__97958
2025-10-21 17:24:21.569404 INFO::Fitting model to feature number 28, CON14__23149
2025-10-21 17:24:21.575054 INFO::Fitting model to feature number 29, CON14__24666
2025-10-21 17:24:21.58047 INFO::Fitting model to feature number 30, CON14__2540
2025-10-21 17:24:21.585877 INFO::Fitting model to feature number 31, CON14__3290
2025-10-21 17:24:21.592007 INFO::Fitting model to feature number 32, CON14__3711
2025-10-21 17:24:21.597755 INFO::Fitting model to feature number 33, CON14__53546
2025-10-21 17:24:21.603546 INFO::Fitting model to feature number 34, CON14__58832
2025-10-21 17:24:21.608509 INFO::Fitting model to feature number 35, CON15__12288
2025-10-21 17:24:21.61356 INFO::Fitting model to feature number 36, CON15__32317
2025-10-21 17:24:21.618305 INFO::Fitting model to feature number 37, CON15__35922
2025-10-21 17:24:21.624203 INFO::Fitting model to feature number 38, CON15__44802
2025-10-21 17:24:21.629832 INFO::Fitting model to feature number 39, CON15__48694
2025-10-21 17:24:21.635563 INFO::Fitting model to feature number 40, CON15__52936
2025-10-21 17:24:21.640845 INFO::Fitting model to feature number 41, CON15__6223
2025-10-21 17:24:21.645968 INFO::Fitting model to feature number 42, CON15__70153
2025-10-21 17:24:21.651156 INFO::Fitting model to feature number 43, CON16__17092
2025-10-21 17:24:21.656238 INFO::Fitting model to feature number 44, CON16__18185
2025-10-21 17:24:21.662174 INFO::Fitting model to feature number 45, CON16__20412
2025-10-21 17:24:21.66784 INFO::Fitting model to feature number 46, CON16__2712
2025-10-21 17:24:21.674289 INFO::Fitting model to feature number 47, CON16__27821
2025-10-21 17:24:21.684027 INFO::Fitting model to feature number 48, CON16__31626
2025-10-21 17:24:21.693093 INFO::Fitting model to feature number 49, CON16__50320
2025-10-21 17:24:21.700722 INFO::Fitting model to feature number 50, CON16__57444
2025-10-21 17:24:21.707915 INFO::Fitting model to feature number 51, CON16__60662
2025-10-21 17:24:21.716723 INFO::Fitting model to feature number 52, CON16__68738
2025-10-21 17:24:21.722593 INFO::Fitting model to feature number 53, CON16__70252
2025-10-21 17:24:21.728216 INFO::Fitting model to feature number 54, CON16__72310
2025-10-21 17:24:21.733617 INFO::Fitting model to feature number 55, CON16__8399
2025-10-21 17:24:21.739425 INFO::Fitting model to feature number 56, CON17__14047
2025-10-21 17:24:21.743987 INFO::Fitting model to feature number 57, CON17__23029
2025-10-21 17:24:21.748961 INFO::Fitting model to feature number 58, CON17__34470
2025-10-21 17:24:21.754748 INFO::Fitting model to feature number 59, CON17__38145
2025-10-21 17:24:21.760871 INFO::Fitting model to feature number 60, CON17__3848
2025-10-21 17:24:21.766185 INFO::Fitting model to feature number 61, CON17__51038
2025-10-21 17:24:21.771834 INFO::Fitting model to feature number 62, CON18__101000
2025-10-21 17:24:21.777629 INFO::Fitting model to feature number 63, CON18__27668
2025-10-21 17:24:21.782693 INFO::Fitting model to feature number 64, CON18__55516
2025-10-21 17:24:21.788635 INFO::Fitting model to feature number 65, CON18__63097
2025-10-21 17:24:21.794818 INFO::Fitting model to feature number 66, CON18__73663
2025-10-21 17:24:21.80005 INFO::Fitting model to feature number 67, CON18__80773
2025-10-21 17:24:21.805116 INFO::Fitting model to feature number 68, CON18__8368
2025-10-21 17:24:21.810034 INFO::Fitting model to feature number 69, CON18__96477
2025-10-21 17:24:21.816412 INFO::Fitting model to feature number 70, CON19__12923
2025-10-21 17:24:21.822447 INFO::Fitting model to feature number 71, CON19__26976
2025-10-21 17:24:21.827367 INFO::Fitting model to feature number 72, CON19__30606
2025-10-21 17:24:21.832376 INFO::Fitting model to feature number 73, CON19__33387
2025-10-21 17:24:21.838766 INFO::Fitting model to feature number 74, CON19__34020
2025-10-21 17:24:21.843651 INFO::Fitting model to feature number 75, CON19__43919
2025-10-21 17:24:21.848141 INFO::Fitting model to feature number 76, CON1__111530
2025-10-21 17:24:21.853296 INFO::Fitting model to feature number 77, CON1__11518
2025-10-21 17:24:21.858791 INFO::Fitting model to feature number 78, CON1__117871
2025-10-21 17:24:21.864843 INFO::Fitting model to feature number 79, CON1__132483
2025-10-21 17:24:21.900689 INFO::Fitting model to feature number 80, CON1__136887
2025-10-21 17:24:21.905468 INFO::Fitting model to feature number 81, CON1__141657
2025-10-21 17:24:21.910252 INFO::Fitting model to feature number 82, CON1__142396
2025-10-21 17:24:21.915852 INFO::Fitting model to feature number 83, CON1__27299
2025-10-21 17:24:21.92119 INFO::Fitting model to feature number 84, CON1__61877
2025-10-21 17:24:21.92642 INFO::Fitting model to feature number 85, CON1__65958
2025-10-21 17:24:21.93259 INFO::Fitting model to feature number 86, CON1__96655
2025-10-21 17:24:21.937787 INFO::Fitting model to feature number 87, CON20__10562
2025-10-21 17:24:21.942489 INFO::Fitting model to feature number 88, CON20__13372
2025-10-21 17:24:21.947748 INFO::Fitting model to feature number 89, CON20__19241
2025-10-21 17:24:21.952929 INFO::Fitting model to feature number 90, CON20__34635
2025-10-21 17:24:21.958121 INFO::Fitting model to feature number 91, CON20__38131
2025-10-21 17:24:21.964674 INFO::Fitting model to feature number 92, CON20__41630
2025-10-21 17:24:21.969508 INFO::Fitting model to feature number 93, CON20__8042
2025-10-21 17:24:21.974562 INFO::Fitting model to feature number 94, CON21__112728
2025-10-21 17:24:21.979328 INFO::Fitting model to feature number 95, CON21__15665
2025-10-21 17:24:21.984174 INFO::Fitting model to feature number 96, CON21__30995
2025-10-21 17:24:21.988874 INFO::Fitting model to feature number 97, CON21__34526
2025-10-21 17:24:21.995078 INFO::Fitting model to feature number 98, CON21__41016
2025-10-21 17:24:21.999834 INFO::Fitting model to feature number 99, CON21__43747
2025-10-21 17:24:22.005115 INFO::Fitting model to feature number 100, CON21__46687
2025-10-21 17:24:22.01009 INFO::Fitting model to feature number 101, CON21__59385
2025-10-21 17:24:22.017804 INFO::Fitting model to feature number 102, CON21__77690
2025-10-21 17:24:22.02674 INFO::Fitting model to feature number 103, CON22__10666
2025-10-21 17:24:22.034338 INFO::Fitting model to feature number 104, CON22__1448
2025-10-21 17:24:22.040004 INFO::Fitting model to feature number 105, CON22__28590
2025-10-21 17:24:22.044938 INFO::Fitting model to feature number 106, CON22__33858
2025-10-21 17:24:22.050605 INFO::Fitting model to feature number 107, CON22__33912
2025-10-21 17:24:22.05595 INFO::Fitting model to feature number 108, CON22__38348
2025-10-21 17:24:22.060929 INFO::Fitting model to feature number 109, CON22__4126
2025-10-21 17:24:22.065896 INFO::Fitting model to feature number 110, CON22__50830
2025-10-21 17:24:22.071944 INFO::Fitting model to feature number 111, CON22__64406
2025-10-21 17:24:22.076928 INFO::Fitting model to feature number 112, CON22__68813
2025-10-21 17:24:22.081342 INFO::Fitting model to feature number 113, CON22__70334
2025-10-21 17:24:22.085769 INFO::Fitting model to feature number 114, CON22__72323
2025-10-21 17:24:22.090011 INFO::Fitting model to feature number 115, CON22__74353
2025-10-21 17:24:22.094177 INFO::Fitting model to feature number 116, CON23__18405
2025-10-21 17:24:22.098347 INFO::Fitting model to feature number 117, CON23__22925
2025-10-21 17:24:22.102364 INFO::Fitting model to feature number 118, CON23__32221
2025-10-21 17:24:22.106151 INFO::Fitting model to feature number 119, CON23__39006
2025-10-21 17:24:22.109723 INFO::Fitting model to feature number 120, CON23__44697
2025-10-21 17:24:22.11366 INFO::Fitting model to feature number 121, CON23__59752
2025-10-21 17:24:22.117892 INFO::Fitting model to feature number 122, CON23__7481
2025-10-21 17:24:22.122079 INFO::Fitting model to feature number 123, CON23__9113
2025-10-21 17:24:22.126445 INFO::Fitting model to feature number 124, CON24__104082
2025-10-21 17:24:22.131083 INFO::Fitting model to feature number 125, CON24__18379
2025-10-21 17:24:22.135792 INFO::Fitting model to feature number 126, CON24__21130
2025-10-21 17:24:22.140218 INFO::Fitting model to feature number 127, CON24__35132
2025-10-21 17:24:22.14442 INFO::Fitting model to feature number 128, CON24__49185
2025-10-21 17:24:22.148768 INFO::Fitting model to feature number 129, CON24__67436
2025-10-21 17:24:22.153068 INFO::Fitting model to feature number 130, CON25__12111
2025-10-21 17:24:22.157482 INFO::Fitting model to feature number 131, CON25__12510
2025-10-21 17:24:22.162104 INFO::Fitting model to feature number 132, CON25__13805
2025-10-21 17:24:22.166716 INFO::Fitting model to feature number 133, CON25__7396
2025-10-21 17:24:22.171314 INFO::Fitting model to feature number 134, CON25__8978
2025-10-21 17:24:22.175654 INFO::Fitting model to feature number 135, CON25__9997
2025-10-21 17:24:22.179995 INFO::Fitting model to feature number 136, CON26__17032
2025-10-21 17:24:22.184369 INFO::Fitting model to feature number 137, CON26__22847
2025-10-21 17:24:22.188768 INFO::Fitting model to feature number 138, CON26__36901
2025-10-21 17:24:22.193557 INFO::Fitting model to feature number 139, CON26__47598
2025-10-21 17:24:22.198237 INFO::Fitting model to feature number 140, CON27__12478
2025-10-21 17:24:22.202979 INFO::Fitting model to feature number 141, CON27__20601
2025-10-21 17:24:22.207066 INFO::Fitting model to feature number 142, CON27__41358
2025-10-21 17:24:22.211815 INFO::Fitting model to feature number 143, CON27__46332
2025-10-21 17:24:22.216347 INFO::Fitting model to feature number 144, CON27__49361
2025-10-21 17:24:22.220626 INFO::Fitting model to feature number 145, CON27__67231
2025-10-21 17:24:22.224769 INFO::Fitting model to feature number 146, CON27__77841
2025-10-21 17:24:22.228628 INFO::Fitting model to feature number 147, CON27__8921
2025-10-21 17:24:22.232599 INFO::Fitting model to feature number 148, CON28__14249
2025-10-21 17:24:22.236679 INFO::Fitting model to feature number 149, CON28__38958
2025-10-21 17:24:22.240629 INFO::Fitting model to feature number 150, CON28__41275
2025-10-21 17:24:22.244466 INFO::Fitting model to feature number 151, CON28__57428
2025-10-21 17:24:22.248147 INFO::Fitting model to feature number 152, CON28__9798
2025-10-21 17:24:22.252359 INFO::Fitting model to feature number 153, CON29__15497
2025-10-21 17:24:22.256852 INFO::Fitting model to feature number 154, CON29__35714
2025-10-21 17:24:22.26133 INFO::Fitting model to feature number 155, CON29__5208
2025-10-21 17:24:22.265329 INFO::Fitting model to feature number 156, CON2__13513
2025-10-21 17:24:22.269056 INFO::Fitting model to feature number 157, CON2__3037
2025-10-21 17:24:22.274413 INFO::Fitting model to feature number 158, CON2__39371
2025-10-21 17:24:22.27852 INFO::Fitting model to feature number 159, CON2__60751
2025-10-21 17:24:22.28253 INFO::Fitting model to feature number 160, CON2__63905
2025-10-21 17:24:22.286558 INFO::Fitting model to feature number 161, CON2__65684
2025-10-21 17:24:22.290394 INFO::Fitting model to feature number 162, CON2__70037
2025-10-21 17:24:22.294446 INFO::Fitting model to feature number 163, CON2__9349
2025-10-21 17:24:22.298352 INFO::Fitting model to feature number 164, CON30__101066
2025-10-21 17:24:22.3026 INFO::Fitting model to feature number 165, CON30__104121
2025-10-21 17:24:22.30705 INFO::Fitting model to feature number 166, CON30__106370
2025-10-21 17:24:22.311185 INFO::Fitting model to feature number 167, CON30__106949
2025-10-21 17:24:22.315454 INFO::Fitting model to feature number 168, CON30__117671
2025-10-21 17:24:22.319646 INFO::Fitting model to feature number 169, CON30__21220
2025-10-21 17:24:22.323629 INFO::Fitting model to feature number 170, CON30__57661
2025-10-21 17:24:22.32764 INFO::Fitting model to feature number 171, CON30__65002
2025-10-21 17:24:22.332098 INFO::Fitting model to feature number 172, CON30__78830
2025-10-21 17:24:22.336475 INFO::Fitting model to feature number 173, CON30__78872
2025-10-21 17:24:22.340487 INFO::Fitting model to feature number 174, CON30__87665
2025-10-21 17:24:22.344766 INFO::Fitting model to feature number 175, CON31__23658
2025-10-21 17:24:22.348316 INFO::Fitting model to feature number 176, CON31__23895
2025-10-21 17:24:22.352796 INFO::Fitting model to feature number 177, CON31__27408
2025-10-21 17:24:22.360606 INFO::Fitting model to feature number 178, CON31__28979
2025-10-21 17:24:22.367236 INFO::Fitting model to feature number 179, CON31__31246
2025-10-21 17:24:22.373907 INFO::Fitting model to feature number 180, CON31__37496
2025-10-21 17:24:22.379107 INFO::Fitting model to feature number 181, CON31__38802
2025-10-21 17:24:22.383156 INFO::Fitting model to feature number 182, CON31__45639
2025-10-21 17:24:22.387254 INFO::Fitting model to feature number 183, CON31__4943
2025-10-21 17:24:22.392972 INFO::Fitting model to feature number 184, CON31__50923
2025-10-21 17:24:22.398273 INFO::Fitting model to feature number 185, CON31__541
2025-10-21 17:24:22.403044 INFO::Fitting model to feature number 186, CON31__66860
2025-10-21 17:24:22.407112 INFO::Fitting model to feature number 187, CON31__67474
2025-10-21 17:24:22.411591 INFO::Fitting model to feature number 188, CON31__912
2025-10-21 17:24:22.416136 INFO::Fitting model to feature number 189, CON31__9584
2025-10-21 17:24:22.420495 INFO::Fitting model to feature number 190, CON32__13019
2025-10-21 17:24:22.424777 INFO::Fitting model to feature number 191, CON32__14322
2025-10-21 17:24:22.429014 INFO::Fitting model to feature number 192, CON32__19720
2025-10-21 17:24:22.43407 INFO::Fitting model to feature number 193, CON32__22342
2025-10-21 17:24:22.437901 INFO::Fitting model to feature number 194, CON32__25400
2025-10-21 17:24:22.442266 INFO::Fitting model to feature number 195, CON32__30458
2025-10-21 17:24:22.446562 INFO::Fitting model to feature number 196, CON32__35763
2025-10-21 17:24:22.450977 INFO::Fitting model to feature number 197, CON32__4300
2025-10-21 17:24:22.455514 INFO::Fitting model to feature number 198, CON32__46420
2025-10-21 17:24:22.460169 INFO::Fitting model to feature number 199, CON32__54229
2025-10-21 17:24:22.464161 INFO::Fitting model to feature number 200, CON32__56105
2025-10-21 17:24:22.467743 INFO::Fitting model to feature number 201, CON32__56929
2025-10-21 17:24:22.471651 INFO::Fitting model to feature number 202, CON32__62268
2025-10-21 17:24:22.476342 INFO::Fitting model to feature number 203, CON32__67931
2025-10-21 17:24:22.480389 INFO::Fitting model to feature number 204, CON32__69345
2025-10-21 17:24:22.484676 INFO::Fitting model to feature number 205, CON32__7499
2025-10-21 17:24:22.489173 INFO::Fitting model to feature number 206, CON32__75016
2025-10-21 17:24:22.494553 INFO::Fitting model to feature number 207, CON32__78058
2025-10-21 17:24:22.499137 INFO::Fitting model to feature number 208, CON32__82194
2025-10-21 17:24:22.503457 INFO::Fitting model to feature number 209, CON32__84218
2025-10-21 17:24:22.507945 INFO::Fitting model to feature number 210, CON32__8800
2025-10-21 17:24:22.513008 INFO::Fitting model to feature number 211, CON32__94613
2025-10-21 17:24:22.517709 INFO::Fitting model to feature number 212, CON33__109083
2025-10-21 17:24:22.522303 INFO::Fitting model to feature number 213, CON33__12229
2025-10-21 17:24:22.526522 INFO::Fitting model to feature number 214, CON33__124236
2025-10-21 17:24:22.530837 INFO::Fitting model to feature number 215, CON33__3382
2025-10-21 17:24:22.535389 INFO::Fitting model to feature number 216, CON33__40852
2025-10-21 17:24:22.540048 INFO::Fitting model to feature number 217, CON33__61023
2025-10-21 17:24:22.543774 INFO::Fitting model to feature number 218, CON33__84611
2025-10-21 17:24:22.547649 INFO::Fitting model to feature number 219, CON33__92210
2025-10-21 17:24:22.552086 INFO::Fitting model to feature number 220, CON34__10987
2025-10-21 17:24:22.556731 INFO::Fitting model to feature number 221, CON34__14213
2025-10-21 17:24:22.560829 INFO::Fitting model to feature number 222, CON34__1623
2025-10-21 17:24:22.564976 INFO::Fitting model to feature number 223, CON34__19403
2025-10-21 17:24:22.569317 INFO::Fitting model to feature number 224, CON34__2332
2025-10-21 17:24:22.574186 INFO::Fitting model to feature number 225, CON34__27319
2025-10-21 17:24:22.57879 INFO::Fitting model to feature number 226, CON34__28712
2025-10-21 17:24:22.582807 INFO::Fitting model to feature number 227, CON34__33096
2025-10-21 17:24:22.586647 INFO::Fitting model to feature number 228, CON34__473
2025-10-21 17:24:22.590889 INFO::Fitting model to feature number 229, CON34__670
2025-10-21 17:24:22.59506 INFO::Fitting model to feature number 230, CON34__8347
2025-10-21 17:24:22.598878 INFO::Fitting model to feature number 231, CON35__11171
2025-10-21 17:24:22.603166 INFO::Fitting model to feature number 232, CON35__16446
2025-10-21 17:24:22.607504 INFO::Fitting model to feature number 233, CON35__22276
2025-10-21 17:24:22.611816 INFO::Fitting model to feature number 234, CON35__22906
2025-10-21 17:24:22.616332 INFO::Fitting model to feature number 235, CON35__41386
2025-10-21 17:24:22.620569 INFO::Fitting model to feature number 236, CON35__4200
2025-10-21 17:24:22.624986 INFO::Fitting model to feature number 237, CON35__42156
2025-10-21 17:24:22.630377 INFO::Fitting model to feature number 238, CON35__43183
2025-10-21 17:24:22.635227 INFO::Fitting model to feature number 239, CON35__47811
2025-10-21 17:24:22.63981 INFO::Fitting model to feature number 240, CON35__48136
2025-10-21 17:24:22.643961 INFO::Fitting model to feature number 241, CON35__50118
2025-10-21 17:24:22.648033 INFO::Fitting model to feature number 242, CON35__5024
2025-10-21 17:24:22.652965 INFO::Fitting model to feature number 243, CON35__60910
2025-10-21 17:24:22.658526 INFO::Fitting model to feature number 244, CON35__7412
2025-10-21 17:24:22.669306 INFO::Fitting model to feature number 245, CON36__19213
2025-10-21 17:24:22.676117 INFO::Fitting model to feature number 246, CON36__20695
2025-10-21 17:24:22.681412 INFO::Fitting model to feature number 247, CON36__22016
2025-10-21 17:24:22.686173 INFO::Fitting model to feature number 248, CON36__49641
2025-10-21 17:24:22.691036 INFO::Fitting model to feature number 249, CON36__56259
2025-10-21 17:24:22.696724 INFO::Fitting model to feature number 250, CON36__86234
2025-10-21 17:24:22.700826 INFO::Fitting model to feature number 251, CON36__87622
2025-10-21 17:24:22.705256 INFO::Fitting model to feature number 252, CON36__87831
2025-10-21 17:24:22.710388 INFO::Fitting model to feature number 253, CON36__9415
2025-10-21 17:24:22.716037 INFO::Fitting model to feature number 254, CON37__18567
2025-10-21 17:24:22.720105 INFO::Fitting model to feature number 255, CON37__50499
2025-10-21 17:24:22.724384 INFO::Fitting model to feature number 256, CON37__53611
2025-10-21 17:24:22.728132 INFO::Fitting model to feature number 257, CON37__64722
2025-10-21 17:24:22.732164 INFO::Fitting model to feature number 258, CON37__73069
2025-10-21 17:24:22.735934 INFO::Fitting model to feature number 259, CON37__93791
2025-10-21 17:24:22.739914 INFO::Fitting model to feature number 260, CON37__97482
2025-10-21 17:24:22.743711 INFO::Fitting model to feature number 261, CON38__16154
2025-10-21 17:24:22.747533 INFO::Fitting model to feature number 262, CON38__39431
2025-10-21 17:24:22.751462 INFO::Fitting model to feature number 263, CON38__44243
2025-10-21 17:24:22.755581 INFO::Fitting model to feature number 264, CON38__45185
2025-10-21 17:24:22.759915 INFO::Fitting model to feature number 265, CON38__52038
2025-10-21 17:24:22.76387 INFO::Fitting model to feature number 266, CON38__54801
2025-10-21 17:24:22.76791 INFO::Fitting model to feature number 267, CON38__62566
2025-10-21 17:24:22.772183 INFO::Fitting model to feature number 268, CON38__64675
2025-10-21 17:24:22.776363 INFO::Fitting model to feature number 269, CON38__69394
2025-10-21 17:24:22.780766 INFO::Fitting model to feature number 270, CON39__17826
2025-10-21 17:24:22.78556 INFO::Fitting model to feature number 271, CON39__20358
2025-10-21 17:24:22.790663 INFO::Fitting model to feature number 272, CON39__22688
2025-10-21 17:24:22.795923 INFO::Fitting model to feature number 273, CON39__26633
2025-10-21 17:24:22.799993 INFO::Fitting model to feature number 274, CON39__31285
2025-10-21 17:24:22.804167 INFO::Fitting model to feature number 275, CON39__46140
2025-10-21 17:24:22.808432 INFO::Fitting model to feature number 276, CON39__52591
2025-10-21 17:24:22.812345 INFO::Fitting model to feature number 277, CON39__56582
2025-10-21 17:24:22.817698 INFO::Fitting model to feature number 278, CON3__5846
2025-10-21 17:24:22.822304 INFO::Fitting model to feature number 279, CON3__66021
2025-10-21 17:24:22.826519 INFO::Fitting model to feature number 280, CON40__25096
2025-10-21 17:24:22.830509 INFO::Fitting model to feature number 281, CON40__31341
2025-10-21 17:24:22.835253 INFO::Fitting model to feature number 282, CON40__34551
2025-10-21 17:24:22.8395 INFO::Fitting model to feature number 283, CON40__36816
2025-10-21 17:24:22.843905 INFO::Fitting model to feature number 284, CON40__43317
2025-10-21 17:24:22.847794 INFO::Fitting model to feature number 285, CON40__4915
2025-10-21 17:24:22.851615 INFO::Fitting model to feature number 286, CON40__5035
2025-10-21 17:24:22.856104 INFO::Fitting model to feature number 287, CON40__524
2025-10-21 17:24:22.860334 INFO::Fitting model to feature number 288, CON41__11154
2025-10-21 17:24:22.86487 INFO::Fitting model to feature number 289, CON41__15702
2025-10-21 17:24:22.868613 INFO::Fitting model to feature number 290, CON41__27547
2025-10-21 17:24:22.872643 INFO::Fitting model to feature number 291, CON41__47405
2025-10-21 17:24:22.876775 INFO::Fitting model to feature number 292, CON41__50392
2025-10-21 17:24:22.880682 INFO::Fitting model to feature number 293, CON41__6469
2025-10-21 17:24:22.884789 INFO::Fitting model to feature number 294, CON41__65818
2025-10-21 17:24:22.889094 INFO::Fitting model to feature number 295, CON42__18473
2025-10-21 17:24:22.893253 INFO::Fitting model to feature number 296, CON42__37720
2025-10-21 17:24:22.897584 INFO::Fitting model to feature number 297, CON42__5989
2025-10-21 17:24:22.902318 INFO::Fitting model to feature number 298, CON42__66103
2025-10-21 17:24:22.906961 INFO::Fitting model to feature number 299, CON43__10718
2025-10-21 17:24:22.911246 INFO::Fitting model to feature number 300, CON43__20630
2025-10-21 17:24:22.915156 INFO::Fitting model to feature number 301, CON43__47797
2025-10-21 17:24:22.918788 INFO::Fitting model to feature number 302, CON43__49144
2025-10-21 17:24:22.922711 INFO::Fitting model to feature number 303, CON43__53367
2025-10-21 17:24:22.926631 INFO::Fitting model to feature number 304, CON43__63843
2025-10-21 17:24:22.930506 INFO::Fitting model to feature number 305, CON43__741
2025-10-21 17:24:22.934651 INFO::Fitting model to feature number 306, CON43__79380
2025-10-21 17:24:22.940216 INFO::Fitting model to feature number 307, CON43__8036
2025-10-21 17:24:22.948644 INFO::Fitting model to feature number 308, CON43__9063
2025-10-21 17:24:22.955375 INFO::Fitting model to feature number 309, CON44__29119
2025-10-21 17:24:22.962445 INFO::Fitting model to feature number 310, CON44__30680
2025-10-21 17:24:22.966868 INFO::Fitting model to feature number 311, CON44__34575
2025-10-21 17:24:22.971279 INFO::Fitting model to feature number 312, CON44__73004
2025-10-21 17:24:22.978015 INFO::Fitting model to feature number 313, CON45__3141
2025-10-21 17:24:22.983627 INFO::Fitting model to feature number 314, CON45__37400
2025-10-21 17:24:22.987914 INFO::Fitting model to feature number 315, CON45__6963
2025-10-21 17:24:22.99281 INFO::Fitting model to feature number 316, CON46__15264
2025-10-21 17:24:22.997663 INFO::Fitting model to feature number 317, CON46__17762
2025-10-21 17:24:23.003701 INFO::Fitting model to feature number 318, CON46__25222
2025-10-21 17:24:23.008508 INFO::Fitting model to feature number 319, CON46__28069
2025-10-21 17:24:23.0128 INFO::Fitting model to feature number 320, CON46__36231
2025-10-21 17:24:23.016725 INFO::Fitting model to feature number 321, CON46__4000
2025-10-21 17:24:23.022838 INFO::Fitting model to feature number 322, CON46__51291
2025-10-21 17:24:23.027751 INFO::Fitting model to feature number 323, CON46__69444
2025-10-21 17:24:23.032163 INFO::Fitting model to feature number 324, CON47__114212
2025-10-21 17:24:23.037179 INFO::Fitting model to feature number 325, CON47__115041
2025-10-21 17:24:23.041933 INFO::Fitting model to feature number 326, CON47__18512
2025-10-21 17:24:23.047009 INFO::Fitting model to feature number 327, CON47__27358
2025-10-21 17:24:23.051809 INFO::Fitting model to feature number 328, CON47__55298
2025-10-21 17:24:23.056564 INFO::Fitting model to feature number 329, CON47__55906
2025-10-21 17:24:23.061703 INFO::Fitting model to feature number 330, CON47__62915
2025-10-21 17:24:23.067584 INFO::Fitting model to feature number 331, CON47__66166
2025-10-21 17:24:23.072826 INFO::Fitting model to feature number 332, CON47__68241
2025-10-21 17:24:23.077733 INFO::Fitting model to feature number 333, CON47__69180
2025-10-21 17:24:23.083374 INFO::Fitting model to feature number 334, CON47__72923
2025-10-21 17:24:23.088461 INFO::Fitting model to feature number 335, CON47__75632
2025-10-21 17:24:23.092837 INFO::Fitting model to feature number 336, CON47__7973
2025-10-21 17:24:23.0982 INFO::Fitting model to feature number 337, CON47__83914
2025-10-21 17:24:23.103429 INFO::Fitting model to feature number 338, CON4__10543
2025-10-21 17:24:23.109299 INFO::Fitting model to feature number 339, CON4__17308
2025-10-21 17:24:23.114417 INFO::Fitting model to feature number 340, CON4__18387
2025-10-21 17:24:23.119306 INFO::Fitting model to feature number 341, CON4__50221
2025-10-21 17:24:23.124296 INFO::Fitting model to feature number 342, CON4__55923
2025-10-21 17:24:23.129528 INFO::Fitting model to feature number 343, CON4__67835
2025-10-21 17:24:23.135262 INFO::Fitting model to feature number 344, CON4__69560
2025-10-21 17:24:23.140271 INFO::Fitting model to feature number 345, CON4__70404
2025-10-21 17:24:23.14529 INFO::Fitting model to feature number 346, CON4__70966
2025-10-21 17:24:23.150655 INFO::Fitting model to feature number 347, CON4__81731
2025-10-21 17:24:23.155895 INFO::Fitting model to feature number 348, CON4__8492
2025-10-21 17:24:23.160982 INFO::Fitting model to feature number 349, CON4__94670
2025-10-21 17:24:23.165893 INFO::Fitting model to feature number 350, CON5__103695
2025-10-21 17:24:23.170996 INFO::Fitting model to feature number 351, CON5__16522
2025-10-21 17:24:23.176849 INFO::Fitting model to feature number 352, CON5__47741
2025-10-21 17:24:23.181999 INFO::Fitting model to feature number 353, CON5__79537
2025-10-21 17:24:23.187118 INFO::Fitting model to feature number 354, CON5__84202
2025-10-21 17:24:23.1928 INFO::Fitting model to feature number 355, CON5__88009
2025-10-21 17:24:23.197363 INFO::Fitting model to feature number 356, CON5__89029
2025-10-21 17:24:23.203656 INFO::Fitting model to feature number 357, CON5__96912
2025-10-21 17:24:23.208702 INFO::Fitting model to feature number 358, CON6__11618
2025-10-21 17:24:23.21618 INFO::Fitting model to feature number 359, CON6__17303
2025-10-21 17:24:23.227118 INFO::Fitting model to feature number 360, CON6__19430
2025-10-21 17:24:23.23503 INFO::Fitting model to feature number 361, CON6__20144
2025-10-21 17:24:23.240564 INFO::Fitting model to feature number 362, CON6__21448
2025-10-21 17:24:23.246205 INFO::Fitting model to feature number 363, CON6__2626
2025-10-21 17:24:23.270002 INFO::Fitting model to feature number 364, CON6__32359
2025-10-21 17:24:23.274117 INFO::Fitting model to feature number 365, CON6__49121
2025-10-21 17:24:23.278531 INFO::Fitting model to feature number 366, CON6__49464
2025-10-21 17:24:23.282728 INFO::Fitting model to feature number 367, CON7__10911
2025-10-21 17:24:23.286628 INFO::Fitting model to feature number 368, CON8__118594
2025-10-21 17:24:23.290993 INFO::Fitting model to feature number 369, CON8__139056
2025-10-21 17:24:23.295846 INFO::Fitting model to feature number 370, CON8__152901
2025-10-21 17:24:23.300334 INFO::Fitting model to feature number 371, CON8__23141
2025-10-21 17:24:23.305973 INFO::Fitting model to feature number 372, CON8__3557
2025-10-21 17:24:23.311039 INFO::Fitting model to feature number 373, CON8__87818
2025-10-21 17:24:23.315571 INFO::Fitting model to feature number 374, CON9__3440
2025-10-21 17:24:23.321581 INFO::Fitting model to feature number 375, CON9__5345
2025-10-21 17:24:23.328181 INFO::Fitting model to feature number 376, HF10__12342
2025-10-21 17:24:23.332905 INFO::Fitting model to feature number 377, HF10__21020
2025-10-21 17:24:23.337891 INFO::Fitting model to feature number 378, HF10__22296
2025-10-21 17:24:23.342121 INFO::Fitting model to feature number 379, HF10__24733
2025-10-21 17:24:23.346956 INFO::Fitting model to feature number 380, HF10__25132
2025-10-21 17:24:23.352668 INFO::Fitting model to feature number 381, HF10__37128
2025-10-21 17:24:23.358024 INFO::Fitting model to feature number 382, HF10__58349
2025-10-21 17:24:23.365066 INFO::Fitting model to feature number 383, HF10__7620
2025-10-21 17:24:23.369419 INFO::Fitting model to feature number 384, HF11__101063
2025-10-21 17:24:23.373408 INFO::Fitting model to feature number 385, HF11__113757
2025-10-21 17:24:23.378421 INFO::Fitting model to feature number 386, HF11__24370
2025-10-21 17:24:23.38321 INFO::Fitting model to feature number 387, HF11__28010
2025-10-21 17:24:23.388364 INFO::Fitting model to feature number 388, HF11__35397
2025-10-21 17:24:23.393234 INFO::Fitting model to feature number 389, HF11__37751
2025-10-21 17:24:23.397412 INFO::Fitting model to feature number 390, HF11__38182
2025-10-21 17:24:23.402844 INFO::Fitting model to feature number 391, HF11__42141
2025-10-21 17:24:23.407755 INFO::Fitting model to feature number 392, HF11__53881
2025-10-21 17:24:23.413073 INFO::Fitting model to feature number 393, HF11__55109
2025-10-21 17:24:23.417168 INFO::Fitting model to feature number 394, HF11__6650
2025-10-21 17:24:23.421548 INFO::Fitting model to feature number 395, HF11__67263
2025-10-21 17:24:23.426855 INFO::Fitting model to feature number 396, HF11__69828
2025-10-21 17:24:23.431598 INFO::Fitting model to feature number 397, HF11__70977
2025-10-21 17:24:23.437111 INFO::Fitting model to feature number 398, HF11__7762
2025-10-21 17:24:23.442733 INFO::Fitting model to feature number 399, HF11__80439
2025-10-21 17:24:23.447744 INFO::Fitting model to feature number 400, HF11__83897
2025-10-21 17:24:23.452346 INFO::Fitting model to feature number 401, HF11__8521
2025-10-21 17:24:23.456776 INFO::Fitting model to feature number 402, HF11__89600
2025-10-21 17:24:23.460983 INFO::Fitting model to feature number 403, HF12__125738
2025-10-21 17:24:23.465083 INFO::Fitting model to feature number 404, HF12__34110
2025-10-21 17:24:23.470069 INFO::Fitting model to feature number 405, HF12__35740
2025-10-21 17:24:23.474224 INFO::Fitting model to feature number 406, HF12__46308
2025-10-21 17:24:23.485207 INFO::Fitting model to feature number 407, HF12__46700
2025-10-21 17:24:23.491233 INFO::Fitting model to feature number 408, HF12__57478
2025-10-21 17:24:23.498291 INFO::Fitting model to feature number 409, HF13__133124
2025-10-21 17:24:23.503154 INFO::Fitting model to feature number 410, HF13__61743
2025-10-21 17:24:23.507581 INFO::Fitting model to feature number 411, HF14__25005
2025-10-21 17:24:23.512102 INFO::Fitting model to feature number 412, HF14__26829
2025-10-21 17:24:23.516987 INFO::Fitting model to feature number 413, HF14__43323
2025-10-21 17:24:23.523749 INFO::Fitting model to feature number 414, HF14__59942
2025-10-21 17:24:23.528557 INFO::Fitting model to feature number 415, HF14__6066
2025-10-21 17:24:23.533096 INFO::Fitting model to feature number 416, HF14__66792
2025-10-21 17:24:23.538189 INFO::Fitting model to feature number 417, HF14__72355
2025-10-21 17:24:23.542848 INFO::Fitting model to feature number 418, HF14__82474
2025-10-21 17:24:23.547577 INFO::Fitting model to feature number 419, HF15__106362
2025-10-21 17:24:23.551472 INFO::Fitting model to feature number 420, HF15__19544
2025-10-21 17:24:23.555704 INFO::Fitting model to feature number 421, HF15__23649
2025-10-21 17:24:23.561117 INFO::Fitting model to feature number 422, HF15__52767
2025-10-21 17:24:23.56564 INFO::Fitting model to feature number 423, HF15__60652
2025-10-21 17:24:23.569849 INFO::Fitting model to feature number 424, HF15__78242
2025-10-21 17:24:23.574241 INFO::Fitting model to feature number 425, HF15__8383
2025-10-21 17:24:23.578536 INFO::Fitting model to feature number 426, HF15__93477
2025-10-21 17:24:23.583069 INFO::Fitting model to feature number 427, HF15__94314
2025-10-21 17:24:23.588175 INFO::Fitting model to feature number 428, HF15__99032
2025-10-21 17:24:23.593819 INFO::Fitting model to feature number 429, HF16__20541
2025-10-21 17:24:23.600074 INFO::Fitting model to feature number 430, HF16__4312
2025-10-21 17:24:23.604155 INFO::Fitting model to feature number 431, HF17__109842
2025-10-21 17:24:23.608392 INFO::Fitting model to feature number 432, HF17__16752
2025-10-21 17:24:23.612395 INFO::Fitting model to feature number 433, HF17__23495
2025-10-21 17:24:23.617197 INFO::Fitting model to feature number 434, HF17__27221
2025-10-21 17:24:23.622794 INFO::Fitting model to feature number 435, HF17__27625
2025-10-21 17:24:23.627352 INFO::Fitting model to feature number 436, HF17__40612
2025-10-21 17:24:23.631312 INFO::Fitting model to feature number 437, HF17__4919
2025-10-21 17:24:23.636199 INFO::Fitting model to feature number 438, HF17__5445
2025-10-21 17:24:23.641677 INFO::Fitting model to feature number 439, HF17__64840
2025-10-21 17:24:23.646143 INFO::Fitting model to feature number 440, HF17__69944
2025-10-21 17:24:23.650716 INFO::Fitting model to feature number 441, HF17__97368
2025-10-21 17:24:23.655405 INFO::Fitting model to feature number 442, HF17__98019
2025-10-21 17:24:23.660095 INFO::Fitting model to feature number 443, HF18__13117
2025-10-21 17:24:23.664526 INFO::Fitting model to feature number 444, HF18__15657
2025-10-21 17:24:23.669155 INFO::Fitting model to feature number 445, HF18__34333
2025-10-21 17:24:23.673495 INFO::Fitting model to feature number 446, HF18__56272
2025-10-21 17:24:23.678152 INFO::Fitting model to feature number 447, HF18__67575
2025-10-21 17:24:23.682865 INFO::Fitting model to feature number 448, HF18__7492
2025-10-21 17:24:23.686797 INFO::Fitting model to feature number 449, HF18__9037
2025-10-21 17:24:23.690479 INFO::Fitting model to feature number 450, HF19__12654
2025-10-21 17:24:23.693887 INFO::Fitting model to feature number 451, HF19__16604
2025-10-21 17:24:23.697717 INFO::Fitting model to feature number 452, HF19__17925
2025-10-21 17:24:23.701887 INFO::Fitting model to feature number 453, HF19__29715
2025-10-21 17:24:23.706187 INFO::Fitting model to feature number 454, HF19__33673
2025-10-21 17:24:23.710318 INFO::Fitting model to feature number 455, HF19__38775
2025-10-21 17:24:23.71471 INFO::Fitting model to feature number 456, HF19__41902
2025-10-21 17:24:23.719071 INFO::Fitting model to feature number 457, HF19__49800
2025-10-21 17:24:23.723025 INFO::Fitting model to feature number 458, HF19__56756
2025-10-21 17:24:23.726786 INFO::Fitting model to feature number 459, HF19__6311
2025-10-21 17:24:23.730707 INFO::Fitting model to feature number 460, HF19__64906
2025-10-21 17:24:23.734913 INFO::Fitting model to feature number 461, HF1__43792
2025-10-21 17:24:23.739574 INFO::Fitting model to feature number 462, HF1__47171
2025-10-21 17:24:23.745307 INFO::Fitting model to feature number 463, HF1__58254
2025-10-21 17:24:23.749608 INFO::Fitting model to feature number 464, HF1__62401
2025-10-21 17:24:23.754479 INFO::Fitting model to feature number 465, HF20__110469
2025-10-21 17:24:23.766412 INFO::Fitting model to feature number 466, HF20__17643
2025-10-21 17:24:23.771827 INFO::Fitting model to feature number 467, HF20__46428
2025-10-21 17:24:23.778081 INFO::Fitting model to feature number 468, HF20__47081
2025-10-21 17:24:23.782654 INFO::Fitting model to feature number 469, HF20__49479
2025-10-21 17:24:23.786686 INFO::Fitting model to feature number 470, HF20__50992
2025-10-21 17:24:23.790577 INFO::Fitting model to feature number 471, HF20__70910
2025-10-21 17:24:23.795563 INFO::Fitting model to feature number 472, HF20__71797
2025-10-21 17:24:23.800952 INFO::Fitting model to feature number 473, HF20__76362
2025-10-21 17:24:23.805685 INFO::Fitting model to feature number 474, HF20__80587
2025-10-21 17:24:23.809992 INFO::Fitting model to feature number 475, HF20__84234
2025-10-21 17:24:23.813732 INFO::Fitting model to feature number 476, HF20__89283
2025-10-21 17:24:23.817365 INFO::Fitting model to feature number 477, HF21__1175
2025-10-21 17:24:23.82191 INFO::Fitting model to feature number 478, HF21__17943
2025-10-21 17:24:23.825778 INFO::Fitting model to feature number 479, HF21__26254
2025-10-21 17:24:23.829394 INFO::Fitting model to feature number 480, HF21__58800
2025-10-21 17:24:23.833003 INFO::Fitting model to feature number 481, HF21__67941
2025-10-21 17:24:23.836689 INFO::Fitting model to feature number 482, HF22__2220
2025-10-21 17:24:23.840801 INFO::Fitting model to feature number 483, HF22__23939
2025-10-21 17:24:23.84552 INFO::Fitting model to feature number 484, HF22__24081
2025-10-21 17:24:23.850108 INFO::Fitting model to feature number 485, HF22__27217
2025-10-21 17:24:23.85468 INFO::Fitting model to feature number 486, HF22__28345
2025-10-21 17:24:23.85863 INFO::Fitting model to feature number 487, HF22__31554
2025-10-21 17:24:23.862542 INFO::Fitting model to feature number 488, HF22__41184
2025-10-21 17:24:23.866266 INFO::Fitting model to feature number 489, HF22__4171
2025-10-21 17:24:23.870603 INFO::Fitting model to feature number 490, HF22__4444
2025-10-21 17:24:23.875514 INFO::Fitting model to feature number 491, HF22__58773
2025-10-21 17:24:23.880105 INFO::Fitting model to feature number 492, HF22__7545
2025-10-21 17:24:23.884325 INFO::Fitting model to feature number 493, HF22__9393
2025-10-21 17:24:23.888247 INFO::Fitting model to feature number 494, HF23__105642
2025-10-21 17:24:23.892364 INFO::Fitting model to feature number 495, HF23__11814
2025-10-21 17:24:23.896444 INFO::Fitting model to feature number 496, HF23__137705
2025-10-21 17:24:23.900481 INFO::Fitting model to feature number 497, HF23__59393
2025-10-21 17:24:23.905067 INFO::Fitting model to feature number 498, HF23__65433
2025-10-21 17:24:23.909434 INFO::Fitting model to feature number 499, HF24__11619
2025-10-21 17:24:23.913311 INFO::Fitting model to feature number 500, HF24__27126
2025-10-21 17:24:23.917273 INFO::Fitting model to feature number 501, HF24__54761
2025-10-21 17:24:23.921492 INFO::Fitting model to feature number 502, HF25__1648
2025-10-21 17:24:23.926061 INFO::Fitting model to feature number 503, HF25__22246
2025-10-21 17:24:23.929712 INFO::Fitting model to feature number 504, HF25__26723
2025-10-21 17:24:23.935098 INFO::Fitting model to feature number 505, HF25__3745
2025-10-21 17:24:23.939481 INFO::Fitting model to feature number 506, HF25__37783
2025-10-21 17:24:23.943841 INFO::Fitting model to feature number 507, HF25__38815
2025-10-21 17:24:23.947842 INFO::Fitting model to feature number 508, HF25__42038
2025-10-21 17:24:23.951637 INFO::Fitting model to feature number 509, HF25__45527
2025-10-21 17:24:23.955393 INFO::Fitting model to feature number 510, HF25__58385
2025-10-21 17:24:23.959023 INFO::Fitting model to feature number 511, HF25__67757
2025-10-21 17:24:23.963724 INFO::Fitting model to feature number 512, HF25__88285
2025-10-21 17:24:23.968238 INFO::Fitting model to feature number 513, HF25__90080
2025-10-21 17:24:23.972351 INFO::Fitting model to feature number 514, HF25__9948
2025-10-21 17:24:23.976301 INFO::Fitting model to feature number 515, HF26__21409
2025-10-21 17:24:23.980709 INFO::Fitting model to feature number 516, HF26__66245
2025-10-21 17:24:23.98473 INFO::Fitting model to feature number 517, HF26__75293
2025-10-21 17:24:23.99312 INFO::Fitting model to feature number 518, HF27__110837
2025-10-21 17:24:24.000855 INFO::Fitting model to feature number 519, HF27__126317
2025-10-21 17:24:24.007974 INFO::Fitting model to feature number 520, HF27__129645
2025-10-21 17:24:24.013307 INFO::Fitting model to feature number 521, HF27__135661
2025-10-21 17:24:24.01776 INFO::Fitting model to feature number 522, HF27__16447
2025-10-21 17:24:24.023706 INFO::Fitting model to feature number 523, HF27__21952
2025-10-21 17:24:24.029029 INFO::Fitting model to feature number 524, HF27__43896
2025-10-21 17:24:24.034716 INFO::Fitting model to feature number 525, HF27__54248
2025-10-21 17:24:24.039254 INFO::Fitting model to feature number 526, HF27__56268
2025-10-21 17:24:24.043479 INFO::Fitting model to feature number 527, HF27__66055
2025-10-21 17:24:24.047422 INFO::Fitting model to feature number 528, HF27__66822
2025-10-21 17:24:24.051222 INFO::Fitting model to feature number 529, HF27__6829
2025-10-21 17:24:24.056768 INFO::Fitting model to feature number 530, HF27__73342
2025-10-21 17:24:24.062917 INFO::Fitting model to feature number 531, HF27__93109
2025-10-21 17:24:24.067418 INFO::Fitting model to feature number 532, HF27__95281
2025-10-21 17:24:24.071113 INFO::Fitting model to feature number 533, HF27__96921
2025-10-21 17:24:24.074764 INFO::Fitting model to feature number 534, HF28__18937
2025-10-21 17:24:24.078463 INFO::Fitting model to feature number 535, HF28__26590
2025-10-21 17:24:24.082519 INFO::Fitting model to feature number 536, HF28__39400
2025-10-21 17:24:24.087164 INFO::Fitting model to feature number 537, HF28__43920
2025-10-21 17:24:24.091296 INFO::Fitting model to feature number 538, HF28__68522
2025-10-21 17:24:24.09627 INFO::Fitting model to feature number 539, HF28__80120
2025-10-21 17:24:24.103062 INFO::Fitting model to feature number 540, HF28__88877
2025-10-21 17:24:24.107987 INFO::Fitting model to feature number 541, HF28__96305
2025-10-21 17:24:24.111888 INFO::Fitting model to feature number 542, HF29__18092
2025-10-21 17:24:24.115773 INFO::Fitting model to feature number 543, HF29__22471
2025-10-21 17:24:24.119891 INFO::Fitting model to feature number 544, HF29__29169
2025-10-21 17:24:24.124472 INFO::Fitting model to feature number 545, HF29__31463
2025-10-21 17:24:24.129226 INFO::Fitting model to feature number 546, HF29__36428
2025-10-21 17:24:24.133789 INFO::Fitting model to feature number 547, HF29__45474
2025-10-21 17:24:24.138517 INFO::Fitting model to feature number 548, HF2__102754
2025-10-21 17:24:24.14363 INFO::Fitting model to feature number 549, HF2__109461
2025-10-21 17:24:24.147698 INFO::Fitting model to feature number 550, HF2__115544
2025-10-21 17:24:24.152367 INFO::Fitting model to feature number 551, HF2__123307
2025-10-21 17:24:24.156835 INFO::Fitting model to feature number 552, HF2__12811
2025-10-21 17:24:24.163152 INFO::Fitting model to feature number 553, HF2__20494
2025-10-21 17:24:24.167682 INFO::Fitting model to feature number 554, HF2__25841
2025-10-21 17:24:24.171908 INFO::Fitting model to feature number 555, HF2__26133
2025-10-21 17:24:24.176052 INFO::Fitting model to feature number 556, HF2__37935
2025-10-21 17:24:24.182193 INFO::Fitting model to feature number 557, HF2__75408
2025-10-21 17:24:24.186678 INFO::Fitting model to feature number 558, HF30__24408
2025-10-21 17:24:24.190821 INFO::Fitting model to feature number 559, HF30__6534
2025-10-21 17:24:24.195701 INFO::Fitting model to feature number 560, HF30__8254
2025-10-21 17:24:24.200915 INFO::Fitting model to feature number 561, HF31__40705
2025-10-21 17:24:24.20653 INFO::Fitting model to feature number 562, HF31__41737
2025-10-21 17:24:24.211732 INFO::Fitting model to feature number 563, HF31__47974
2025-10-21 17:24:24.216392 INFO::Fitting model to feature number 564, HF31__50121
2025-10-21 17:24:24.221007 INFO::Fitting model to feature number 565, HF31__59644
2025-10-21 17:24:24.226007 INFO::Fitting model to feature number 566, HF31__6293
2025-10-21 17:24:24.230364 INFO::Fitting model to feature number 567, HF31__6557
2025-10-21 17:24:24.234405 INFO::Fitting model to feature number 568, HF31__68426
2025-10-21 17:24:24.244472 INFO::Fitting model to feature number 569, HF31__71275
2025-10-21 17:24:24.25204 INFO::Fitting model to feature number 570, HF31__79619
2025-10-21 17:24:24.259956 INFO::Fitting model to feature number 571, HF31__86339
2025-10-21 17:24:24.264315 INFO::Fitting model to feature number 572, HF31__9537
2025-10-21 17:24:24.268956 INFO::Fitting model to feature number 573, HF32__21499
2025-10-21 17:24:24.273517 INFO::Fitting model to feature number 574, HF32__25045
2025-10-21 17:24:24.278093 INFO::Fitting model to feature number 575, HF32__33212
2025-10-21 17:24:24.282798 INFO::Fitting model to feature number 576, HF32__36633
2025-10-21 17:24:24.288697 INFO::Fitting model to feature number 577, HF33__1134
2025-10-21 17:24:24.292975 INFO::Fitting model to feature number 578, HF33__12680
2025-10-21 17:24:24.296897 INFO::Fitting model to feature number 579, HF33__25406
2025-10-21 17:24:24.301249 INFO::Fitting model to feature number 580, HF33__25874
2025-10-21 17:24:24.305477 INFO::Fitting model to feature number 581, HF33__34455
2025-10-21 17:24:24.309677 INFO::Fitting model to feature number 582, HF33__41577
2025-10-21 17:24:24.313882 INFO::Fitting model to feature number 583, HF33__48893
2025-10-21 17:24:24.31884 INFO::Fitting model to feature number 584, HF34__111376
2025-10-21 17:24:24.324126 INFO::Fitting model to feature number 585, HF34__111609
2025-10-21 17:24:24.328987 INFO::Fitting model to feature number 586, HF34__11418
2025-10-21 17:24:24.333779 INFO::Fitting model to feature number 587, HF34__31199
2025-10-21 17:24:24.338472 INFO::Fitting model to feature number 588, HF34__50861
2025-10-21 17:24:24.342796 INFO::Fitting model to feature number 589, HF34__53010
2025-10-21 17:24:24.347126 INFO::Fitting model to feature number 590, HF34__66552
2025-10-21 17:24:24.351802 INFO::Fitting model to feature number 591, HF34__9812
2025-10-21 17:24:24.356957 INFO::Fitting model to feature number 592, HF35__39170
2025-10-21 17:24:24.362753 INFO::Fitting model to feature number 593, HF35__50821
2025-10-21 17:24:24.36763 INFO::Fitting model to feature number 594, HF35__86596
2025-10-21 17:24:24.372491 INFO::Fitting model to feature number 595, HF35__94382
2025-10-21 17:24:24.376767 INFO::Fitting model to feature number 596, HF36__16816
2025-10-21 17:24:24.38198 INFO::Fitting model to feature number 597, HF36__29836
2025-10-21 17:24:24.387075 INFO::Fitting model to feature number 598, HF36__34335
2025-10-21 17:24:24.392284 INFO::Fitting model to feature number 599, HF36__34711
2025-10-21 17:24:24.396823 INFO::Fitting model to feature number 600, HF36__35406
2025-10-21 17:24:24.401942 INFO::Fitting model to feature number 601, HF36__40973
2025-10-21 17:24:24.40769 INFO::Fitting model to feature number 602, HF37__10748
2025-10-21 17:24:24.412716 INFO::Fitting model to feature number 603, HF37__19724
2025-10-21 17:24:24.417159 INFO::Fitting model to feature number 604, HF37__20036
2025-10-21 17:24:24.421651 INFO::Fitting model to feature number 605, HF37__26086
2025-10-21 17:24:24.426947 INFO::Fitting model to feature number 606, HF37__27350
2025-10-21 17:24:24.431355 INFO::Fitting model to feature number 607, HF37__32760
2025-10-21 17:24:24.435497 INFO::Fitting model to feature number 608, HF37__37838
2025-10-21 17:24:24.439468 INFO::Fitting model to feature number 609, HF37__44609
2025-10-21 17:24:24.443383 INFO::Fitting model to feature number 610, HF37__48934
2025-10-21 17:24:24.447103 INFO::Fitting model to feature number 611, HF37__53203
2025-10-21 17:24:24.450849 INFO::Fitting model to feature number 612, HF37__59997
2025-10-21 17:24:24.455029 INFO::Fitting model to feature number 613, HF37__8889
2025-10-21 17:24:24.459473 INFO::Fitting model to feature number 614, HF38__1319
2025-10-21 17:24:24.463955 INFO::Fitting model to feature number 615, HF38__2107
2025-10-21 17:24:24.468183 INFO::Fitting model to feature number 616, HF38__3918
2025-10-21 17:24:24.472404 INFO::Fitting model to feature number 617, HF38__602
2025-10-21 17:24:24.47648 INFO::Fitting model to feature number 618, HF38__764
2025-10-21 17:24:24.480515 INFO::Fitting model to feature number 619, HF39__17078
2025-10-21 17:24:24.484393 INFO::Fitting model to feature number 620, HF39__33582
2025-10-21 17:24:24.48844 INFO::Fitting model to feature number 621, HF39__71367
2025-10-21 17:24:24.492484 INFO::Fitting model to feature number 622, HF39__74434
2025-10-21 17:24:24.497105 INFO::Fitting model to feature number 623, HF39__7474
2025-10-21 17:24:24.501395 INFO::Fitting model to feature number 624, HF39__74832
2025-10-21 17:24:24.505507 INFO::Fitting model to feature number 625, HF39__7688
2025-10-21 17:24:24.51 INFO::Fitting model to feature number 626, HF39__8019
2025-10-21 17:24:24.514327 INFO::Fitting model to feature number 627, HF3__11011
2025-10-21 17:24:24.518934 INFO::Fitting model to feature number 628, HF3__17409
2025-10-21 17:24:24.524043 INFO::Fitting model to feature number 629, HF3__44950
2025-10-21 17:24:24.528171 INFO::Fitting model to feature number 630, HF3__71833
2025-10-21 17:24:24.532238 INFO::Fitting model to feature number 631, HF3__72324
2025-10-21 17:24:24.536159 INFO::Fitting model to feature number 632, HF3__84953
2025-10-21 17:24:24.540269 INFO::Fitting model to feature number 633, HF3__87587
2025-10-21 17:24:24.544345 INFO::Fitting model to feature number 634, HF40__240
2025-10-21 17:24:24.548204 INFO::Fitting model to feature number 635, HF40__7199
2025-10-21 17:24:24.55211 INFO::Fitting model to feature number 636, HF41__51360
2025-10-21 17:24:24.556029 INFO::Fitting model to feature number 637, HF41__61688
2025-10-21 17:24:24.560354 INFO::Fitting model to feature number 638, HF41__9209
2025-10-21 17:24:24.564914 INFO::Fitting model to feature number 639, HF42__14252
2025-10-21 17:24:24.568831 INFO::Fitting model to feature number 640, HF42__169
2025-10-21 17:24:24.572954 INFO::Fitting model to feature number 641, HF42__18722
2025-10-21 17:24:24.577164 INFO::Fitting model to feature number 642, HF42__22443
2025-10-21 17:24:24.581572 INFO::Fitting model to feature number 643, HF42__25066
2025-10-21 17:24:24.586143 INFO::Fitting model to feature number 644, HF42__2908
2025-10-21 17:24:24.590425 INFO::Fitting model to feature number 645, HF42__29452
2025-10-21 17:24:24.595039 INFO::Fitting model to feature number 646, HF42__3868
2025-10-21 17:24:24.604896 INFO::Fitting model to feature number 647, HF42__52056
2025-10-21 17:24:24.634862 INFO::Fitting model to feature number 648, HF43__11250
2025-10-21 17:24:24.639199 INFO::Fitting model to feature number 649, HF43__28637
2025-10-21 17:24:24.643677 INFO::Fitting model to feature number 650, HF43__40469
2025-10-21 17:24:24.649258 INFO::Fitting model to feature number 651, HF43__43033
2025-10-21 17:24:24.654488 INFO::Fitting model to feature number 652, HF43__44899
2025-10-21 17:24:24.659098 INFO::Fitting model to feature number 653, HF44__102417
2025-10-21 17:24:24.665324 INFO::Fitting model to feature number 654, HF44__23963
2025-10-21 17:24:24.670145 INFO::Fitting model to feature number 655, HF44__45959
2025-10-21 17:24:24.674288 INFO::Fitting model to feature number 656, HF44__55914
2025-10-21 17:24:24.679362 INFO::Fitting model to feature number 657, HF44__56871
2025-10-21 17:24:24.683945 INFO::Fitting model to feature number 658, HF44__62943
2025-10-21 17:24:24.688627 INFO::Fitting model to feature number 659, HF44__63553
2025-10-21 17:24:24.693199 INFO::Fitting model to feature number 660, HF45__25992
2025-10-21 17:24:24.697723 INFO::Fitting model to feature number 661, HF45__5570
2025-10-21 17:24:24.702525 INFO::Fitting model to feature number 662, HF45__6843
2025-10-21 17:24:24.706847 INFO::Fitting model to feature number 663, HF46__100818
2025-10-21 17:24:24.711886 INFO::Fitting model to feature number 664, HF46__34531
2025-10-21 17:24:24.716012 INFO::Fitting model to feature number 665, HF46__39087
2025-10-21 17:24:24.720206 INFO::Fitting model to feature number 666, HF46__62517
2025-10-21 17:24:24.725219 INFO::Fitting model to feature number 667, HF46__66608
2025-10-21 17:24:24.729493 INFO::Fitting model to feature number 668, HF47__106275
2025-10-21 17:24:24.733837 INFO::Fitting model to feature number 669, HF47__13079
2025-10-21 17:24:24.73854 INFO::Fitting model to feature number 670, HF47__2955
2025-10-21 17:24:24.743633 INFO::Fitting model to feature number 671, HF47__47881
2025-10-21 17:24:24.748433 INFO::Fitting model to feature number 672, HF47__57688
2025-10-21 17:24:24.752759 INFO::Fitting model to feature number 673, HF47__58631
2025-10-21 17:24:24.757563 INFO::Fitting model to feature number 674, HF47__61033
2025-10-21 17:24:24.762773 INFO::Fitting model to feature number 675, HF47__74677
2025-10-21 17:24:24.767289 INFO::Fitting model to feature number 676, HF47__75147
2025-10-21 17:24:24.77303 INFO::Fitting model to feature number 677, HF47__87354
2025-10-21 17:24:24.777894 INFO::Fitting model to feature number 678, HF47__95589
2025-10-21 17:24:24.78276 INFO::Fitting model to feature number 679, HF48__125345
2025-10-21 17:24:24.787608 INFO::Fitting model to feature number 680, HF48__24934
2025-10-21 17:24:24.791665 INFO::Fitting model to feature number 681, HF48__2738
2025-10-21 17:24:24.795742 INFO::Fitting model to feature number 682, HF48__31437
2025-10-21 17:24:24.800378 INFO::Fitting model to feature number 683, HF48__35995
2025-10-21 17:24:24.805237 INFO::Fitting model to feature number 684, HF48__39340
2025-10-21 17:24:24.809851 INFO::Fitting model to feature number 685, HF48__42415
2025-10-21 17:24:24.814293 INFO::Fitting model to feature number 686, HF48__78502
2025-10-21 17:24:24.818847 INFO::Fitting model to feature number 687, HF48__88276
2025-10-21 17:24:24.823869 INFO::Fitting model to feature number 688, HF4__21940
2025-10-21 17:24:24.828329 INFO::Fitting model to feature number 689, HF5__31772
2025-10-21 17:24:24.844523 INFO::Fitting model to feature number 690, HF5__32948
2025-10-21 17:24:24.852213 INFO::Fitting model to feature number 691, HF5__45752
2025-10-21 17:24:24.857938 INFO::Fitting model to feature number 692, HF5__45964
2025-10-21 17:24:24.862737 INFO::Fitting model to feature number 693, HF5__53345
2025-10-21 17:24:24.867515 INFO::Fitting model to feature number 694, HF5__54476
2025-10-21 17:24:24.872683 INFO::Fitting model to feature number 695, HF5__64928
2025-10-21 17:24:24.878356 INFO::Fitting model to feature number 696, HF6__109350
2025-10-21 17:24:24.883325 INFO::Fitting model to feature number 697, HF6__130779
2025-10-21 17:24:24.888002 INFO::Fitting model to feature number 698, HF6__20162
2025-10-21 17:24:24.892598 INFO::Fitting model to feature number 699, HF6__39872
2025-10-21 17:24:24.897213 INFO::Fitting model to feature number 700, HF6__65705
2025-10-21 17:24:24.901681 INFO::Fitting model to feature number 701, HF6__8951
2025-10-21 17:24:24.906227 INFO::Fitting model to feature number 702, HF6__95479
2025-10-21 17:24:24.910731 INFO::Fitting model to feature number 703, HF6__98135
2025-10-21 17:24:24.915264 INFO::Fitting model to feature number 704, HF7__1727
2025-10-21 17:24:24.919881 INFO::Fitting model to feature number 705, HF7__26843
2025-10-21 17:24:24.924269 INFO::Fitting model to feature number 706, HF7__34717
2025-10-21 17:24:24.928841 INFO::Fitting model to feature number 707, HF7__46258
2025-10-21 17:24:24.933295 INFO::Fitting model to feature number 708, HF7__57956
2025-10-21 17:24:24.937976 INFO::Fitting model to feature number 709, HF7__74558
2025-10-21 17:24:24.943848 INFO::Fitting model to feature number 710, HF7__74943
2025-10-21 17:24:24.94848 INFO::Fitting model to feature number 711, HF8__1033
2025-10-21 17:24:24.952723 INFO::Fitting model to feature number 712, HF8__41178
2025-10-21 17:24:24.956874 INFO::Fitting model to feature number 713, HF8__43337
2025-10-21 17:24:24.961589 INFO::Fitting model to feature number 714, HF8__50807
2025-10-21 17:24:24.966182 INFO::Fitting model to feature number 715, HF8__62928
2025-10-21 17:24:24.971354 INFO::Fitting model to feature number 716, HF8__71591
2025-10-21 17:24:24.976281 INFO::Fitting model to feature number 717, HF8__87073
2025-10-21 17:24:24.98051 INFO::Fitting model to feature number 718, HF8__92732
2025-10-21 17:24:24.9849 INFO::Fitting model to feature number 719, HF9__13102
2025-10-21 17:24:24.990502 INFO::Fitting model to feature number 720, HF9__167
2025-10-21 17:24:24.99522 INFO::Fitting model to feature number 721, HF9__35736
2025-10-21 17:24:24.999958 INFO::Fitting model to feature number 722, HF9__37973
2025-10-21 17:24:25.004948 INFO::Fitting model to feature number 723, HF9__8746
2025-10-21 17:24:25.00944 INFO::Fitting model to feature number 724, HF9__914
2025-10-21 17:24:25.013656 INFO::Fitting model to feature number 725, MI10__1204
2025-10-21 17:24:25.01794 INFO::Fitting model to feature number 726, MI10__12367
2025-10-21 17:24:25.024122 INFO::Fitting model to feature number 727, MI10__12940
2025-10-21 17:24:25.02873 INFO::Fitting model to feature number 728, MI10__13245
2025-10-21 17:24:25.032915 INFO::Fitting model to feature number 729, MI10__13378
2025-10-21 17:24:25.03747 INFO::Fitting model to feature number 730, MI10__14267
2025-10-21 17:24:25.042567 INFO::Fitting model to feature number 731, MI10__15625
2025-10-21 17:24:25.047 INFO::Fitting model to feature number 732, MI10__17656
2025-10-21 17:24:25.055786 INFO::Fitting model to feature number 733, MI10__22036
2025-10-21 17:24:25.063514 INFO::Fitting model to feature number 734, MI10__22502
2025-10-21 17:24:25.070652 INFO::Fitting model to feature number 735, MI10__34168
2025-10-21 17:24:25.075438 INFO::Fitting model to feature number 736, MI10__39236
2025-10-21 17:24:25.080083 INFO::Fitting model to feature number 737, MI10__42612
2025-10-21 17:24:25.086465 INFO::Fitting model to feature number 738, MI10__5070
2025-10-21 17:24:25.090999 INFO::Fitting model to feature number 739, MI10__9832
2025-10-21 17:24:25.095976 INFO::Fitting model to feature number 740, MI11__105407
2025-10-21 17:24:25.101646 INFO::Fitting model to feature number 741, MI11__12837
2025-10-21 17:24:25.106514 INFO::Fitting model to feature number 742, MI11__131268
2025-10-21 17:24:25.110768 INFO::Fitting model to feature number 743, MI11__135618
2025-10-21 17:24:25.115222 INFO::Fitting model to feature number 744, MI11__14577
2025-10-21 17:24:25.119373 INFO::Fitting model to feature number 745, MI11__34845
2025-10-21 17:24:25.123576 INFO::Fitting model to feature number 746, MI11__36570
2025-10-21 17:24:25.128919 INFO::Fitting model to feature number 747, MI11__46577
2025-10-21 17:24:25.133604 INFO::Fitting model to feature number 748, MI11__8907
2025-10-21 17:24:25.138246 INFO::Fitting model to feature number 749, MI11__89080
2025-10-21 17:24:25.142699 INFO::Fitting model to feature number 750, MI12__109989
2025-10-21 17:24:25.147764 INFO::Fitting model to feature number 751, MI12__118999
2025-10-21 17:24:25.15178 INFO::Fitting model to feature number 752, MI12__13019
2025-10-21 17:24:25.15615 INFO::Fitting model to feature number 753, MI12__31451
2025-10-21 17:24:25.160791 INFO::Fitting model to feature number 754, MI12__3582
2025-10-21 17:24:25.165478 INFO::Fitting model to feature number 755, MI12__37923
2025-10-21 17:24:25.170066 INFO::Fitting model to feature number 756, MI12__37961
2025-10-21 17:24:25.174361 INFO::Fitting model to feature number 757, MI12__53472
2025-10-21 17:24:25.178689 INFO::Fitting model to feature number 758, MI12__68047
2025-10-21 17:24:25.183171 INFO::Fitting model to feature number 759, MI12__72514
2025-10-21 17:24:25.187238 INFO::Fitting model to feature number 760, MI12__78114
2025-10-21 17:24:25.191417 INFO::Fitting model to feature number 761, MI12__81309
2025-10-21 17:24:25.195613 INFO::Fitting model to feature number 762, MI12__90123
2025-10-21 17:24:25.199804 INFO::Fitting model to feature number 763, MI12__93031
2025-10-21 17:24:25.204231 INFO::Fitting model to feature number 764, MI13__100879
2025-10-21 17:24:25.208887 INFO::Fitting model to feature number 765, MI13__104907
2025-10-21 17:24:25.213313 INFO::Fitting model to feature number 766, MI13__108308
2025-10-21 17:24:25.217771 INFO::Fitting model to feature number 767, MI13__111796
2025-10-21 17:24:25.222542 INFO::Fitting model to feature number 768, MI13__118383
2025-10-21 17:24:25.227174 INFO::Fitting model to feature number 769, MI13__120543
2025-10-21 17:24:25.231778 INFO::Fitting model to feature number 770, MI13__27170
2025-10-21 17:24:25.23652 INFO::Fitting model to feature number 771, MI13__27956
2025-10-21 17:24:25.240595 INFO::Fitting model to feature number 772, MI13__59930
2025-10-21 17:24:25.24779 INFO::Fitting model to feature number 773, MI13__69866
2025-10-21 17:24:25.255185 INFO::Fitting model to feature number 774, MI13__75706
2025-10-21 17:24:25.261858 INFO::Fitting model to feature number 775, MI13__91654
2025-10-21 17:24:25.26762 INFO::Fitting model to feature number 776, MI13__94232
2025-10-21 17:24:25.271667 INFO::Fitting model to feature number 777, MI13__9609
2025-10-21 17:24:25.275292 INFO::Fitting model to feature number 778, MI14__1180
2025-10-21 17:24:25.278771 INFO::Fitting model to feature number 779, MI14__129161
2025-10-21 17:24:25.283756 INFO::Fitting model to feature number 780, MI14__131753
2025-10-21 17:24:25.288181 INFO::Fitting model to feature number 781, MI14__143396
2025-10-21 17:24:25.293597 INFO::Fitting model to feature number 782, MI14__14873
2025-10-21 17:24:25.297544 INFO::Fitting model to feature number 783, MI14__37796
2025-10-21 17:24:25.302278 INFO::Fitting model to feature number 784, MI14__40652
2025-10-21 17:24:25.306596 INFO::Fitting model to feature number 785, MI14__424
2025-10-21 17:24:25.310666 INFO::Fitting model to feature number 786, MI14__74276
2025-10-21 17:24:25.314645 INFO::Fitting model to feature number 787, MI15__11953
2025-10-21 17:24:25.318944 INFO::Fitting model to feature number 788, MI15__5607
2025-10-21 17:24:25.323676 INFO::Fitting model to feature number 789, MI15__6069
2025-10-21 17:24:25.328042 INFO::Fitting model to feature number 790, MI15__8666
2025-10-21 17:24:25.332446 INFO::Fitting model to feature number 791, MI16__26573
2025-10-21 17:24:25.336498 INFO::Fitting model to feature number 792, MI16__33264
2025-10-21 17:24:25.341025 INFO::Fitting model to feature number 793, MI16__5795
2025-10-21 17:24:25.345419 INFO::Fitting model to feature number 794, MI16__77038
2025-10-21 17:24:25.349439 INFO::Fitting model to feature number 795, MI16__87163
2025-10-21 17:24:25.353143 INFO::Fitting model to feature number 796, MI17__36788
2025-10-21 17:24:25.356802 INFO::Fitting model to feature number 797, MI17__41976
2025-10-21 17:24:25.360703 INFO::Fitting model to feature number 798, MI17__42251
2025-10-21 17:24:25.365421 INFO::Fitting model to feature number 799, MI17__49324
2025-10-21 17:24:25.368969 INFO::Fitting model to feature number 800, MI17__54461
2025-10-21 17:24:25.372543 INFO::Fitting model to feature number 801, MI17__6771
2025-10-21 17:24:25.376295 INFO::Fitting model to feature number 802, MI18__16344
2025-10-21 17:24:25.380158 INFO::Fitting model to feature number 803, MI18__46911
2025-10-21 17:24:25.384906 INFO::Fitting model to feature number 804, MI18__5309
2025-10-21 17:24:25.38862 INFO::Fitting model to feature number 805, MI19__11598
2025-10-21 17:24:25.392046 INFO::Fitting model to feature number 806, MI19__11846
2025-10-21 17:24:25.395588 INFO::Fitting model to feature number 807, MI19__1736
2025-10-21 17:24:25.399236 INFO::Fitting model to feature number 808, MI19__17469
2025-10-21 17:24:25.403151 INFO::Fitting model to feature number 809, MI19__1865
2025-10-21 17:24:25.409895 INFO::Fitting model to feature number 810, MI19__21527
2025-10-21 17:24:25.415754 INFO::Fitting model to feature number 811, MI19__2592
2025-10-21 17:24:25.421535 INFO::Fitting model to feature number 812, MI19__29531
2025-10-21 17:24:25.427158 INFO::Fitting model to feature number 813, MI19__30717
2025-10-21 17:24:25.431172 INFO::Fitting model to feature number 814, MI19__32516
2025-10-21 17:24:25.43541 INFO::Fitting model to feature number 815, MI19__32825
2025-10-21 17:24:25.439743 INFO::Fitting model to feature number 816, MI19__35958
2025-10-21 17:24:25.444177 INFO::Fitting model to feature number 817, MI19__39442
2025-10-21 17:24:25.448534 INFO::Fitting model to feature number 818, MI19__40101
2025-10-21 17:24:25.453274 INFO::Fitting model to feature number 819, MI19__40237
2025-10-21 17:24:25.457583 INFO::Fitting model to feature number 820, MI19__40308
2025-10-21 17:24:25.462443 INFO::Fitting model to feature number 821, MI19__49351
2025-10-21 17:24:25.466647 INFO::Fitting model to feature number 822, MI19__50306
2025-10-21 17:24:25.470843 INFO::Fitting model to feature number 823, MI19__60591
2025-10-21 17:24:25.475079 INFO::Fitting model to feature number 824, MI19__63245
2025-10-21 17:24:25.479243 INFO::Fitting model to feature number 825, MI19__6784
2025-10-21 17:24:25.484218 INFO::Fitting model to feature number 826, MI19__68227
2025-10-21 17:24:25.488016 INFO::Fitting model to feature number 827, MI19__7321
2025-10-21 17:24:25.491696 INFO::Fitting model to feature number 828, MI1__101311
2025-10-21 17:24:25.495378 INFO::Fitting model to feature number 829, MI1__25368
2025-10-21 17:24:25.498805 INFO::Fitting model to feature number 830, MI1__32570
2025-10-21 17:24:25.50324 INFO::Fitting model to feature number 831, MI1__33545
2025-10-21 17:24:25.507077 INFO::Fitting model to feature number 832, MI1__42817
2025-10-21 17:24:25.511007 INFO::Fitting model to feature number 833, MI1__46849
2025-10-21 17:24:25.514882 INFO::Fitting model to feature number 834, MI1__57629
2025-10-21 17:24:25.518965 INFO::Fitting model to feature number 835, MI1__98298
2025-10-21 17:24:25.523785 INFO::Fitting model to feature number 836, MI20__21221
2025-10-21 17:24:25.528313 INFO::Fitting model to feature number 837, MI20__38716
2025-10-21 17:24:25.531787 INFO::Fitting model to feature number 838, MI20__48871
2025-10-21 17:24:25.535131 INFO::Fitting model to feature number 839, MI21__107632
2025-10-21 17:24:25.538497 INFO::Fitting model to feature number 840, MI21__110322
2025-10-21 17:24:25.542121 INFO::Fitting model to feature number 841, MI21__23059
2025-10-21 17:24:25.546169 INFO::Fitting model to feature number 842, MI21__24402
2025-10-21 17:24:25.55432 INFO::Fitting model to feature number 843, MI21__3690
2025-10-21 17:24:25.561256 INFO::Fitting model to feature number 844, MI21__54639
2025-10-21 17:24:25.567497 INFO::Fitting model to feature number 845, MI21__6022
2025-10-21 17:24:25.572261 INFO::Fitting model to feature number 846, MI21__83437
2025-10-21 17:24:25.57631 INFO::Fitting model to feature number 847, MI22__10272
2025-10-21 17:24:25.58189 INFO::Fitting model to feature number 848, MI22__11563
2025-10-21 17:24:25.587467 INFO::Fitting model to feature number 849, MI22__12845
2025-10-21 17:24:25.592 INFO::Fitting model to feature number 850, MI22__3234
2025-10-21 17:24:25.597037 INFO::Fitting model to feature number 851, MI22__69577
2025-10-21 17:24:25.601932 INFO::Fitting model to feature number 852, MI23__10575
2025-10-21 17:24:25.606453 INFO::Fitting model to feature number 853, MI23__20337
2025-10-21 17:24:25.610695 INFO::Fitting model to feature number 854, MI23__20757
2025-10-21 17:24:25.614887 INFO::Fitting model to feature number 855, MI23__26399
2025-10-21 17:24:25.618889 INFO::Fitting model to feature number 856, MI24__103762
2025-10-21 17:24:25.623301 INFO::Fitting model to feature number 857, MI24__113875
2025-10-21 17:24:25.628963 INFO::Fitting model to feature number 858, MI24__115127
2025-10-21 17:24:25.634081 INFO::Fitting model to feature number 859, MI24__117984
2025-10-21 17:24:25.638238 INFO::Fitting model to feature number 860, MI24__14920
2025-10-21 17:24:25.643482 INFO::Fitting model to feature number 861, MI24__24820
2025-10-21 17:24:25.647983 INFO::Fitting model to feature number 862, MI24__26228
2025-10-21 17:24:25.652148 INFO::Fitting model to feature number 863, MI24__26565
2025-10-21 17:24:25.656466 INFO::Fitting model to feature number 864, MI24__64354
2025-10-21 17:24:25.660732 INFO::Fitting model to feature number 865, MI24__69510
2025-10-21 17:24:25.664509 INFO::Fitting model to feature number 866, MI24__86751
2025-10-21 17:24:25.668018 INFO::Fitting model to feature number 867, MI25__15313
2025-10-21 17:24:25.671522 INFO::Fitting model to feature number 868, MI25__18103
2025-10-21 17:24:25.675282 INFO::Fitting model to feature number 869, MI25__21430
2025-10-21 17:24:25.678995 INFO::Fitting model to feature number 870, MI25__24902
2025-10-21 17:24:25.683093 INFO::Fitting model to feature number 871, MI25__38002
2025-10-21 17:24:25.687013 INFO::Fitting model to feature number 872, MI25__62262
2025-10-21 17:24:25.691288 INFO::Fitting model to feature number 873, MI25__74753
2025-10-21 17:24:25.695422 INFO::Fitting model to feature number 874, MI26__10237
2025-10-21 17:24:25.69919 INFO::Fitting model to feature number 875, MI26__27957
2025-10-21 17:24:25.703497 INFO::Fitting model to feature number 876, MI26__47760
2025-10-21 17:24:25.708017 INFO::Fitting model to feature number 877, MI26__48581
2025-10-21 17:24:25.712628 INFO::Fitting model to feature number 878, MI26__53721
2025-10-21 17:24:25.724068 INFO::Fitting model to feature number 879, MI26__56707
2025-10-21 17:24:25.731494 INFO::Fitting model to feature number 880, MI26__58003
2025-10-21 17:24:25.738148 INFO::Fitting model to feature number 881, MI26__5969
2025-10-21 17:24:25.742329 INFO::Fitting model to feature number 882, MI26__61551
2025-10-21 17:24:25.746593 INFO::Fitting model to feature number 883, MI26__61926
2025-10-21 17:24:25.750913 INFO::Fitting model to feature number 884, MI26__80743
2025-10-21 17:24:25.755058 INFO::Fitting model to feature number 885, MI27__13101
2025-10-21 17:24:25.759571 INFO::Fitting model to feature number 886, MI27__65740
2025-10-21 17:24:25.764451 INFO::Fitting model to feature number 887, MI28__24147
2025-10-21 17:24:25.769205 INFO::Fitting model to feature number 888, MI28__26402
2025-10-21 17:24:25.77354 INFO::Fitting model to feature number 889, MI28__30244
2025-10-21 17:24:25.777057 INFO::Fitting model to feature number 890, MI28__31238
2025-10-21 17:24:25.780653 INFO::Fitting model to feature number 891, MI28__36373
2025-10-21 17:24:25.786087 INFO::Fitting model to feature number 892, MI28__42321
2025-10-21 17:24:25.790339 INFO::Fitting model to feature number 893, MI28__47489
2025-10-21 17:24:25.79389 INFO::Fitting model to feature number 894, MI28__49051
2025-10-21 17:24:25.797622 INFO::Fitting model to feature number 895, MI28__51369
2025-10-21 17:24:25.801557 INFO::Fitting model to feature number 896, MI28__9028
2025-10-21 17:24:25.805857 INFO::Fitting model to feature number 897, MI29__48886
2025-10-21 17:24:25.810139 INFO::Fitting model to feature number 898, MI29__52448
2025-10-21 17:24:25.813916 INFO::Fitting model to feature number 899, MI29__55568
2025-10-21 17:24:25.817542 INFO::Fitting model to feature number 900, MI29__70487
2025-10-21 17:24:25.821305 INFO::Fitting model to feature number 901, MI2__109698
2025-10-21 17:24:25.825092 INFO::Fitting model to feature number 902, MI2__113750
2025-10-21 17:24:25.829196 INFO::Fitting model to feature number 903, MI2__115396
2025-10-21 17:24:25.833068 INFO::Fitting model to feature number 904, MI2__11604
2025-10-21 17:24:25.837241 INFO::Fitting model to feature number 905, MI2__118743
2025-10-21 17:24:25.840856 INFO::Fitting model to feature number 906, MI2__12597
2025-10-21 17:24:25.846235 INFO::Fitting model to feature number 907, MI2__129799
2025-10-21 17:24:25.850358 INFO::Fitting model to feature number 908, MI2__3363
2025-10-21 17:24:25.853858 INFO::Fitting model to feature number 909, MI2__34344
2025-10-21 17:24:25.857592 INFO::Fitting model to feature number 910, MI2__35045
2025-10-21 17:24:25.867886 INFO::Fitting model to feature number 911, MI2__4490
2025-10-21 17:24:25.874635 INFO::Fitting model to feature number 912, MI2__53736
2025-10-21 17:24:25.882137 INFO::Fitting model to feature number 913, MI2__69122
2025-10-21 17:24:25.887006 INFO::Fitting model to feature number 914, MI2__81543
2025-10-21 17:24:25.89095 INFO::Fitting model to feature number 915, MI31__3133
2025-10-21 17:24:25.895038 INFO::Fitting model to feature number 916, MI31__34956
2025-10-21 17:24:25.898962 INFO::Fitting model to feature number 917, MI31__52331
2025-10-21 17:24:25.903485 INFO::Fitting model to feature number 918, MI31__52924
2025-10-21 17:24:25.908483 INFO::Fitting model to feature number 919, MI31__58669
2025-10-21 17:24:25.912985 INFO::Fitting model to feature number 920, MI31__72113
2025-10-21 17:24:25.916756 INFO::Fitting model to feature number 921, MI31__9495
2025-10-21 17:24:25.920901 INFO::Fitting model to feature number 922, MI32__26776
2025-10-21 17:24:25.926141 INFO::Fitting model to feature number 923, MI32__28772
2025-10-21 17:24:25.93028 INFO::Fitting model to feature number 924, MI32__36947
2025-10-21 17:24:25.934545 INFO::Fitting model to feature number 925, MI32__39826
2025-10-21 17:24:25.939756 INFO::Fitting model to feature number 926, MI33__109730
2025-10-21 17:24:25.943955 INFO::Fitting model to feature number 927, MI33__123531
2025-10-21 17:24:25.947932 INFO::Fitting model to feature number 928, MI33__129657
2025-10-21 17:24:25.951731 INFO::Fitting model to feature number 929, MI33__18997
2025-10-21 17:24:25.969983 INFO::Fitting model to feature number 930, MI33__30110
2025-10-21 17:24:25.973704 INFO::Fitting model to feature number 931, MI33__46318
2025-10-21 17:24:25.977198 INFO::Fitting model to feature number 932, MI33__6501
2025-10-21 17:24:25.981231 INFO::Fitting model to feature number 933, MI33__79775
2025-10-21 17:24:25.985241 INFO::Fitting model to feature number 934, MI33__90822
2025-10-21 17:24:25.989011 INFO::Fitting model to feature number 935, MI33__99365
2025-10-21 17:24:25.992668 INFO::Fitting model to feature number 936, MI34__16637
2025-10-21 17:24:25.995889 INFO::Fitting model to feature number 937, MI34__39124
2025-10-21 17:24:25.999105 INFO::Fitting model to feature number 938, MI34__47956
2025-10-21 17:24:26.00354 INFO::Fitting model to feature number 939, MI34__6386
2025-10-21 17:24:26.007494 INFO::Fitting model to feature number 940, MI35__100916
2025-10-21 17:24:26.011926 INFO::Fitting model to feature number 941, MI35__108837
2025-10-21 17:24:26.015933 INFO::Fitting model to feature number 942, MI35__115185
2025-10-21 17:24:26.019716 INFO::Fitting model to feature number 943, MI35__117559
2025-10-21 17:24:26.024653 INFO::Fitting model to feature number 944, MI35__12223
2025-10-21 17:24:26.028945 INFO::Fitting model to feature number 945, MI35__1536
2025-10-21 17:24:26.033132 INFO::Fitting model to feature number 946, MI35__20089
2025-10-21 17:24:26.040892 INFO::Fitting model to feature number 947, MI35__2454
2025-10-21 17:24:26.047779 INFO::Fitting model to feature number 948, MI35__26089
2025-10-21 17:24:26.054567 INFO::Fitting model to feature number 949, MI35__29590
2025-10-21 17:24:26.060352 INFO::Fitting model to feature number 950, MI35__39948
2025-10-21 17:24:26.065111 INFO::Fitting model to feature number 951, MI35__60778
2025-10-21 17:24:26.069621 INFO::Fitting model to feature number 952, MI35__6781
2025-10-21 17:24:26.073851 INFO::Fitting model to feature number 953, MI35__81629
2025-10-21 17:24:26.077972 INFO::Fitting model to feature number 954, MI35__84518
2025-10-21 17:24:26.083057 INFO::Fitting model to feature number 955, MI35__84728
2025-10-21 17:24:26.087971 INFO::Fitting model to feature number 956, MI35__85349
2025-10-21 17:24:26.092116 INFO::Fitting model to feature number 957, MI35__88712
2025-10-21 17:24:26.09695 INFO::Fitting model to feature number 958, MI35__95401
2025-10-21 17:24:26.100731 INFO::Fitting model to feature number 959, MI35__97204
2025-10-21 17:24:26.104604 INFO::Fitting model to feature number 960, MI36__12288
2025-10-21 17:24:26.1085 INFO::Fitting model to feature number 961, MI36__20020
2025-10-21 17:24:26.112348 INFO::Fitting model to feature number 962, MI36__25477
2025-10-21 17:24:26.116001 INFO::Fitting model to feature number 963, MI36__34923
2025-10-21 17:24:26.120153 INFO::Fitting model to feature number 964, MI36__41237
2025-10-21 17:24:26.124513 INFO::Fitting model to feature number 965, MI36__51170
2025-10-21 17:24:26.128409 INFO::Fitting model to feature number 966, MI36__53481
2025-10-21 17:24:26.132133 INFO::Fitting model to feature number 967, MI36__6042
2025-10-21 17:24:26.13593 INFO::Fitting model to feature number 968, MI36__686
2025-10-21 17:24:26.140268 INFO::Fitting model to feature number 969, MI36__7092
2025-10-21 17:24:26.1442 INFO::Fitting model to feature number 970, MI37__11917
2025-10-21 17:24:26.148037 INFO::Fitting model to feature number 971, MI37__17004
2025-10-21 17:24:26.151937 INFO::Fitting model to feature number 972, MI37__24379
2025-10-21 17:24:26.156139 INFO::Fitting model to feature number 973, MI37__33948
2025-10-21 17:24:26.160299 INFO::Fitting model to feature number 974, MI37__39368
2025-10-21 17:24:26.164556 INFO::Fitting model to feature number 975, MI37__40529
2025-10-21 17:24:26.168463 INFO::Fitting model to feature number 976, MI37__47014
2025-10-21 17:24:26.172257 INFO::Fitting model to feature number 977, MI37__50209
2025-10-21 17:24:26.176061 INFO::Fitting model to feature number 978, MI37__56280
2025-10-21 17:24:26.179768 INFO::Fitting model to feature number 979, MI37__60075
2025-10-21 17:24:26.1907 INFO::Fitting model to feature number 980, MI37__75266
2025-10-21 17:24:26.197582 INFO::Fitting model to feature number 981, MI37__8235
2025-10-21 17:24:26.204214 INFO::Fitting model to feature number 982, MI37__9456
2025-10-21 17:24:26.20851 INFO::Fitting model to feature number 983, MI38__37503
2025-10-21 17:24:26.212694 INFO::Fitting model to feature number 984, MI38__39579
2025-10-21 17:24:26.216507 INFO::Fitting model to feature number 985, MI38__47575
2025-10-21 17:24:26.221267 INFO::Fitting model to feature number 986, MI38__49259
2025-10-21 17:24:26.225844 INFO::Fitting model to feature number 987, MI38__55378
2025-10-21 17:24:26.230756 INFO::Fitting model to feature number 988, MI38__60402
2025-10-21 17:24:26.237316 INFO::Fitting model to feature number 989, MI38__60752
2025-10-21 17:24:26.241525 INFO::Fitting model to feature number 990, MI38__73232
2025-10-21 17:24:26.246306 INFO::Fitting model to feature number 991, MI38__75658
2025-10-21 17:24:26.250736 INFO::Fitting model to feature number 992, MI3__108888
2025-10-21 17:24:26.255194 INFO::Fitting model to feature number 993, MI3__114035
2025-10-21 17:24:26.259471 INFO::Fitting model to feature number 994, MI3__4232
2025-10-21 17:24:26.263733 INFO::Fitting model to feature number 995, MI3__5364
2025-10-21 17:24:26.26897 INFO::Fitting model to feature number 996, MI3__68629
2025-10-21 17:24:26.273563 INFO::Fitting model to feature number 997, MI4__38274
2025-10-21 17:24:26.277989 INFO::Fitting model to feature number 998, MI4__41609
2025-10-21 17:24:26.282564 INFO::Fitting model to feature number 999, MI4__43404
2025-10-21 17:24:26.287182 INFO::Fitting model to feature number 1000, MI4__43785
2025-10-21 17:24:26.291727 INFO::Fitting model to feature number 1001, MI4__48299
2025-10-21 17:24:26.296544 INFO::Fitting model to feature number 1002, MI4__48494
2025-10-21 17:24:26.301089 INFO::Fitting model to feature number 1003, MI4__55228
2025-10-21 17:24:26.306476 INFO::Fitting model to feature number 1004, MI4__58394
2025-10-21 17:24:26.310866 INFO::Fitting model to feature number 1005, MI4__74151
2025-10-21 17:24:26.314902 INFO::Fitting model to feature number 1006, MI5__111987
2025-10-21 17:24:26.318505 INFO::Fitting model to feature number 1007, MI5__118538
2025-10-21 17:24:26.322132 INFO::Fitting model to feature number 1008, MI5__149159
2025-10-21 17:24:26.326357 INFO::Fitting model to feature number 1009, MI5__173895
2025-10-21 17:24:26.330272 INFO::Fitting model to feature number 1010, MI5__175914
2025-10-21 17:24:26.337315 INFO::Fitting model to feature number 1011, MI5__182255
2025-10-21 17:24:26.346393 INFO::Fitting model to feature number 1012, MI5__183258
2025-10-21 17:24:26.353437 INFO::Fitting model to feature number 1013, MI5__200021
2025-10-21 17:24:26.358857 INFO::Fitting model to feature number 1014, MI5__38870
2025-10-21 17:24:26.363315 INFO::Fitting model to feature number 1015, MI5__47352
2025-10-21 17:24:26.368343 INFO::Fitting model to feature number 1016, MI5__87001
2025-10-21 17:24:26.372592 INFO::Fitting model to feature number 1017, MI6__13659
2025-10-21 17:24:26.377099 INFO::Fitting model to feature number 1018, MI6__14551
2025-10-21 17:24:26.381458 INFO::Fitting model to feature number 1019, MI6__49800
2025-10-21 17:24:26.387429 INFO::Fitting model to feature number 1020, MI6__52258
2025-10-21 17:24:26.392702 INFO::Fitting model to feature number 1021, MI6__57317
2025-10-21 17:24:26.396857 INFO::Fitting model to feature number 1022, MI7__13139
2025-10-21 17:24:26.400955 INFO::Fitting model to feature number 1023, MI7__20596
2025-10-21 17:24:26.405867 INFO::Fitting model to feature number 1024, MI7__26291
2025-10-21 17:24:26.4102 INFO::Fitting model to feature number 1025, MI7__26787
2025-10-21 17:24:26.414585 INFO::Fitting model to feature number 1026, MI7__29614
2025-10-21 17:24:26.418712 INFO::Fitting model to feature number 1027, MI7__39477
2025-10-21 17:24:26.423348 INFO::Fitting model to feature number 1028, MI7__47996
2025-10-21 17:24:26.428174 INFO::Fitting model to feature number 1029, MI7__48339
2025-10-21 17:24:26.432744 INFO::Fitting model to feature number 1030, MI7__7995
2025-10-21 17:24:26.437419 INFO::Fitting model to feature number 1031, MI8__102292
2025-10-21 17:24:26.442119 INFO::Fitting model to feature number 1032, MI8__106308
2025-10-21 17:24:26.446887 INFO::Fitting model to feature number 1033, MI8__111480
2025-10-21 17:24:26.451401 INFO::Fitting model to feature number 1034, MI8__117608
2025-10-21 17:24:26.456222 INFO::Fitting model to feature number 1035, MI8__119713
2025-10-21 17:24:26.460166 INFO::Fitting model to feature number 1036, MI8__127853
2025-10-21 17:24:26.46481 INFO::Fitting model to feature number 1037, MI8__131997
2025-10-21 17:24:26.468848 INFO::Fitting model to feature number 1038, MI8__137721
2025-10-21 17:24:26.472644 INFO::Fitting model to feature number 1039, MI8__139920
2025-10-21 17:24:26.476386 INFO::Fitting model to feature number 1040, MI8__19506
2025-10-21 17:24:26.480027 INFO::Fitting model to feature number 1041, MI8__38973
2025-10-21 17:24:26.484196 INFO::Fitting model to feature number 1042, MI8__44352
2025-10-21 17:24:26.49546 INFO::Fitting model to feature number 1043, MI8__75762
2025-10-21 17:24:26.501621 INFO::Fitting model to feature number 1044, MI8__76034
2025-10-21 17:24:26.5087 INFO::Fitting model to feature number 1045, MI8__85262
2025-10-21 17:24:26.513076 INFO::Fitting model to feature number 1046, MI9__16637
2025-10-21 17:24:26.517348 INFO::Fitting model to feature number 1047, MI9__4666
2025-10-21 17:24:26.521033 INFO::Fitting model to feature number 1048, MI9__62916
2025-10-21 17:24:26.525214 INFO::Fitting model to feature number 1049, MI9__68769
2025-10-21 17:24:26.529213 INFO::Fitting model to feature number 1050, MI9__7017
2025-10-21 17:24:26.534051 INFO::Fitting model to feature number 1051, MI9__70598
2025-10-21 17:24:26.636202 INFO::Counting total values for each feature
2025-10-21 17:24:26.686548 INFO::Writing filtered data to file E:/Python/MI_Analysis/metagenome/data_figures/p/MaAsLin2_OTU//virus/features/filtered_data.tsv
2025-10-21 17:24:26.784131 INFO::Writing filtered, normalized data to file E:/Python/MI_Analysis/metagenome/data_figures/p/MaAsLin2_OTU//virus/features/filtered_data_norm.tsv
2025-10-21 17:24:26.956315 INFO::Writing filtered, normalized, transformed data to file E:/Python/MI_Analysis/metagenome/data_figures/p/MaAsLin2_OTU//virus/features/filtered_data_norm_transformed.tsv
2025-10-21 17:24:27.190528 WARNING::Deleting existing residuals file: E:/Python/MI_Analysis/metagenome/data_figures/p/MaAsLin2_OTU//virus/fits/residuals.rds
2025-10-21 17:24:27.193743 INFO::Writing residuals to file E:/Python/MI_Analysis/metagenome/data_figures/p/MaAsLin2_OTU//virus/fits/residuals.rds
2025-10-21 17:24:27.217862 WARNING::Deleting existing fitted file: E:/Python/MI_Analysis/metagenome/data_figures/p/MaAsLin2_OTU//virus/fits/fitted.rds
2025-10-21 17:24:27.220858 INFO::Writing fitted values to file E:/Python/MI_Analysis/metagenome/data_figures/p/MaAsLin2_OTU//virus/fits/fitted.rds
2025-10-21 17:24:27.23005 INFO::Writing all results to file (ordered by increasing q-values): E:/Python/MI_Analysis/metagenome/data_figures/p/MaAsLin2_OTU//virus/all_results.tsv
2025-10-21 17:24:27.249027 INFO::Writing the significant results (those which are less than or equal to the threshold of 0.050000 ) to file (ordered by increasing q-values): E:/Python/MI_Analysis/metagenome/data_figures/p/MaAsLin2_OTU//virus/significant_results.tsv
2025-10-21 17:24:27.252306 INFO::Writing heatmap of significant results to file: E:/Python/MI_Analysis/metagenome/data_figures/p/MaAsLin2_OTU//virus/heatmap.pdf
2025-10-21 17:24:27.256249 INFO::Writing association plots (one for each significant association) to output folder: E:/Python/MI_Analysis/metagenome/data_figures/p/MaAsLin2_OTU//virus
2025-10-21 17:24:27.26672 INFO::Plotting associations from most to least significant, grouped by metadata
2025-10-21 17:24:27.268639 INFO::Plotting data for metadata number 1, Group
2025-10-21 17:24:27.318479 INFO::Creating boxplot for categorical data, Group vs CON35__43183
2025-10-21 17:24:27.858945 INFO::Creating boxplot for categorical data, Group vs CON26__17032
2025-10-21 17:24:28.120747 INFO::Creating boxplot for categorical data, Group vs HF22__27217
2025-10-21 17:24:28.383775 INFO::Creating boxplot for categorical data, Group vs HF22__28345
2025-10-21 17:24:28.647383 INFO::Creating boxplot for categorical data, Group vs HF22__9393
2025-10-21 17:24:28.899542 INFO::Creating boxplot for categorical data, Group vs CON35__22276
2025-10-21 17:24:29.174183 INFO::Creating boxplot for categorical data, Group vs CON34__10987
2025-10-21 17:24:29.44592 INFO::Creating boxplot for categorical data, Group vs HF7__1727
2025-10-21 17:24:29.688718 INFO::Creating boxplot for categorical data, Group vs CON24__18379
2025-10-21 17:24:29.946618 INFO::Creating boxplot for categorical data, Group vs CON35__16446
2025-10-21 17:24:30.184792 INFO::Creating boxplot for categorical data, Group vs CON24__67436
2025-10-21 17:24:30.431738 INFO::Creating boxplot for categorical data, Group vs MI11__8907
