2025-10-20 22:47:31.312806 INFO::Writing function arguments to log file
2025-10-20 22:47:31.328993 DEBUG::Function arguments
2025-10-20 22:47:31.345675 DEBUG::Input data file: E:/Python/MI_Analysis/metagenome/data_figures/filtered_data_20percent/MaAsLin2_OTU//archaea_temp.tsv
2025-10-20 22:47:31.347484 DEBUG::Input metadata file: E:/Python/MI_Analysis/metagenome/data_figures/filtered_data_20percent/MaAsLin2_OTU//metadata_temp.tsv
2025-10-20 22:47:31.350218 DEBUG::Output folder: E:/Python/MI_Analysis/metagenome/data_figures/filtered_data_20percent/MaAsLin2_OTU//archaea
2025-10-20 22:47:31.352736 DEBUG::Min Abundance: 0.000000
2025-10-20 22:47:31.354685 DEBUG::Min Prevalence: 0.100000
2025-10-20 22:47:31.355887 DEBUG::Normalization: TSS
2025-10-20 22:47:31.357071 DEBUG::Transform: LOG
2025-10-20 22:47:31.358108 DEBUG::Analysis method: LM
2025-10-20 22:47:31.359032 DEBUG::Max significance: 0.050000
2025-10-20 22:47:31.360028 DEBUG::Random effects:
2025-10-20 22:47:31.360988 DEBUG::Fixed effects: Group
2025-10-20 22:47:31.361987 DEBUG::Correction method: BH
2025-10-20 22:47:31.363044 DEBUG::Standardize: TRUE
2025-10-20 22:47:31.365603 DEBUG::Cores: 1
2025-10-20 22:47:31.366787 INFO::Verifying options selected are valid
2025-10-20 22:47:31.614206 INFO::Determining format of input files
2025-10-20 22:47:31.616889 INFO::Input format is data samples as columns and metadata samples as rows
2025-10-20 22:47:31.626364 DEBUG::Transformed data so samples are rows
2025-10-20 22:47:31.636326 DEBUG::A total of 84 samples were found in both the data and metadata
2025-10-20 22:47:31.638019 DEBUG::Reordering data/metadata to use same sample ordering
2025-10-20 22:47:31.649979 INFO::Formula for fixed effects: expr ~  Group
2025-10-20 22:47:31.654894 INFO::Filter data based on min abundance and min prevalence
2025-10-20 22:47:31.658295 INFO::Total samples in data: 84
2025-10-20 22:47:31.661639 INFO::Min samples required with min abundance for a feature not to be filtered: 8.400000
2025-10-20 22:47:31.67891 INFO::Total filtered features: 0
2025-10-20 22:47:31.682667 INFO::Filtered feature names from abundance and prevalence filtering:
2025-10-20 22:47:31.71062 INFO::Total filtered features with variance filtering: 0
2025-10-20 22:47:31.713683 INFO::Filtered feature names from variance filtering:
2025-10-20 22:47:31.717197 INFO::Running selected normalization method: TSS
2025-10-20 22:47:31.737151 INFO::Applying z-score to standardize continuous metadata
2025-10-20 22:47:31.773975 INFO::Running selected transform method: LOG
2025-10-20 22:47:31.796527 INFO::Running selected analysis method: LM
2025-10-20 22:47:31.826578 INFO::Fitting model to feature number 1, k__Archaea
2025-10-20 22:47:31.842818 INFO::Fitting model to feature number 2, k__Archaea.p__Methanobacteriota
2025-10-20 22:47:31.85059 INFO::Fitting model to feature number 3, k__Archaea.p__Methanobacteriota.c__Methanobacteria
2025-10-20 22:47:31.858963 INFO::Fitting model to feature number 4, k__Archaea.p__Methanobacteriota.c__Methanobacteria.o__Methanobacteriales
2025-10-20 22:47:31.871181 INFO::Fitting model to feature number 5, k__Archaea.p__Methanobacteriota.c__Methanobacteria.o__Methanobacteriales.f__Methanobacteriaceae
2025-10-20 22:47:31.878959 INFO::Fitting model to feature number 6, k__Archaea.p__Methanobacteriota.c__Methanobacteria.o__Methanobacteriales.f__Methanobacteriaceae.g__Methanobrevibacter_A
2025-10-20 22:47:31.887347 INFO::Fitting model to feature number 7, k__Archaea.p__Methanobacteriota.c__Methanobacteria.o__Methanobacteriales.f__Methanobacteriaceae.g__Methanobrevibacter_A.s__Methanobrevibacter_A_sp900766745
2025-10-20 22:47:31.893414 INFO::Fitting model to feature number 8, k__Archaea.p__Thermoplasmatota
2025-10-20 22:47:31.901511 INFO::Fitting model to feature number 9, k__Archaea.p__Thermoplasmatota.c__Thermoplasmata
2025-10-20 22:47:31.907807 INFO::Fitting model to feature number 10, k__Archaea.p__Thermoplasmatota.c__Thermoplasmata.o__Methanomassiliicoccales
2025-10-20 22:47:31.91479 INFO::Fitting model to feature number 11, k__Archaea.p__Thermoplasmatota.c__Thermoplasmata.o__Methanomassiliicoccales.f__Methanomassiliicoccaceae
2025-10-20 22:47:31.921751 INFO::Fitting model to feature number 12, k__Archaea.p__Thermoplasmatota.c__Thermoplasmata.o__Methanomassiliicoccales.f__Methanomassiliicoccaceae.g__Methanomassiliicoccus_A
2025-10-20 22:47:31.928533 INFO::Fitting model to feature number 13, k__Archaea.p__Thermoplasmatota.c__Thermoplasmata.o__Methanomassiliicoccales.f__Methanomassiliicoccaceae.g__Methanomassiliicoccus_A.s__Methanomassiliicoccus_A_intestinalis
2025-10-20 22:47:31.937221 INFO::Fitting model to feature number 14, k__Archaea.p__Asgardarchaeota
2025-10-20 22:47:31.94617 INFO::Fitting model to feature number 15, k__Archaea.p__Nanoarchaeota
2025-10-20 22:47:31.953614 INFO::Fitting model to feature number 16, k__Archaea.p__Nanoarchaeota.c__Nanoarchaeia
2025-10-20 22:47:31.962639 INFO::Fitting model to feature number 17, k__Archaea.p__Halobacteriota
2025-10-20 22:47:31.969747 INFO::Fitting model to feature number 18, k__Archaea.p__Asgardarchaeota.c__Lokiarchaeia
2025-10-20 22:47:31.977919 INFO::Fitting model to feature number 19, k__Archaea.p__Asgardarchaeota.c__Lokiarchaeia.o__CR.4
2025-10-20 22:47:31.98701 INFO::Fitting model to feature number 20, k__Archaea.p__Thermoproteota
2025-10-20 22:47:31.995781 INFO::Fitting model to feature number 21, k__Archaea.p__Asgardarchaeota.c__Lokiarchaeia.o__CR.4.f__SOKP01
2025-10-20 22:47:32.003918 INFO::Fitting model to feature number 22, k__Archaea.p__Nanoarchaeota.c__Nanoarchaeia.o__Woesearchaeales
2025-10-20 22:47:32.013129 INFO::Fitting model to feature number 23, k__Archaea.p__Nanoarchaeota.c__Nanoarchaeia.o__SCGC.AAA011.G17
2025-10-20 22:47:32.021333 INFO::Fitting model to feature number 24, k__Archaea.p__Halobacteriota.c__Methanosarcinia
2025-10-20 22:47:32.029688 INFO::Fitting model to feature number 25, k__Archaea.p__Halobacteriota.c__Methanosarcinia.o__Methanosarcinales
2025-10-20 22:47:32.036843 INFO::Fitting model to feature number 26, k__Archaea.p__Halobacteriota.c__Methanosarcinia.o__Methanosarcinales.f__Methanosarcinaceae
2025-10-20 22:47:32.04484 INFO::Fitting model to feature number 27, k__Archaea.p__Nanoarchaeota.c__Nanoarchaeia.o__Pacearchaeales
2025-10-20 22:47:32.052646 INFO::Fitting model to feature number 28, k__Archaea.p__Nanoarchaeota.c__Nanoarchaeia.o__SCGC.AAA011.G17.f__GW2011.AR18
2025-10-20 22:47:32.06076 INFO::Fitting model to feature number 29, k__Archaea.p__Nanoarchaeota.c__Nanoarchaeia.o__SCGC.AAA011.G17.f__GW2011.AR18.g__JAGWAD01
2025-10-20 22:47:32.068524 INFO::Fitting model to feature number 30, k__Archaea.p__Nanoarchaeota.c__Nanoarchaeia.o__SCGC.AAA011.G17.f__GW2011.AR18.g__JAGWAD01.s__JAGWAD01_sp018302105
2025-10-20 22:47:32.07636 INFO::Fitting model to feature number 31, k__Archaea.p__Methanobacteriota.c__Methanobacteria.o__Methanobacteriales.f__Methanobacteriaceae.g__Methanosphaera
2025-10-20 22:47:32.084828 INFO::Fitting model to feature number 32, k__Archaea.p__Asgardarchaeota.c__Heimdallarchaeia
2025-10-20 22:47:32.095031 INFO::Fitting model to feature number 33, k__Archaea.p__Asgardarchaeota.c__Heimdallarchaeia.o__UBA460
2025-10-20 22:47:32.106068 INFO::Fitting model to feature number 34, k__Archaea.p__Thermoplasmatota.c__Thermoplasmata.o__Methanomassiliicoccales.f__Methanomethylophilaceae
2025-10-20 22:47:32.114459 INFO::Fitting model to feature number 35, k__Archaea.p__Thermoproteota.c__Nitrososphaeria
2025-10-20 22:47:32.124141 INFO::Fitting model to feature number 36, k__Archaea.p__Thermoproteota.c__Nitrososphaeria.o__Nitrososphaerales
2025-10-20 22:47:32.134119 INFO::Fitting model to feature number 37, k__Archaea.p__Halobacteriota.c__Methanomicrobia
2025-10-20 22:47:32.143137 INFO::Fitting model to feature number 38, k__Archaea.p__Halobacteriota.c__Methanomicrobia.o__Methanomicrobiales
2025-10-20 22:47:32.151765 INFO::Fitting model to feature number 39, k__Archaea.p__Thermoproteota.c__Bathyarchaeia
2025-10-20 22:47:32.158455 INFO::Fitting model to feature number 40, k__Archaea.p__Halobacteriota.c__Methanosarcinia.o__Methanosarcinales.f__Methanosarcinaceae.g__Methanosarcina
2025-10-20 22:47:32.166646 INFO::Fitting model to feature number 41, k__Archaea.p__Thermoplasmatota.c__Thermoplasmata.o__Methanomassiliicoccales.f__Methanomethylophilaceae.g__UBA71
2025-10-20 22:47:32.174541 INFO::Fitting model to feature number 42, k__Archaea.p__Iainarchaeota
2025-10-20 22:47:32.181348 INFO::Fitting model to feature number 43, k__Archaea.p__Iainarchaeota.c__Iainarchaeia
2025-10-20 22:47:32.188686 INFO::Fitting model to feature number 44, k__Archaea.p__Iainarchaeota.c__Iainarchaeia.o__Iainarchaeales
2025-10-20 22:47:32.196395 INFO::Fitting model to feature number 45, k__Archaea.p__Thermoproteota.c__Bathyarchaeia.o__B26.1
2025-10-20 22:47:32.202763 INFO::Fitting model to feature number 46, k__Archaea.p__Thermoproteota.c__Bathyarchaeia.o__B26.1.f__UBA233
2025-10-20 22:47:32.210787 INFO::Fitting model to feature number 47, k__Archaea.p__Asgardarchaeota.c__Lokiarchaeia.o__CR.4.f__SOKP01.g__Loki.b32
2025-10-20 22:47:32.220431 INFO::Fitting model to feature number 48, k__Archaea.p__Asgardarchaeota.c__Hermodarchaeia
2025-10-20 22:47:32.229949 INFO::Fitting model to feature number 49, k__Archaea.p__Asgardarchaeota.c__Hermodarchaeia.o__Hermodarchaeales
2025-10-20 22:47:32.238587 INFO::Fitting model to feature number 50, k__Archaea.p__Asgardarchaeota.c__Hermodarchaeia.o__Hermodarchaeales.f__Hermodarchaeaceae
2025-10-20 22:47:32.245194 INFO::Fitting model to feature number 51, k__Archaea.p__Asgardarchaeota.c__Hermodarchaeia.o__Hermodarchaeales.f__Hermodarchaeaceae.g__Hermodarchaeum
2025-10-20 22:47:32.253006 INFO::Fitting model to feature number 52, k__Archaea.p__Asgardarchaeota.c__Hermodarchaeia.o__Hermodarchaeales.f__Hermodarchaeaceae.g__Hermodarchaeum.s__Hermodarchaeum_sp016550425
2025-10-20 22:47:32.260954 INFO::Fitting model to feature number 53, k__Archaea.p__Asgardarchaeota.c__Heimdallarchaeia.o__UBA460.f__Kariarchaeaceae
2025-10-20 22:47:32.26818 INFO::Fitting model to feature number 54, k__Archaea.p__Thermoproteota.c__Bathyarchaeia.o__B26.1.f__UBA233.g__PALSA.986
2025-10-20 22:47:32.274299 INFO::Fitting model to feature number 55, k__Archaea.p__Methanobacteriota.c__Methanobacteria.o__Methanobacteriales.f__Methanobacteriaceae.g__Methanosphaera.s__Methanosphaera_stadtmanae
2025-10-20 22:47:32.281116 INFO::Fitting model to feature number 56, k__Archaea.p__Asgardarchaeota.c__Lokiarchaeia.o__CR.4.f__SOKP01.g__SOKP01
2025-10-20 22:47:32.288483 INFO::Fitting model to feature number 57, k__Archaea.p__Methanobacteriota.c__Methanobacteria.o__Methanobacteriales.f__Methanobacteriaceae.g__Methanobrevibacter
2025-10-20 22:47:32.295488 INFO::Fitting model to feature number 58, k__Archaea.p__Asgardarchaeota.c__Heimdallarchaeia.o__UBA460.f__UBA460
2025-10-20 22:47:32.301977 INFO::Fitting model to feature number 59, k__Archaea.p__Asgardarchaeota.c__Heimdallarchaeia.o__UBA460.f__UBA460.g__UBA460
2025-10-20 22:47:32.308355 INFO::Fitting model to feature number 60, k__Archaea.p__Methanobacteriota_B
2025-10-20 22:47:32.315169 INFO::Fitting model to feature number 61, k__Archaea.p__Methanobacteriota_B.c__Thermococci
2025-10-20 22:47:32.321131 INFO::Fitting model to feature number 62, k__Archaea.p__Thermoproteota.c__Nitrososphaeria.o__Nitrososphaerales.f__Nitrosopumilaceae
2025-10-20 22:47:32.326539 INFO::Fitting model to feature number 63, k__Archaea.p__Thermoproteota.c__Nitrososphaeria.o__Nitrososphaerales.f__Nitrosopumilaceae.g__Nitrosarchaeum
2025-10-20 22:47:32.333686 INFO::Fitting model to feature number 64, k__Archaea.p__Nanoarchaeota.c__Nanoarchaeia.o__Pacearchaeales.f__GW2011.AR1
2025-10-20 22:47:32.343048 INFO::Fitting model to feature number 65, k__Archaea.p__Asgardarchaeota.c__Lokiarchaeia.o__CR.4.f__MK.D1
2025-10-20 22:47:32.353806 INFO::Fitting model to feature number 66, k__Archaea.p__Asgardarchaeota.c__Lokiarchaeia.o__CR.4.f__MK.D1.g__Prometheoarchaeum
2025-10-20 22:47:32.364189 INFO::Fitting model to feature number 67, k__Archaea.p__Asgardarchaeota.c__Lokiarchaeia.o__Helarchaeales
2025-10-20 22:47:32.371432 INFO::Fitting model to feature number 68, k__Archaea.p__Asgardarchaeota.c__Lokiarchaeia.o__Helarchaeales.f__HEL.GB.A
2025-10-20 22:47:32.379676 INFO::Fitting model to feature number 69, k__Archaea.p__Asgardarchaeota.c__Lokiarchaeia.o__Helarchaeales.f__HEL.GB.A.g__JABXJT01
2025-10-20 22:47:32.386656 INFO::Fitting model to feature number 70, k__Archaea.p__Methanobacteriota.c__Methanobacteria.o__Methanobacteriales.f__Methanobacteriaceae.g__Methanosphaera.s__Methanosphaera_sp900322125
2025-10-20 22:47:32.393083 INFO::Fitting model to feature number 71, k__Archaea.p__Methanobacteriota.c__Methanobacteria.o__Methanobacteriales.f__Methanobacteriaceae.g__Methanobrevibacter_A.s__Methanobrevibacter_A_sp902785855
2025-10-20 22:47:32.399728 INFO::Fitting model to feature number 72, k__Archaea.p__Thermoproteota.c__Nitrososphaeria.o__Nitrososphaerales.f__UBA57
2025-10-20 22:47:32.41403 INFO::Fitting model to feature number 73, k__Archaea.p__Altiarchaeota
2025-10-20 22:47:32.426848 INFO::Fitting model to feature number 74, k__Archaea.p__Altiarchaeota.c__Altiarchaeia
2025-10-20 22:47:32.43644 INFO::Fitting model to feature number 75, k__Archaea.p__Altiarchaeota.c__Altiarchaeia.o__IMC4
2025-10-20 22:47:32.678575 INFO::Fitting model to feature number 76, k__Archaea.p__Thermoproteota.c__Thermoprotei_A
2025-10-20 22:47:32.683741 INFO::Fitting model to feature number 77, k__Archaea.p__Thermoproteota.c__Thermoprotei_A.o__Sulfolobales
2025-10-20 22:47:32.688778 INFO::Fitting model to feature number 78, k__Archaea.p__Thermoplasmatota.c__Thermoplasmata.o__Methanomassiliicoccales.f__Methanomethylophilaceae.g__UBA71.s__UBA71_sp006954465
2025-10-20 22:47:32.693844 INFO::Fitting model to feature number 79, k__Archaea.p__Thermoplasmatota.c__Thermoplasmata.o__Methanomassiliicoccales.f__Methanomethylophilaceae.g__UBA71.s__UBA71_sp905187815
2025-10-20 22:47:32.701975 INFO::Fitting model to feature number 80, k__Archaea.p__Aenigmatarchaeota
2025-10-20 22:47:32.712801 INFO::Fitting model to feature number 81, k__Archaea.p__Aenigmatarchaeota.c__Aenigmatarchaeia
2025-10-20 22:47:32.725316 INFO::Fitting model to feature number 82, k__Archaea.p__Halobacteriota.c__Methanosarcinia.o__Methanosarcinales.f__Methanosarcinaceae.g__Methanolobus
2025-10-20 22:47:32.735542 INFO::Fitting model to feature number 83, k__Archaea.p__Asgardarchaeota.c__Thorarchaeia
2025-10-20 22:47:32.747693 INFO::Fitting model to feature number 84, k__Archaea.p__Asgardarchaeota.c__Thorarchaeia.o__Thorarchaeales
2025-10-20 22:47:32.756703 INFO::Fitting model to feature number 85, k__Archaea.p__Asgardarchaeota.c__Thorarchaeia.o__Thorarchaeales.f__Thorarchaeaceae
2025-10-20 22:47:32.765353 INFO::Fitting model to feature number 86, k__Archaea.p__Halobacteriota.c__Halobacteria
2025-10-20 22:47:32.773402 INFO::Fitting model to feature number 87, k__Archaea.p__Halobacteriota.c__Halobacteria.o__Halobacteriales
2025-10-20 22:47:32.779904 INFO::Fitting model to feature number 88, k__Archaea.p__Methanobacteriota.c__Methanobacteria.o__Methanobacteriales.f__Methanobacteriaceae.g__Methanobrevibacter_A.s__Methanobrevibacter_A_sp900314695
2025-10-20 22:47:32.784914 INFO::Fitting model to feature number 89, k__Archaea.p__Methanobacteriota.c__Methanobacteria.o__Methanobacteriales.f__Methanobacteriaceae.g__UBA412
2025-10-20 22:47:32.790133 INFO::Fitting model to feature number 90, k__Archaea.p__Asgardarchaeota.c__Lokiarchaeia.o__CR.4.f__SOKP01.g__6H3.1
2025-10-20 22:47:32.795404 INFO::Fitting model to feature number 91, k__Archaea.p__Asgardarchaeota.c__Lokiarchaeia.o__CR.4.f__SOKP01.g__6H3.1.s__6H3.1_sp019058015
2025-10-20 22:47:32.800587 INFO::Fitting model to feature number 92, k__Archaea.p__Methanobacteriota.c__Methanobacteria.o__Methanobacteriales.f__Methanobacteriaceae.g__Methanobrevibacter_A.s__Methanobrevibacter_A_gottschalkii
2025-10-20 22:47:32.806787 INFO::Fitting model to feature number 93, k__Archaea.p__Methanobacteriota.c__Methanococci
2025-10-20 22:47:32.811668 INFO::Fitting model to feature number 94, k__Archaea.p__Methanobacteriota.c__Methanococci.o__Methanococcales
2025-10-20 22:47:32.81809 INFO::Fitting model to feature number 95, k__Archaea.p__Methanobacteriota.c__Methanococci.o__Methanococcales.f__Methanococcaceae
2025-10-20 22:47:32.823878 INFO::Fitting model to feature number 96, k__Archaea.p__Halobacteriota.c__Methanomicrobia.o__Methanomicrobiales.f__Methanocorpusculaceae
2025-10-20 22:47:32.829003 INFO::Fitting model to feature number 97, k__Archaea.p__Halobacteriota.c__Methanomicrobia.o__Methanomicrobiales.f__Methanocorpusculaceae.g__Methanocorpusculum
2025-10-20 22:47:32.834668 INFO::Fitting model to feature number 98, k__Archaea.p__Asgardarchaeota.c__Lokiarchaeia.o__CR.4.f__SOKP01.g__LW40.45
2025-10-20 22:47:32.839802 INFO::Fitting model to feature number 99, k__Archaea.p__Methanobacteriota_B.c__Thermococci.o__Methanofastidiosales
2025-10-20 22:47:32.844821 INFO::Fitting model to feature number 100, k__Archaea.p__Methanobacteriota_B.c__Thermococci.o__Methanofastidiosales.f__Methanofastidiosaceae
2025-10-20 22:47:32.851004 INFO::Fitting model to feature number 101, k__Archaea.p__Methanobacteriota_B.c__Thermococci.o__Methanofastidiosales.f__Methanofastidiosaceae.g__Methanofastidiosum
2025-10-20 22:47:32.856167 INFO::Fitting model to feature number 102, k__Archaea.p__Methanobacteriota_B.c__Thermococci.o__Methanofastidiosales.f__Methanofastidiosaceae.g__Methanofastidiosum.s__Methanofastidiosum_sp013178285
2025-10-20 22:47:32.861209 INFO::Fitting model to feature number 103, k__Archaea.p__Methanobacteriota.c__Methanobacteria.o__Methanobacteriales.f__Methanobacteriaceae.g__Methanobrevibacter_A.s__Methanobrevibacter_A_smithii
2025-10-20 22:47:32.867089 INFO::Fitting model to feature number 104, k__Archaea.p__Thermoplasmatota.c__JAEHCK01
2025-10-20 22:47:32.871972 INFO::Fitting model to feature number 105, k__Archaea.p__Thermoplasmatota.c__JAEHCK01.o__JAEHCK01
2025-10-20 22:47:32.876177 INFO::Fitting model to feature number 106, k__Archaea.p__Thermoplasmatota.c__Poseidoniia
2025-10-20 22:47:32.880498 INFO::Fitting model to feature number 107, k__Archaea.p__Thermoplasmatota.c__Thermoplasmata.o__Methanomassiliicoccales.f__Methanomassiliicoccaceae.g__Methanomassiliicoccus_A.s__Methanomassiliicoccus_A_sp905203995
2025-10-20 22:47:32.885265 INFO::Fitting model to feature number 108, k__Archaea.p__Halobacteriota.c__Methanomicrobia.o__Methanomicrobiales.f__Methanoregulaceae
2025-10-20 22:47:32.889908 INFO::Fitting model to feature number 109, k__Archaea.p__Methanobacteriota.c__Methanobacteria.o__Methanobacteriales.f__Methanobacteriaceae.g__Methanobrevibacter_C
2025-10-20 22:47:32.89451 INFO::Fitting model to feature number 110, k__Archaea.p__Thermoproteota.c__Nitrososphaeria.o__Nitrososphaerales.f__UBA57.g__UBA57
2025-10-20 22:47:32.899473 INFO::Fitting model to feature number 111, k__Archaea.p__Aenigmatarchaeota.c__Aenigmatarchaeia.o__CG10238.14
2025-10-20 22:47:32.904399 INFO::Fitting model to feature number 112, k__Archaea.p__Nanoarchaeota.c__Nanoarchaeia.o__Woesearchaeales.f__ARS49
2025-10-20 22:47:32.910038 INFO::Fitting model to feature number 113, k__Archaea.p__Nanoarchaeota.c__Nanoarchaeia.o__Woesearchaeales.f__JABGXB01
2025-10-20 22:47:32.915112 INFO::Fitting model to feature number 114, k__Archaea.p__Nanoarchaeota.c__Nanoarchaeia.o__Woesearchaeales.f__JABGXB01.g__JABGXB01
2025-10-20 22:47:32.919438 INFO::Fitting model to feature number 115, k__Archaea.p__Nanoarchaeota.c__Nanoarchaeia.o__Woesearchaeales.f__JABGXB01.g__JABGXB01.s__JABGXB01_sp018675975
2025-10-20 22:47:32.92459 INFO::Fitting model to feature number 116, k__Archaea.p__Asgardarchaeota.c__Lokiarchaeia.o__CR.4.f__SOKP01.g__TEKIR.21
2025-10-20 22:47:32.929623 INFO::Fitting model to feature number 117, k__Archaea.p__Asgardarchaeota.c__Lokiarchaeia.o__CR.4.f__SOKP01.g__TEKIR.21.s__TEKIR.21_sp004524425
2025-10-20 22:47:32.93439 INFO::Fitting model to feature number 118, k__Archaea.p__Halobacteriota.c__Halobacteria.o__Halobacteriales.f__Haloferacaceae
2025-10-20 22:47:32.939766 INFO::Fitting model to feature number 119, k__Archaea.p__Methanobacteriota_B.c__Thermococci.o__Thermococcales
2025-10-20 22:47:32.944416 INFO::Fitting model to feature number 120, k__Archaea.p__Methanobacteriota_B.c__Thermococci.o__Thermococcales.f__Thermococcaceae
2025-10-20 22:47:32.949529 INFO::Fitting model to feature number 121, k__Archaea.p__Nanoarchaeota.c__Nanoarchaeia.o__Woesearchaeales.f__GW2011.AR4
2025-10-20 22:47:32.954221 INFO::Fitting model to feature number 122, k__Archaea.p__Nanoarchaeota.c__Nanoarchaeia.o__Woesearchaeales.f__GW2011.AR4.g__GCA.2688775
2025-10-20 22:47:32.958737 INFO::Fitting model to feature number 123, k__Archaea.p__Methanobacteriota.c__Methanobacteria.o__Methanobacteriales.f__Methanobacteriaceae.g__Methanobrevibacter_A.s__Methanobrevibacter_A_sp902764455
2025-10-20 22:47:32.962787 INFO::Fitting model to feature number 124, k__Archaea.p__Methanobacteriota.c__Methanobacteria.o__Methanobacteriales.f__Methanobacteriaceae.g__Methanobrevibacter_A.s__Methanobrevibacter_A_woesei
2025-10-20 22:47:32.966967 INFO::Fitting model to feature number 125, k__Archaea.p__Thermoplasmatota.c__Thermoplasmata.o__Thermoplasmatales
2025-10-20 22:47:32.971798 INFO::Fitting model to feature number 126, k__Archaea.p__Thermoplasmatota.c__Thermoplasmata.o__Thermoplasmatales.f__Thermoplasmataceae
2025-10-20 22:47:32.97573 INFO::Fitting model to feature number 127, k__Archaea.p__Thermoproteota.c__Thermoprotei_A.o__Sulfolobales.f__Desulfurococcaceae
2025-10-20 22:47:32.980494 INFO::Fitting model to feature number 128, k__Archaea.p__Asgardarchaeota.c__Heimdallarchaeia.o__UBA460.f__UBA460.g__UBA460.s__UBA460_sp018238545
2025-10-20 22:47:32.985701 INFO::Fitting model to feature number 129, k__Archaea.p__Thermoplasmatota.c__Thermoplasmata.o__PWKY01
2025-10-20 22:47:32.990086 INFO::Fitting model to feature number 130, k__Archaea.p__Thermoplasmatota.c__Thermoplasmata.o__PWKY01.f__PWKY01
2025-10-20 22:47:32.994624 INFO::Fitting model to feature number 131, k__Archaea.p__Thermoproteota.c__Nitrososphaeria_A
2025-10-20 22:47:33.005604 INFO::Fitting model to feature number 132, k__Archaea.p__Thermoproteota.c__Nitrososphaeria_A.o__Caldarchaeales
2025-10-20 22:47:33.01334 INFO::Fitting model to feature number 133, k__Archaea.p__Thermoproteota.c__Nitrososphaeria_A.o__Caldarchaeales.f__Wolframiiraptoraceae
2025-10-20 22:47:33.020637 INFO::Fitting model to feature number 134, k__Archaea.p__Asgardarchaeota.c__Heimdallarchaeia.o__UBA460.f__Kariarchaeaceae.g__LC.2
2025-10-20 22:47:33.025993 INFO::Fitting model to feature number 135, k__Archaea.p__Asgardarchaeota.c__Heimdallarchaeia.o__UBA460.f__Kariarchaeaceae.g__LC.2.s__LC.2_sp001940725
2025-10-20 22:47:33.032087 INFO::Fitting model to feature number 136, k__Archaea.p__Asgardarchaeota.c__Lokiarchaeia.o__CR.4.f__MK.D1.g__Prometheoarchaeum.s__Prometheoarchaeum_syntrophicum
2025-10-20 22:47:33.037271 INFO::Fitting model to feature number 137, k__Archaea.p__Methanobacteriota.c__Methanobacteria.o__Methanobacteriales.f__Methanobacteriaceae.g__Methanobacterium_B
2025-10-20 22:47:33.042142 INFO::Fitting model to feature number 138, k__Archaea.p__Asgardarchaeota.c__Lokiarchaeia.o__CR.4.f__SOKP01.g__Loki.b32.s__Loki.b32_sp019057865
2025-10-20 22:47:33.047212 INFO::Fitting model to feature number 139, k__Archaea.p__Methanobacteriota.c__Methanobacteria.o__Methanobacteriales.f__Methanobacteriaceae.g__Methanobrevibacter_A.s__Methanobrevibacter_A_sp017407115
2025-10-20 22:47:33.051743 INFO::Fitting model to feature number 140, k__Archaea.p__Methanobacteriota.c__Methanobacteria.o__Methanobacteriales.f__Methanobacteriaceae.g__Methanobrevibacter_B
2025-10-20 22:47:33.056785 INFO::Fitting model to feature number 141, k__Archaea.p__Thermoplasmatota.c__Poseidoniia.o__MGIII
2025-10-20 22:47:33.062576 INFO::Fitting model to feature number 142, k__Archaea.p__Thermoplasmatota.c__Poseidoniia.o__MGIII.f__CG.Epi1
2025-10-20 22:47:33.068138 INFO::Fitting model to feature number 143, k__Archaea.p__Thermoplasmatota.c__Poseidoniia.o__MGIII.f__CG.Epi1.g__CG.Epi1
2025-10-20 22:47:33.073404 INFO::Fitting model to feature number 144, k__Archaea.p__Thermoplasmatota.c__Thermoplasmata.o__Methanomassiliicoccales.f__Methanomethylophilaceae.g__Methanomethylophilus
2025-10-20 22:47:33.079402 INFO::Fitting model to feature number 145, k__Archaea.p__Aenigmatarchaeota.c__Aenigmatarchaeia.o__GW2011.AR5
2025-10-20 22:47:33.08496 INFO::Fitting model to feature number 146, k__Archaea.p__Asgardarchaeota.c__Lokiarchaeia.o__Helarchaeales.f__HEL.GB.A.g__JABXJT01.s__JABXJT01_sp016840125
2025-10-20 22:47:33.089893 INFO::Fitting model to feature number 147, k__Archaea.p__Halobacteriota.c__Methanomicrobia.o__Methanomicrobiales.f__Methanoculleaceae
2025-10-20 22:47:33.096493 INFO::Fitting model to feature number 148, k__Archaea.p__Halobacteriota.c__Methanomicrobia.o__Methanomicrobiales.f__Methanomicrobiaceae
2025-10-20 22:47:33.101921 INFO::Fitting model to feature number 149, k__Archaea.p__Halobacteriota.c__Methanomicrobia.o__Methanomicrobiales.f__Methanoregulaceae.g__Methanoregula
2025-10-20 22:47:33.108003 INFO::Fitting model to feature number 150, k__Archaea.p__Methanobacteriota.c__Methanobacteria.o__Methanobacteriales.f__Methanobacteriaceae.g__Methanobacterium_D
2025-10-20 22:47:33.112436 INFO::Fitting model to feature number 151, k__Archaea.p__Methanobacteriota.c__Methanobacteria.o__Methanobacteriales.f__Methanobacteriaceae.g__Methanobrevibacter_A.s__Methanobrevibacter_A_oralis
2025-10-20 22:47:33.116577 INFO::Fitting model to feature number 152, k__Archaea.p__Thermoplasmatota.c__E2
2025-10-20 22:47:33.121682 INFO::Fitting model to feature number 153, k__Archaea.p__Thermoplasmatota.c__E2.o__DHVEG.1
2025-10-20 22:47:33.125655 INFO::Fitting model to feature number 154, k__Archaea.p__Thermoplasmatota.c__Thermoplasmata.o__RBG.16.68.12
2025-10-20 22:47:33.12942 INFO::Fitting model to feature number 155, k__Archaea.p__Thermoproteota.c__Nitrososphaeria.o__Nitrososphaerales.f__Nitrososphaeraceae
2025-10-20 22:47:33.133346 INFO::Fitting model to feature number 156, k__Archaea.p__Thermoproteota.c__Thermoprotei
2025-10-20 22:47:33.138707 INFO::Fitting model to feature number 157, k__Archaea.p__Thermoproteota.c__Thermoprotei.o__Thermofilales
2025-10-20 22:47:33.142487 INFO::Fitting model to feature number 158, k__Archaea.p__Asgardarchaeota.c__Lokiarchaeia.o__CR.4.f__AMARA.1
2025-10-20 22:47:33.146137 INFO::Fitting model to feature number 159, k__Archaea.p__Asgardarchaeota.c__Lokiarchaeia.o__CR.4.f__AMARA.1.g__AMARA.1
2025-10-20 22:47:33.149789 INFO::Fitting model to feature number 160, k__Archaea.p__Halobacteriota.c__Halobacteria.o__Halobacteriales.f__Natrialbaceae
2025-10-20 22:47:33.154831 INFO::Fitting model to feature number 161, k__Archaea.p__Thermoplasmatota.c__Poseidoniia.o__Poseidoniales
2025-10-20 22:47:33.158628 INFO::Fitting model to feature number 162, k__Archaea.p__Thermoplasmatota.c__Poseidoniia.o__Poseidoniales.f__Thalassarchaeaceae
2025-10-20 22:47:33.16245 INFO::Fitting model to feature number 163, k__Archaea.p__Thermoproteota.c__Nitrososphaeria.o__Nitrososphaerales.f__Nitrosopumilaceae.g__Nitrosarchaeum.s__Nitrosarchaeum_sp002737445
2025-10-20 22:47:33.166693 INFO::Fitting model to feature number 164, k__Archaea.p__Aenigmatarchaeota.c__Aenigmatarchaeia.o__Aenigmatarchaeales
2025-10-20 22:47:33.17111 INFO::Fitting model to feature number 165, k__Archaea.p__Aenigmatarchaeota.c__Aenigmatarchaeia.o__GW2011.AR5.f__GW2011.AR5
2025-10-20 22:47:33.175133 INFO::Fitting model to feature number 166, k__Archaea.p__Altiarchaeota.c__Altiarchaeia.o__Altiarchaeales
2025-10-20 22:47:33.179521 INFO::Fitting model to feature number 167, k__Archaea.p__Altiarchaeota.c__Altiarchaeia.o__Altiarchaeales.f__Altiarchaeaceae
2025-10-20 22:47:33.183838 INFO::Fitting model to feature number 168, k__Archaea.p__Altiarchaeota.c__Altiarchaeia.o__Altiarchaeales.f__Altiarchaeaceae.g__Altiarchaeum
2025-10-20 22:47:33.188907 INFO::Fitting model to feature number 169, k__Archaea.p__Asgardarchaeota.c__Heimdallarchaeia.o__Hodarchaeales
2025-10-20 22:47:33.192911 INFO::Fitting model to feature number 170, k__Archaea.p__Asgardarchaeota.c__Heimdallarchaeia.o__Hodarchaeales.f__Hodarchaeaceae
2025-10-20 22:47:33.196341 INFO::Fitting model to feature number 171, k__Archaea.p__Asgardarchaeota.c__Heimdallarchaeia.o__Hodarchaeales.f__Hodarchaeaceae.g__Hodarchaeum
2025-10-20 22:47:33.20086 INFO::Fitting model to feature number 172, k__Archaea.p__Asgardarchaeota.c__Heimdallarchaeia.o__Hodarchaeales.f__S146.22
2025-10-20 22:47:33.204818 INFO::Fitting model to feature number 173, k__Archaea.p__Asgardarchaeota.c__Heimdallarchaeia.o__Hodarchaeales.f__S146.22.g__S146.22
2025-10-20 22:47:33.208623 INFO::Fitting model to feature number 174, k__Archaea.p__Asgardarchaeota.c__Heimdallarchaeia.o__Hodarchaeales.f__S146.22.g__S146.22.s__S146.22_sp015520535
2025-10-20 22:47:33.212703 INFO::Fitting model to feature number 175, k__Archaea.p__Asgardarchaeota.c__Heimdallarchaeia.o__JABLTI01
2025-10-20 22:47:33.21684 INFO::Fitting model to feature number 176, k__Archaea.p__Asgardarchaeota.c__Heimdallarchaeia.o__JABLTI01.f__JABLTI01
2025-10-20 22:47:33.221388 INFO::Fitting model to feature number 177, k__Archaea.p__Asgardarchaeota.c__Heimdallarchaeia.o__JABLTI01.f__JABLTI01.g__JABLTI01
2025-10-20 22:47:33.225644 INFO::Fitting model to feature number 178, k__Archaea.p__Asgardarchaeota.c__Heimdallarchaeia.o__UBA460.f__UBA460.g__PR6
2025-10-20 22:47:33.23013 INFO::Fitting model to feature number 179, k__Archaea.p__Asgardarchaeota.c__Heimdallarchaeia.o__UBA460.f__UBA460.g__PR6.s__PR6_sp021513715
2025-10-20 22:47:33.234943 INFO::Fitting model to feature number 180, k__Archaea.p__Asgardarchaeota.c__Heimdallarchaeia.o__UBA460.f__UBA460.g__UBA460.s__UBA460_sp016840095
2025-10-20 22:47:33.239671 INFO::Fitting model to feature number 181, k__Archaea.p__Asgardarchaeota.c__Lokiarchaeia.o__CR.4.f__SOKP01.g__FT1.020
2025-10-20 22:47:33.243989 INFO::Fitting model to feature number 182, k__Archaea.p__Asgardarchaeota.c__Lokiarchaeia.o__CR.4.f__SOKP01.g__JAFGOA01
2025-10-20 22:47:33.247908 INFO::Fitting model to feature number 183, k__Archaea.p__Asgardarchaeota.c__Lokiarchaeia.o__CR.4.f__SOKP01.g__JAFGOA01.s__JAFGOA01_sp016926735
2025-10-20 22:47:33.251599 INFO::Fitting model to feature number 184, k__Archaea.p__Asgardarchaeota.c__Lokiarchaeia.o__CR.4.f__SOKP01.g__Loki.b32.s__Loki.b32_sp005223125
2025-10-20 22:47:33.255929 INFO::Fitting model to feature number 185, k__Archaea.p__Asgardarchaeota.c__Lokiarchaeia.o__CR.4.f__SOKP01.g__Loki.b32.s__Loki.b32_sp016839655
2025-10-20 22:47:33.261163 INFO::Fitting model to feature number 186, k__Archaea.p__Asgardarchaeota.c__Lokiarchaeia.o__CR.4.f__SOKP01.g__Loki.b32.s__Loki.b32_sp016839845
2025-10-20 22:47:33.266016 INFO::Fitting model to feature number 187, k__Archaea.p__Asgardarchaeota.c__Lokiarchaeia.o__CR.4.f__SOKP01.g__Loki.b32.s__Loki.b32_sp019057975
2025-10-20 22:47:33.270704 INFO::Fitting model to feature number 188, k__Archaea.p__Asgardarchaeota.c__Lokiarchaeia.o__CR.4.f__SOKP01.g__Loki.b32.s__Loki.b32_sp019058425
2025-10-20 22:47:33.275043 INFO::Fitting model to feature number 189, k__Archaea.p__Asgardarchaeota.c__Lokiarchaeia.o__CR.4.f__SOKP01.g__LW40.45.s__LW40.45_sp019058445
2025-10-20 22:47:33.279121 INFO::Fitting model to feature number 190, k__Archaea.p__Asgardarchaeota.c__Lokiarchaeia.o__CR.4.f__SOKP01.g__LW60.42
2025-10-20 22:47:33.282642 INFO::Fitting model to feature number 191, k__Archaea.p__Asgardarchaeota.c__Lokiarchaeia.o__CR.4.f__SOKP01.g__LW60.42.s__LW60.42_sp019058515
2025-10-20 22:47:33.287285 INFO::Fitting model to feature number 192, k__Archaea.p__Asgardarchaeota.c__Lokiarchaeia.o__CR.4.f__SOKP01.g__SDNM01
2025-10-20 22:47:33.294831 INFO::Fitting model to feature number 193, k__Archaea.p__Asgardarchaeota.c__Lokiarchaeia.o__CR.4.f__SOKP01.g__SOKP01.s__SOKP01_sp011364975
2025-10-20 22:47:33.302095 INFO::Fitting model to feature number 194, k__Archaea.p__Asgardarchaeota.c__Lokiarchaeia.o__CR.4.f__SOKP01.g__SOKP01.s__SOKP01_sp018238625
2025-10-20 22:47:33.30778 INFO::Fitting model to feature number 195, k__Archaea.p__Asgardarchaeota.c__Lokiarchaeia.o__CR.4.f__SOKP01.g__TEKIR.8
2025-10-20 22:47:33.312111 INFO::Fitting model to feature number 196, k__Archaea.p__Asgardarchaeota.c__Lokiarchaeia.o__CR.4.f__SOKP01.g__TEKIR.8.s__TEKIR.8_sp008080765
2025-10-20 22:47:33.317368 INFO::Fitting model to feature number 197, k__Archaea.p__Asgardarchaeota.c__Lokiarchaeia.o__CR.4.f__SOKP01.g__TEKIR.8.s__TEKIR.8_sp014730165
2025-10-20 22:47:33.322755 INFO::Fitting model to feature number 198, k__Archaea.p__Asgardarchaeota.c__Lokiarchaeia.o__CR.4.f__SOKP01.g__TEKIR.8.s__TEKIR.8_sp016839555
2025-10-20 22:47:33.327334 INFO::Fitting model to feature number 199, k__Archaea.p__Asgardarchaeota.c__Lokiarchaeia.o__CR.4.f__SOKP01.g__WJKD01
2025-10-20 22:47:33.33217 INFO::Fitting model to feature number 200, k__Archaea.p__Asgardarchaeota.c__Lokiarchaeia.o__CR.4.f__SOKP01.g__WJKD01.s__WJKD01_sp014729315
2025-10-20 22:47:33.337345 INFO::Fitting model to feature number 201, k__Archaea.p__Asgardarchaeota.c__Lokiarchaeia.o__Helarchaeales.f__HEL.GB.A.g__HEL.GB.A
2025-10-20 22:47:33.34212 INFO::Fitting model to feature number 202, k__Archaea.p__Asgardarchaeota.c__Lokiarchaeia.o__Helarchaeales.f__HEL.GB.A.g__HEL.GB.A.s__HEL.GB.A_sp005191415
2025-10-20 22:47:33.346912 INFO::Fitting model to feature number 203, k__Archaea.p__Asgardarchaeota.c__Lokiarchaeia.o__Helarchaeales.f__JABXJV01
2025-10-20 22:47:33.352429 INFO::Fitting model to feature number 204, k__Archaea.p__Asgardarchaeota.c__Lokiarchaeia.o__Helarchaeales.f__JABXJV01.g__JABXJV01
2025-10-20 22:47:33.357528 INFO::Fitting model to feature number 205, k__Archaea.p__Asgardarchaeota.c__Lokiarchaeia.o__Helarchaeales.f__JABXJV01.g__JABXJV01.s__JABXJV01_sp013375355
2025-10-20 22:47:33.362609 INFO::Fitting model to feature number 206, k__Archaea.p__Asgardarchaeota.c__Lokiarchaeia.o__Helarchaeales.f__JABXJV01.g__JABXJV01.s__JABXJV01_sp019058315
2025-10-20 22:47:33.367999 INFO::Fitting model to feature number 207, k__Archaea.p__Asgardarchaeota.c__Lokiarchaeia.o__Helarchaeales.f__RDOG01
2025-10-20 22:47:33.372851 INFO::Fitting model to feature number 208, k__Archaea.p__Asgardarchaeota.c__Lokiarchaeia.o__Helarchaeales.f__RDOG01.g__RDOG01
2025-10-20 22:47:33.377283 INFO::Fitting model to feature number 209, k__Archaea.p__Asgardarchaeota.c__Lokiarchaeia.o__Helarchaeales.f__RDOG01.g__RDOG01.s__RDOG01_sp011365055
2025-10-20 22:47:33.385404 INFO::Fitting model to feature number 210, k__Archaea.p__Asgardarchaeota.c__Thorarchaeia.o__Thorarchaeales.f__Thorarchaeaceae.g__MP8T.1
2025-10-20 22:47:33.391453 INFO::Fitting model to feature number 211, k__Archaea.p__EX4484.52
2025-10-20 22:47:33.395847 INFO::Fitting model to feature number 212, k__Archaea.p__EX4484.52.c__EX4484.52
2025-10-20 22:47:33.40081 INFO::Fitting model to feature number 213, k__Archaea.p__EX4484.52.c__EX4484.52.o__EX4484.52
2025-10-20 22:47:33.405065 INFO::Fitting model to feature number 214, k__Archaea.p__Halobacteriota.c__Archaeoglobi
2025-10-20 22:47:33.409 INFO::Fitting model to feature number 215, k__Archaea.p__Halobacteriota.c__Archaeoglobi.o__Archaeoglobales
2025-10-20 22:47:33.413367 INFO::Fitting model to feature number 216, k__Archaea.p__Halobacteriota.c__Archaeoglobi.o__Archaeoglobales.f__Archaeoglobaceae
2025-10-20 22:47:33.418002 INFO::Fitting model to feature number 217, k__Archaea.p__Halobacteriota.c__Archaeoglobi.o__Archaeoglobales.f__Archaeoglobaceae.g__Archaeoglobus_A
2025-10-20 22:47:33.422162 INFO::Fitting model to feature number 218, k__Archaea.p__Halobacteriota.c__Archaeoglobi.o__Archaeoglobales.f__JdFR.42
2025-10-20 22:47:33.427474 INFO::Fitting model to feature number 219, k__Archaea.p__Halobacteriota.c__Archaeoglobi.o__Archaeoglobales.f__JdFR.42.g__JdFR.42
2025-10-20 22:47:33.432153 INFO::Fitting model to feature number 220, k__Archaea.p__Halobacteriota.c__Archaeoglobi.o__Archaeoglobales.f__JdFR.42.g__JdFR.42.s__JdFR.42_sp002010305
2025-10-20 22:47:33.436637 INFO::Fitting model to feature number 221, k__Archaea.p__Halobacteriota.c__Halobacteria.o__Halobacteriales.f__Haladaptataceae
2025-10-20 22:47:33.440577 INFO::Fitting model to feature number 222, k__Archaea.p__Halobacteriota.c__Halobacteria.o__Halobacteriales.f__Haladaptataceae.g__Halorussus
2025-10-20 22:47:33.446419 INFO::Fitting model to feature number 223, k__Archaea.p__Halobacteriota.c__Halobacteria.o__Halobacteriales.f__Haloarculaceae
2025-10-20 22:47:33.450485 INFO::Fitting model to feature number 224, k__Archaea.p__Halobacteriota.c__Halobacteria.o__Halobacteriales.f__Haloarculaceae.g__Haloarcula
2025-10-20 22:47:33.455281 INFO::Fitting model to feature number 225, k__Archaea.p__Halobacteriota.c__Halobacteria.o__Halobacteriales.f__Haloarculaceae.g__Haloarcula.s__Haloarcula_hispanica
2025-10-20 22:47:33.461897 INFO::Fitting model to feature number 226, k__Archaea.p__Halobacteriota.c__Halobacteria.o__Halobacteriales.f__Halobacteriaceae
2025-10-20 22:47:33.46659 INFO::Fitting model to feature number 227, k__Archaea.p__Halobacteriota.c__Halobacteria.o__Halobacteriales.f__Halobacteriaceae.g__Halobacterium
2025-10-20 22:47:33.471427 INFO::Fitting model to feature number 228, k__Archaea.p__Halobacteriota.c__Halobacteria.o__Halobacteriales.f__Haloferacaceae.g__Haloferax
2025-10-20 22:47:33.477029 INFO::Fitting model to feature number 229, k__Archaea.p__Halobacteriota.c__Halobacteria.o__Halobacteriales.f__Haloferacaceae.g__Haloferax.s__Haloferax_massiliensis
2025-10-20 22:47:33.481578 INFO::Fitting model to feature number 230, k__Archaea.p__Halobacteriota.c__Halobacteria.o__Halobacteriales.f__Haloferacaceae.g__Halorubrum
2025-10-20 22:47:33.486223 INFO::Fitting model to feature number 231, k__Archaea.p__Halobacteriota.c__Halobacteria.o__Halobacteriales.f__Natrialbaceae.g__Natrinema
2025-10-20 22:47:33.491673 INFO::Fitting model to feature number 232, k__Archaea.p__Halobacteriota.c__Methanomicrobia.o__Methanomicrobiales.f__Methanoculleaceae.g__Methanoculleus
2025-10-20 22:47:33.496612 INFO::Fitting model to feature number 233, k__Archaea.p__Halobacteriota.c__Methanomicrobia.o__Methanomicrobiales.f__Methanoculleaceae.g__Methanoculleus.s__Methanoculleus_sp012511245
2025-10-20 22:47:33.501456 INFO::Fitting model to feature number 234, k__Archaea.p__Halobacteriota.c__Methanomicrobia.o__Methanomicrobiales.f__Methanoregulaceae.g__Methanoregula.s__Methanoregula_sp002508495
2025-10-20 22:47:33.505981 INFO::Fitting model to feature number 235, k__Archaea.p__Halobacteriota.c__Methanomicrobia.o__Methanomicrobiales.f__Methanospirillaceae
2025-10-20 22:47:33.510864 INFO::Fitting model to feature number 236, k__Archaea.p__Halobacteriota.c__Methanomicrobia.o__Methanomicrobiales.f__Methanospirillaceae.g__Methanospirillum
2025-10-20 22:47:33.515194 INFO::Fitting model to feature number 237, k__Archaea.p__Halobacteriota.c__Methanosarcinia.o__Methanosarcinales.f__Methanocomedenaceae
2025-10-20 22:47:33.519952 INFO::Fitting model to feature number 238, k__Archaea.p__Halobacteriota.c__Methanosarcinia.o__Methanosarcinales.f__Methanoperedenaceae
2025-10-20 22:47:33.524858 INFO::Fitting model to feature number 239, k__Archaea.p__Halobacteriota.c__Methanosarcinia.o__Methanosarcinales.f__Methanoperedenaceae.g__Methanoperedens
2025-10-20 22:47:33.529712 INFO::Fitting model to feature number 240, k__Archaea.p__Halobacteriota.c__Methanosarcinia.o__Methanosarcinales.f__Methanosarcinaceae.g__Methanococcoides
2025-10-20 22:47:33.534596 INFO::Fitting model to feature number 241, k__Archaea.p__Halobacteriota.c__Methanosarcinia.o__Methanosarcinales.f__Methanosarcinaceae.g__Methanosarcina.s__Methanosarcina_mazei
2025-10-20 22:47:33.539236 INFO::Fitting model to feature number 242, k__Archaea.p__Halobacteriota.c__Methanosarcinia.o__Methanotrichales
2025-10-20 22:47:33.544441 INFO::Fitting model to feature number 243, k__Archaea.p__Halobacteriota.c__Methanosarcinia.o__Methanotrichales.f__Methanotrichaceae
2025-10-20 22:47:33.548937 INFO::Fitting model to feature number 244, k__Archaea.p__Halobacteriota.c__Methanosarcinia.o__Methanotrichales.f__Methanotrichaceae.g__Methanothrix
2025-10-20 22:47:33.553961 INFO::Fitting model to feature number 245, k__Archaea.p__Halobacteriota.c__Methanosarcinia.o__Methanotrichales.f__Methanotrichaceae.g__Methanothrix_A
2025-10-20 22:47:33.55876 INFO::Fitting model to feature number 246, k__Archaea.p__Halobacteriota.c__Syntropharchaeia
2025-10-20 22:47:33.566734 INFO::Fitting model to feature number 247, k__Archaea.p__Halobacteriota.c__Syntropharchaeia.o__ANME.1
2025-10-20 22:47:33.574207 INFO::Fitting model to feature number 248, k__Archaea.p__Halobacteriota.c__Syntropharchaeia.o__ANME.1.f__ANME.1
2025-10-20 22:47:33.581458 INFO::Fitting model to feature number 249, k__Archaea.p__Hydrothermarchaeota
2025-10-20 22:47:33.587658 INFO::Fitting model to feature number 250, k__Archaea.p__Hydrothermarchaeota.c__Hydrothermarchaeia
2025-10-20 22:47:33.593213 INFO::Fitting model to feature number 251, k__Archaea.p__Hydrothermarchaeota.c__Hydrothermarchaeia.o__Hydrothermarchaeales
2025-10-20 22:47:33.598543 INFO::Fitting model to feature number 252, k__Archaea.p__Methanobacteriota.c__Methanobacteria.o__Methanobacteriales.f__Methanobacteriaceae.g__JAHKLT01
2025-10-20 22:47:33.603336 INFO::Fitting model to feature number 253, k__Archaea.p__Methanobacteriota.c__Methanobacteria.o__Methanobacteriales.f__Methanobacteriaceae.g__JAHKLT01.s__JAHKLT01_sp020854915
2025-10-20 22:47:33.607818 INFO::Fitting model to feature number 254, k__Archaea.p__Methanobacteriota.c__Methanobacteria.o__Methanobacteriales.f__Methanobacteriaceae.g__Methanobacterium
2025-10-20 22:47:33.613325 INFO::Fitting model to feature number 255, k__Archaea.p__Methanobacteriota.c__Methanobacteria.o__Methanobacteriales.f__Methanobacteriaceae.g__Methanobacterium_A
2025-10-20 22:47:33.618398 INFO::Fitting model to feature number 256, k__Archaea.p__Methanobacteriota.c__Methanobacteria.o__Methanobacteriales.f__Methanobacteriaceae.g__Methanobrevibacter_A.s__Methanobrevibacter_A_millerae_B
2025-10-20 22:47:33.623515 INFO::Fitting model to feature number 257, k__Archaea.p__Methanobacteriota.c__Methanobacteria.o__Methanobacteriales.f__Methanobacteriaceae.g__Methanobrevibacter_A.s__Methanobrevibacter_A_smithii_A
2025-10-20 22:47:33.628313 INFO::Fitting model to feature number 258, k__Archaea.p__Methanobacteriota.c__Methanobacteria.o__Methanobacteriales.f__Methanobacteriaceae.g__Methanobrevibacter_A.s__Methanobrevibacter_A_sp900317865
2025-10-20 22:47:33.633776 INFO::Fitting model to feature number 259, k__Archaea.p__Methanobacteriota.c__Methanobacteria.o__Methanobacteriales.f__Methanobacteriaceae.g__Methanobrevibacter_A.s__Methanobrevibacter_A_sp900319535
2025-10-20 22:47:33.638327 INFO::Fitting model to feature number 260, k__Archaea.p__Methanobacteriota.c__Methanobacteria.o__Methanobacteriales.f__Methanobacteriaceae.g__Methanobrevibacter_A.s__Methanobrevibacter_A_sp900769095
2025-10-20 22:47:33.643077 INFO::Fitting model to feature number 261, k__Archaea.p__Methanobacteriota.c__Methanobacteria.o__Methanobacteriales.f__Methanobacteriaceae.g__Methanobrevibacter_A.s__Methanobrevibacter_A_sp902770715
2025-10-20 22:47:33.64838 INFO::Fitting model to feature number 262, k__Archaea.p__Methanobacteriota.c__Methanobacteria.o__Methanobacteriales.f__Methanobacteriaceae.g__Methanobrevibacter_A.s__Methanobrevibacter_A_sp902789505
2025-10-20 22:47:33.653184 INFO::Fitting model to feature number 263, k__Archaea.p__Methanobacteriota.c__Methanobacteria.o__Methanobacteriales.f__Methanobacteriaceae.g__Methanobrevibacter_A.s__Methanobrevibacter_A_sp902796575
2025-10-20 22:47:33.657917 INFO::Fitting model to feature number 264, k__Archaea.p__Methanobacteriota.c__Methanobacteria.o__Methanobacteriales.f__Methanobacteriaceae.g__Methanobrevibacter_A.s__Methanobrevibacter_A_sp934746965
2025-10-20 22:47:33.663313 INFO::Fitting model to feature number 265, k__Archaea.p__Methanobacteriota.c__Methanobacteria.o__Methanobacteriales.f__Methanobacteriaceae.g__Methanobrevibacter_B.s__Methanobrevibacter_B_sp900314605
2025-10-20 22:47:33.667492 INFO::Fitting model to feature number 266, k__Archaea.p__Methanobacteriota.c__Methanobacteria.o__Methanobacteriales.f__Methanobacteriaceae.g__Methanobrevibacter.s__Methanobrevibacter_ruminantium_A
2025-10-20 22:47:33.672602 INFO::Fitting model to feature number 267, k__Archaea.p__Methanobacteriota.c__Methanobacteria.o__Methanobacteriales.f__Methanobacteriaceae.g__Methanobrevibacter.s__Methanobrevibacter_sp017646885
2025-10-20 22:47:33.676998 INFO::Fitting model to feature number 268, k__Archaea.p__Methanobacteriota.c__Methanobacteria.o__Methanobacteriales.f__Methanobacteriaceae.g__Methanobrevibacter.s__Methanobrevibacter_sp017652345
2025-10-20 22:47:33.681417 INFO::Fitting model to feature number 269, k__Archaea.p__Methanobacteriota.c__Methanobacteria.o__Methanobacteriales.f__Methanobacteriaceae.g__Methanobrevibacter.s__Methanobrevibacter_sp900314635
2025-10-20 22:47:33.68547 INFO::Fitting model to feature number 270, k__Archaea.p__Methanobacteriota.c__Methanobacteria.o__Methanobacteriales.f__Methanobacteriaceae.g__Methanosphaera.s__Methanosphaera_cuniculi
2025-10-20 22:47:33.689929 INFO::Fitting model to feature number 271, k__Archaea.p__Methanobacteriota.c__Methanobacteria.o__Methanobacteriales.f__Methanobacteriaceae.g__Methanosphaera.s__Methanosphaera_stadtmanae_B
2025-10-20 22:47:33.695081 INFO::Fitting model to feature number 272, k__Archaea.p__Methanobacteriota.c__Methanobacteria.o__Methanobacteriales.f__Methanobacteriaceae.g__UBA349
2025-10-20 22:47:33.700079 INFO::Fitting model to feature number 273, k__Archaea.p__Methanobacteriota.c__Methanobacteria.o__Methanobacteriales.f__Methanobacteriaceae.g__UBA588
2025-10-20 22:47:33.704987 INFO::Fitting model to feature number 274, k__Archaea.p__Methanobacteriota.c__Methanococci.o__Methanococcales.f__Methanocaldococcaceae
2025-10-20 22:47:33.709805 INFO::Fitting model to feature number 275, k__Archaea.p__Methanobacteriota.c__Methanococci.o__Methanococcales.f__Methanocaldococcaceae.g__Methanocaldococcus
2025-10-20 22:47:33.713915 INFO::Fitting model to feature number 276, k__Archaea.p__Methanobacteriota.c__Methanococci.o__Methanococcales.f__Methanocaldococcaceae.g__Methanocaldococcus_A
2025-10-20 22:47:33.718569 INFO::Fitting model to feature number 277, k__Archaea.p__Methanobacteriota.c__Methanococci.o__Methanococcales.f__Methanococcaceae.g__Methanococcus
2025-10-20 22:47:33.722941 INFO::Fitting model to feature number 278, k__Archaea.p__Methanobacteriota.c__Methanococci.o__Methanococcales.f__Methanococcaceae.g__Methanofervidicoccus
2025-10-20 22:47:33.727474 INFO::Fitting model to feature number 279, k__Archaea.p__Micrarchaeota
2025-10-20 22:47:33.731626 INFO::Fitting model to feature number 280, k__Archaea.p__Micrarchaeota.c__Micrarchaeia
2025-10-20 22:47:33.736726 INFO::Fitting model to feature number 281, k__Archaea.p__Micrarchaeota.c__Micrarchaeia.o__Anstonellales
2025-10-20 22:47:33.740847 INFO::Fitting model to feature number 282, k__Archaea.p__Micrarchaeota.c__Micrarchaeia.o__Anstonellales.f__Bilamarchaeaceae
2025-10-20 22:47:33.745685 INFO::Fitting model to feature number 283, k__Archaea.p__Micrarchaeota.c__Micrarchaeia.o__Micrarchaeales
2025-10-20 22:47:33.750358 INFO::Fitting model to feature number 284, k__Archaea.p__Micrarchaeota.c__Micrarchaeia.o__Micrarchaeales.f__CABMGC01
2025-10-20 22:47:33.755114 INFO::Fitting model to feature number 285, k__Archaea.p__Micrarchaeota.c__Micrarchaeia.o__Micrarchaeales.f__Micrarchaeaceae
2025-10-20 22:47:33.759725 INFO::Fitting model to feature number 286, k__Archaea.p__Micrarchaeota.c__Micrarchaeia.o__Norongarragalinales
2025-10-20 22:47:33.764672 INFO::Fitting model to feature number 287, k__Archaea.p__Nanoarchaeota.c__Nanoarchaeia.o__Pacearchaeales.f__GW2011.AR1.g__GW2011.AR13
2025-10-20 22:47:33.769649 INFO::Fitting model to feature number 288, k__Archaea.p__Nanoarchaeota.c__Nanoarchaeia.o__Pacearchaeales.f__GW2011.AR1.g__GW2011.AR13.s__GW2011.AR13_sp9966u
2025-10-20 22:47:33.774445 INFO::Fitting model to feature number 289, k__Archaea.p__Nanoarchaeota.c__Nanoarchaeia.o__Pacearchaeales.f__GW2011.AR1.g__JAAOYK01
2025-10-20 22:47:33.780591 INFO::Fitting model to feature number 290, k__Archaea.p__Nanoarchaeota.c__Nanoarchaeia.o__Pacearchaeales.f__GW2011.AR1.g__JAAOYK01.s__JAAOYK01_sp018221305
2025-10-20 22:47:33.788911 INFO::Fitting model to feature number 291, k__Archaea.p__Nanoarchaeota.c__Nanoarchaeia.o__Pacearchaeales.f__GW2011.AR1.g__JABIDS01
2025-10-20 22:47:33.795833 INFO::Fitting model to feature number 292, k__Archaea.p__Nanoarchaeota.c__Nanoarchaeia.o__Pacearchaeales.f__GW2011.AR1.g__JABIDS01.s__JABIDS01_sp018651605
2025-10-20 22:47:33.801955 INFO::Fitting model to feature number 293, k__Archaea.p__Nanoarchaeota.c__Nanoarchaeia.o__Pacearchaeales.f__GW2011.AR1.g__JAGVXH01
2025-10-20 22:47:33.806694 INFO::Fitting model to feature number 294, k__Archaea.p__Nanoarchaeota.c__Nanoarchaeia.o__Parvarchaeales
2025-10-20 22:47:33.811493 INFO::Fitting model to feature number 295, k__Archaea.p__Nanoarchaeota.c__Nanoarchaeia.o__Parvarchaeales.f__Parvarchaeaceae
2025-10-20 22:47:33.818941 INFO::Fitting model to feature number 296, k__Archaea.p__Nanoarchaeota.c__Nanoarchaeia.o__SCGC.AAA011.G17.f__GW2011.AR17
2025-10-20 22:47:33.824542 INFO::Fitting model to feature number 297, k__Archaea.p__Nanoarchaeota.c__Nanoarchaeia.o__SCGC.AAA011.G17.f__UBA489
2025-10-20 22:47:33.829586 INFO::Fitting model to feature number 298, k__Archaea.p__Nanoarchaeota.c__Nanoarchaeia.o__SCGC.AAA011.G17.f__UBA489.g__JABIKK01
2025-10-20 22:47:33.834639 INFO::Fitting model to feature number 299, k__Archaea.p__Nanoarchaeota.c__Nanoarchaeia.o__SCGC.AAA011.G17.f__UBA489.g__JABIKK01.s__JABIKK01_sp018658955
2025-10-20 22:47:33.840343 INFO::Fitting model to feature number 300, k__Archaea.p__Nanoarchaeota.c__Nanoarchaeia.o__UBA10117
2025-10-20 22:47:33.845352 INFO::Fitting model to feature number 301, k__Archaea.p__Nanoarchaeota.c__Nanoarchaeia.o__Woesearchaeales.f__DSVV01
2025-10-20 22:47:33.849755 INFO::Fitting model to feature number 302, k__Archaea.p__Nanoarchaeota.c__Nanoarchaeia.o__Woesearchaeales.f__GCA.2686295
2025-10-20 22:47:33.854014 INFO::Fitting model to feature number 303, k__Archaea.p__Nanoarchaeota.c__Nanoarchaeia.o__Woesearchaeales.f__GCA.2686295.g__GCA.2686295
2025-10-20 22:47:33.860007 INFO::Fitting model to feature number 304, k__Archaea.p__Nanoarchaeota.c__Nanoarchaeia.o__Woesearchaeales.f__GW2011.AR15
2025-10-20 22:47:33.866417 INFO::Fitting model to feature number 305, k__Archaea.p__Nanoarchaeota.c__Nanoarchaeia.o__Woesearchaeales.f__GW2011.AR9
2025-10-20 22:47:33.871863 INFO::Fitting model to feature number 306, k__Archaea.p__Nanoarchaeota.c__Nanoarchaeia.o__Woesearchaeales.f__GW2011.AR9.g__JABJOX01
2025-10-20 22:47:33.876904 INFO::Fitting model to feature number 307, k__Archaea.p__Nanoarchaeota.c__Nanoarchaeia.o__Woesearchaeales.f__UBA10216
2025-10-20 22:47:33.881501 INFO::Fitting model to feature number 308, k__Archaea.p__Nanoarchaeota.c__Nanoarchaeia.o__Woesearchaeales.f__UBA10216.g__JACPTG01
2025-10-20 22:47:33.886075 INFO::Fitting model to feature number 309, k__Archaea.p__Nanoarchaeota.c__Nanoarchaeia.o__Woesearchaeales.f__UBA10216.g__JACPTG01.s__JACPTG01_sp016192905
2025-10-20 22:47:33.890464 INFO::Fitting model to feature number 310, k__Archaea.p__Nanoarchaeota.c__Nanoarchaeia.o__Woesearchaeales.f__UBA583
2025-10-20 22:47:33.894984 INFO::Fitting model to feature number 311, k__Archaea.p__Nanoarchaeota.c__Nanoarchaeia.o__Woesearchaeales.f__UBA583.g__UBA583
2025-10-20 22:47:33.899665 INFO::Fitting model to feature number 312, k__Archaea.p__Nanoarchaeota.c__Nanoarchaeia.o__Woesearchaeales.f__WJKL01
2025-10-20 22:47:33.905433 INFO::Fitting model to feature number 313, k__Archaea.p__Thermoplasmatota.c__E2.o__DHVEG.1.f__DHVEG.1
2025-10-20 22:47:33.909931 INFO::Fitting model to feature number 314, k__Archaea.p__Thermoplasmatota.c__E2.o__DHVEG.1.f__DHVEG.1.g__SG8.52.3
2025-10-20 22:47:33.914409 INFO::Fitting model to feature number 315, k__Archaea.p__Thermoplasmatota.c__E2.o__DHVEG.1.f__DHVEG.1.g__SM1.50
2025-10-20 22:47:33.91886 INFO::Fitting model to feature number 316, k__Archaea.p__Thermoplasmatota.c__E2.o__UBA202
2025-10-20 22:47:33.925251 INFO::Fitting model to feature number 317, k__Archaea.p__Thermoplasmatota.c__E2.o__UBA202.f__JdFR.43
2025-10-20 22:47:33.929725 INFO::Fitting model to feature number 318, k__Archaea.p__Thermoplasmatota.c__Poseidoniia.o__Poseidoniales.f__Poseidoniaceae
2025-10-20 22:47:33.934563 INFO::Fitting model to feature number 319, k__Archaea.p__Thermoplasmatota.c__Poseidoniia.o__Poseidoniales.f__Poseidoniaceae.g__MGIIa.I
2025-10-20 22:47:33.940774 INFO::Fitting model to feature number 320, k__Archaea.p__Thermoplasmatota.c__Poseidoniia.o__Poseidoniales.f__Poseidoniaceae.g__MGIIa.K1
2025-10-20 22:47:33.945957 INFO::Fitting model to feature number 321, k__Archaea.p__Thermoplasmatota.c__Poseidoniia.o__Poseidoniales.f__Poseidoniaceae.g__MGIIa.L1
2025-10-20 22:47:33.951794 INFO::Fitting model to feature number 322, k__Archaea.p__Thermoplasmatota.c__Poseidoniia.o__Poseidoniales.f__Thalassarchaeaceae.g__MGIIb.O2
2025-10-20 22:47:33.957239 INFO::Fitting model to feature number 323, k__Archaea.p__Thermoplasmatota.c__Poseidoniia.o__Poseidoniales.f__Thalassarchaeaceae.g__MGIIb.O3
2025-10-20 22:47:33.962662 INFO::Fitting model to feature number 324, k__Archaea.p__Thermoplasmatota.c__Poseidoniia.o__Poseidoniales.f__Thalassarchaeaceae.g__MGIIb.O3.s__MGIIb.O3_sp002719615
2025-10-20 22:47:33.968105 INFO::Fitting model to feature number 325, k__Archaea.p__Thermoplasmatota.c__Thermoplasmata.o__Methanomassiliicoccales.f__Methanomethylophilaceae.g__Methanomethylophilus.s__Methanomethylophilus_sp001481295
2025-10-20 22:47:33.972992 INFO::Fitting model to feature number 326, k__Archaea.p__Thermoplasmatota.c__Thermoplasmata.o__Methanomassiliicoccales.f__UBA472
2025-10-20 22:47:33.977491 INFO::Fitting model to feature number 327, k__Archaea.p__Thermoplasmatota.c__Thermoplasmata.o__Thermoplasmatales.f__Thermoplasmataceae.g__Ferroplasma
2025-10-20 22:47:33.983662 INFO::Fitting model to feature number 328, k__Archaea.p__Thermoplasmatota.c__Thermoplasmata.o__UBA184
2025-10-20 22:47:33.988753 INFO::Fitting model to feature number 329, k__Archaea.p__Thermoplasmatota.c__Thermoplasmata.o__UBA184.f__UBA184
2025-10-20 22:47:33.992913 INFO::Fitting model to feature number 330, k__Archaea.p__Thermoplasmatota.c__UBA186
2025-10-20 22:47:33.998717 INFO::Fitting model to feature number 331, k__Archaea.p__Thermoplasmatota.c__UBA186.o__UBA287
2025-10-20 22:47:34.0057 INFO::Fitting model to feature number 332, k__Archaea.p__Thermoplasmatota.c__UBA186.o__UBA287.f__UBA287
2025-10-20 22:47:34.015759 INFO::Fitting model to feature number 333, k__Archaea.p__Thermoplasmatota.c__UBA186.o__UBA287.f__UBA287.g__UBA287
2025-10-20 22:47:34.022078 INFO::Fitting model to feature number 334, k__Archaea.p__Thermoplasmatota.c__UBA186.o__UBA287.f__UBA287.g__UBA287.s__UBA287_sp002495235
2025-10-20 22:47:34.026629 INFO::Fitting model to feature number 335, k__Archaea.p__Thermoproteota.c__Bathyarchaeia.o__B24
2025-10-20 22:47:34.031298 INFO::Fitting model to feature number 336, k__Archaea.p__Thermoproteota.c__Bathyarchaeia.o__B24.f__B24
2025-10-20 22:47:34.036241 INFO::Fitting model to feature number 337, k__Archaea.p__Thermoproteota.c__Bathyarchaeia.o__B24.f__B24.g__DTBU01
2025-10-20 22:47:34.042165 INFO::Fitting model to feature number 338, k__Archaea.p__Thermoproteota.c__Bathyarchaeia.o__B24.f__B24.g__DTBU01.s__DTBU01_sp018396755
2025-10-20 22:47:34.047084 INFO::Fitting model to feature number 339, k__Archaea.p__Thermoproteota.c__Bathyarchaeia.o__TCS64
2025-10-20 22:47:34.052716 INFO::Fitting model to feature number 340, k__Archaea.p__Thermoproteota.c__Bathyarchaeia.o__TCS64.f__TCS64
2025-10-20 22:47:34.059188 INFO::Fitting model to feature number 341, k__Archaea.p__Thermoproteota.c__Nitrososphaeria.o__Nitrososphaerales.f__Nitrosopumilaceae.g__Nitrosopelagicus
2025-10-20 22:47:34.065512 INFO::Fitting model to feature number 342, k__Archaea.p__Thermoproteota.c__Nitrososphaeria.o__Nitrososphaerales.f__Nitrosopumilaceae.g__Nitrosopumilus
2025-10-20 22:47:34.071387 INFO::Fitting model to feature number 343, k__Archaea.p__Thermoproteota.c__Nitrososphaeria.o__Nitrososphaerales.f__Nitrosopumilaceae.g__Nitrosotalea
2025-10-20 22:47:34.078096 INFO::Fitting model to feature number 344, k__Archaea.p__Thermoproteota.c__Nitrososphaeria.o__Nitrososphaerales.f__Nitrosopumilaceae.g__Nitrosotenuis
2025-10-20 22:47:34.083224 INFO::Fitting model to feature number 345, k__Archaea.p__Thermoproteota.c__Nitrososphaeria.o__Nitrososphaerales.f__Nitrososphaeraceae.g__Nitrosocosmicus
2025-10-20 22:47:34.088351 INFO::Fitting model to feature number 346, k__Archaea.p__Thermoproteota.c__Nitrososphaeria.o__Nitrososphaerales.f__Nitrososphaeraceae.g__TA.21
2025-10-20 22:47:34.093917 INFO::Fitting model to feature number 347, k__Archaea.p__Thermoproteota.c__Nitrososphaeria.o__Nitrososphaerales.f__Nitrososphaeraceae.g__TA.21.s__TA.21_sp005877345
2025-10-20 22:47:34.116987 INFO::Fitting model to feature number 348, k__Archaea.p__Thermoproteota.c__Thermoprotei_A.o__Sulfolobales.f__Acidilobaceae
2025-10-20 22:47:34.121929 INFO::Fitting model to feature number 349, k__Archaea.p__Thermoproteota.c__Thermoprotei_A.o__Sulfolobales.f__Ignisphaeraceae
2025-10-20 22:47:34.126309 INFO::Fitting model to feature number 350, k__Archaea.p__Thermoproteota.c__Thermoprotei_A.o__Sulfolobales.f__Ignisphaeraceae.g__Ignisphaera
2025-10-20 22:47:34.130943 INFO::Fitting model to feature number 351, k__Archaea.p__Thermoproteota.c__Thermoprotei_A.o__Sulfolobales.f__Sulfolobaceae
2025-10-20 22:47:34.136479 INFO::Fitting model to feature number 352, k__Archaea.p__Thermoproteota.c__Thermoprotei_A.o__Sulfolobales.f__Sulfolobaceae.g__Acidianus
2025-10-20 22:47:34.141982 INFO::Fitting model to feature number 353, k__Archaea.p__Thermoproteota.c__Thermoprotei_A.o__Sulfolobales.f__Sulfolobaceae.g__Acidianus_B
2025-10-20 22:47:34.146973 INFO::Fitting model to feature number 354, k__Archaea.p__Thermoproteota.c__Thermoprotei_A.o__Sulfolobales.f__Sulfolobaceae.g__Acidianus_B.s__Acidianus_B_brierleyi
2025-10-20 22:47:34.152008 INFO::Fitting model to feature number 355, k__Archaea.p__Thermoproteota.c__Thermoprotei_A.o__Sulfolobales.f__Sulfolobaceae.g__Saccharolobus
2025-10-20 22:47:34.156861 INFO::Fitting model to feature number 356, k__Archaea.p__Thermoproteota.c__Thermoprotei_A.o__Sulfolobales.f__Sulfolobaceae.g__Sulfuracidifex
2025-10-20 22:47:34.161985 INFO::Fitting model to feature number 357, k__Archaea.p__Thermoproteota.c__Thermoprotei_A.o__Sulfolobales.f__Sulfolobaceae.g__Sulfuracidifex.s__Sulfuracidifex_tepidarius
2025-10-20 22:47:34.167105 INFO::Fitting model to feature number 358, k__Archaea.p__Thermoproteota.c__Thermoprotei_A.o__Sulfolobales.f__Sulfolobaceae.g__Sulfurisphaera
2025-10-20 22:47:34.17201 INFO::Fitting model to feature number 359, k__Archaea.p__Thermoproteota.c__Thermoprotei.o__Gearchaeales
2025-10-20 22:47:34.176009 INFO::Fitting model to feature number 360, k__Archaea.p__Thermoproteota.c__Thermoprotei.o__Gearchaeales.f__Gearchaeaceae
2025-10-20 22:47:34.180269 INFO::Fitting model to feature number 361, k__Archaea.p__Thermoproteota.c__Thermoprotei.o__Gearchaeales.f__Gearchaeaceae.g__DSFO01
2025-10-20 22:47:34.185236 INFO::Fitting model to feature number 362, k__Archaea.p__Thermoproteota.c__Thermoprotei.o__Gearchaeales.f__Gearchaeaceae.g__DSFO01.s__DSFO01_sp021324265
2025-10-20 22:47:34.189304 INFO::Fitting model to feature number 363, k__Archaea.p__Thermoproteota.c__Thermoprotei.o__Thermoproteales
2025-10-20 22:47:34.193497 INFO::Fitting model to feature number 364, k__Archaea.p__Thermoproteota.c__Thermoprotei.o__Thermoproteales.f__Thermocladiaceae
2025-10-20 22:47:34.249834 INFO::Counting total values for each feature
2025-10-20 22:47:34.268591 INFO::Writing filtered data to file E:/Python/MI_Analysis/metagenome/data_figures/filtered_data_20percent/MaAsLin2_OTU//archaea/features/filtered_data.tsv
2025-10-20 22:47:34.33646 INFO::Writing filtered, normalized data to file E:/Python/MI_Analysis/metagenome/data_figures/filtered_data_20percent/MaAsLin2_OTU//archaea/features/filtered_data_norm.tsv
2025-10-20 22:47:34.407653 INFO::Writing filtered, normalized, transformed data to file E:/Python/MI_Analysis/metagenome/data_figures/filtered_data_20percent/MaAsLin2_OTU//archaea/features/filtered_data_norm_transformed.tsv
2025-10-20 22:47:34.493645 WARNING::Deleting existing residuals file: E:/Python/MI_Analysis/metagenome/data_figures/filtered_data_20percent/MaAsLin2_OTU//archaea/fits/residuals.rds
2025-10-20 22:47:34.497006 INFO::Writing residuals to file E:/Python/MI_Analysis/metagenome/data_figures/filtered_data_20percent/MaAsLin2_OTU//archaea/fits/residuals.rds
2025-10-20 22:47:34.507053 WARNING::Deleting existing fitted file: E:/Python/MI_Analysis/metagenome/data_figures/filtered_data_20percent/MaAsLin2_OTU//archaea/fits/fitted.rds
2025-10-20 22:47:34.509734 INFO::Writing fitted values to file E:/Python/MI_Analysis/metagenome/data_figures/filtered_data_20percent/MaAsLin2_OTU//archaea/fits/fitted.rds
2025-10-20 22:47:34.514391 INFO::Writing all results to file (ordered by increasing q-values): E:/Python/MI_Analysis/metagenome/data_figures/filtered_data_20percent/MaAsLin2_OTU//archaea/all_results.tsv
2025-10-20 22:47:34.523998 INFO::Writing the significant results (those which are less than or equal to the threshold of 0.050000 ) to file (ordered by increasing q-values): E:/Python/MI_Analysis/metagenome/data_figures/filtered_data_20percent/MaAsLin2_OTU//archaea/significant_results.tsv
2025-10-20 22:47:34.526766 INFO::Writing heatmap of significant results to file: E:/Python/MI_Analysis/metagenome/data_figures/filtered_data_20percent/MaAsLin2_OTU//archaea/heatmap.pdf
2025-10-20 22:47:34.530514 INFO::Writing association plots (one for each significant association) to output folder: E:/Python/MI_Analysis/metagenome/data_figures/filtered_data_20percent/MaAsLin2_OTU//archaea
