2025-10-15 20:03:05.957603 INFO::Writing function arguments to log file
2025-10-15 20:03:05.959523 DEBUG::Function arguments
2025-10-15 20:03:05.96066 DEBUG::Input data file: E:/Python/MI_Analysis/metagenome/data_figures/filtered_data_1percent_change/MaAsLin2_family/fungi_temp.tsv
2025-10-15 20:03:05.96174 DEBUG::Input metadata file: E:/Python/MI_Analysis/metagenome/data_figures/filtered_data_1percent_change/MaAsLin2_family/metadata_temp.tsv
2025-10-15 20:03:05.962809 DEBUG::Output folder: E:/Python/MI_Analysis/metagenome/data_figures/filtered_data_1percent_change/MaAsLin2_family/fungi
2025-10-15 20:03:05.963864 DEBUG::Min Abundance: 0.000000
2025-10-15 20:03:05.964929 DEBUG::Min Prevalence: 0.100000
2025-10-15 20:03:05.966005 DEBUG::Normalization: TSS
2025-10-15 20:03:05.967381 DEBUG::Transform: LOG
2025-10-15 20:03:05.96844 DEBUG::Analysis method: LM
2025-10-15 20:03:05.969492 DEBUG::Max significance: 0.050000
2025-10-15 20:03:05.970546 DEBUG::Random effects:
2025-10-15 20:03:05.971601 DEBUG::Fixed effects: Group
2025-10-15 20:03:05.97295 DEBUG::Correction method: BH
2025-10-15 20:03:05.974024 DEBUG::Standardize: TRUE
2025-10-15 20:03:05.975067 DEBUG::Cores: 1
2025-10-15 20:03:05.976109 INFO::Verifying options selected are valid
2025-10-15 20:03:05.977959 INFO::Determining format of input files
2025-10-15 20:03:05.979862 INFO::Input format is data samples as columns and metadata samples as rows
2025-10-15 20:03:05.982347 DEBUG::Transformed data so samples are rows
2025-10-15 20:03:05.98376 DEBUG::A total of 84 samples were found in both the data and metadata
2025-10-15 20:03:05.984798 DEBUG::Reordering data/metadata to use same sample ordering
2025-10-15 20:03:05.986375 INFO::Formula for fixed effects: expr ~  Group
2025-10-15 20:03:05.988983 INFO::Filter data based on min abundance and min prevalence
2025-10-15 20:03:05.990778 INFO::Total samples in data: 84
2025-10-15 20:03:05.992538 INFO::Min samples required with min abundance for a feature not to be filtered: 8.400000
2025-10-15 20:03:05.99482 INFO::Total filtered features: 1
2025-10-15 20:03:05.996659 INFO::Filtered feature names from abundance and prevalence filtering: Unikaryonidae
2025-10-15 20:03:05.999105 INFO::Total filtered features with variance filtering: 0
2025-10-15 20:03:06.000937 INFO::Filtered feature names from variance filtering:
2025-10-15 20:03:06.002687 INFO::Running selected normalization method: TSS
2025-10-15 20:03:06.006314 INFO::Applying z-score to standardize continuous metadata
2025-10-15 20:03:06.010545 INFO::Running selected transform method: LOG
2025-10-15 20:03:06.013055 INFO::Running selected analysis method: LM
2025-10-15 20:03:06.015177 INFO::Fitting model to feature number 1, Arthrodermataceae
2025-10-15 20:03:06.019471 INFO::Fitting model to feature number 2, Aspergillaceae
2025-10-15 20:03:06.023353 INFO::Fitting model to feature number 3, Ceratobasidiaceae
2025-10-15 20:03:06.027229 INFO::Fitting model to feature number 4, Chaetomiaceae
2025-10-15 20:03:06.031359 INFO::Fitting model to feature number 5, Cladosporiaceae
2025-10-15 20:03:06.035857 INFO::Fitting model to feature number 6, Clavicipitaceae
2025-10-15 20:03:06.040759 INFO::Fitting model to feature number 7, Cryptococcaceae
2025-10-15 20:03:06.045427 INFO::Fitting model to feature number 8, Cryptomonadaceae
2025-10-15 20:03:06.050438 INFO::Fitting model to feature number 9, Debaryomycetaceae
2025-10-15 20:03:06.05576 INFO::Fitting model to feature number 10, Dipodascaceae
2025-10-15 20:03:06.061363 INFO::Fitting model to feature number 11, Glomerellaceae
2025-10-15 20:03:06.068075 INFO::Fitting model to feature number 12, Herpotrichiellaceae
2025-10-15 20:03:06.075137 INFO::Fitting model to feature number 13, Malasseziaceae
2025-10-15 20:03:06.083275 INFO::Fitting model to feature number 14, Marasmiaceae
2025-10-15 20:03:06.093257 INFO::Fitting model to feature number 15, Mycosphaerellaceae
2025-10-15 20:03:06.104789 INFO::Fitting model to feature number 16, Nectriaceae
2025-10-15 20:03:06.116137 INFO::Fitting model to feature number 17, Ophiocordycipitaceae
2025-10-15 20:03:06.127512 INFO::Fitting model to feature number 18, Ophiostomataceae
2025-10-15 20:03:06.138973 INFO::Fitting model to feature number 19, Phaffomycetaceae
2025-10-15 20:03:06.150454 INFO::Fitting model to feature number 20, Pichiaceae
2025-10-15 20:03:06.16182 INFO::Fitting model to feature number 21, Pneumocystidaceae
2025-10-15 20:03:06.172469 INFO::Fitting model to feature number 22, Pyriculariaceae
2025-10-15 20:03:06.180893 INFO::Fitting model to feature number 23, Saccharomycetaceae
2025-10-15 20:03:06.188222 INFO::Fitting model to feature number 24, Saccharomycodaceae
2025-10-15 20:03:06.194679 INFO::Fitting model to feature number 25, Schizosaccharomycetaceae
2025-10-15 20:03:06.20076 INFO::Fitting model to feature number 26, Sclerotiniaceae
2025-10-15 20:03:06.205013 INFO::Fitting model to feature number 27, Sordariaceae
2025-10-15 20:03:06.208696 INFO::Fitting model to feature number 28, Trichocomaceae
2025-10-15 20:03:06.214384 INFO::Fitting model to feature number 29, Trichomonascaceae
2025-10-15 20:03:06.218589 INFO::Fitting model to feature number 30, Ustilaginaceae
2025-10-15 20:03:06.228498 INFO::Counting total values for each feature
2025-10-15 20:03:06.23238 INFO::Writing filtered data to file E:/Python/MI_Analysis/metagenome/data_figures/filtered_data_1percent_change/MaAsLin2_family/fungi/features/filtered_data.tsv
2025-10-15 20:03:06.242118 INFO::Writing filtered, normalized data to file E:/Python/MI_Analysis/metagenome/data_figures/filtered_data_1percent_change/MaAsLin2_family/fungi/features/filtered_data_norm.tsv
2025-10-15 20:03:06.254213 INFO::Writing filtered, normalized, transformed data to file E:/Python/MI_Analysis/metagenome/data_figures/filtered_data_1percent_change/MaAsLin2_family/fungi/features/filtered_data_norm_transformed.tsv
2025-10-15 20:03:06.266818 WARNING::Deleting existing residuals file: E:/Python/MI_Analysis/metagenome/data_figures/filtered_data_1percent_change/MaAsLin2_family/fungi/fits/residuals.rds
2025-10-15 20:03:06.270221 INFO::Writing residuals to file E:/Python/MI_Analysis/metagenome/data_figures/filtered_data_1percent_change/MaAsLin2_family/fungi/fits/residuals.rds
2025-10-15 20:03:06.274678 WARNING::Deleting existing fitted file: E:/Python/MI_Analysis/metagenome/data_figures/filtered_data_1percent_change/MaAsLin2_family/fungi/fits/fitted.rds
2025-10-15 20:03:06.278481 INFO::Writing fitted values to file E:/Python/MI_Analysis/metagenome/data_figures/filtered_data_1percent_change/MaAsLin2_family/fungi/fits/fitted.rds
2025-10-15 20:03:06.282069 INFO::Writing all results to file (ordered by increasing q-values): E:/Python/MI_Analysis/metagenome/data_figures/filtered_data_1percent_change/MaAsLin2_family/fungi/all_results.tsv
2025-10-15 20:03:06.286625 INFO::Writing the significant results (those which are less than or equal to the threshold of 0.050000 ) to file (ordered by increasing q-values): E:/Python/MI_Analysis/metagenome/data_figures/filtered_data_1percent_change/MaAsLin2_family/fungi/significant_results.tsv
2025-10-15 20:03:06.290214 INFO::Writing heatmap of significant results to file: E:/Python/MI_Analysis/metagenome/data_figures/filtered_data_1percent_change/MaAsLin2_family/fungi/heatmap.pdf
2025-10-15 20:03:06.293751 INFO::Writing association plots (one for each significant association) to output folder: E:/Python/MI_Analysis/metagenome/data_figures/filtered_data_1percent_change/MaAsLin2_family/fungi
2025-10-15 20:03:06.29792 INFO::Plotting associations from most to least significant, grouped by metadata
2025-10-15 20:03:06.300307 INFO::Plotting data for metadata number 1, Group
2025-10-15 20:03:06.304446 INFO::Creating boxplot for categorical data, Group vs Arthrodermataceae
2025-10-15 20:03:06.663048 INFO::Creating boxplot for categorical data, Group vs Sordariaceae
