2025-10-15 19:53:22.330822 INFO::Writing function arguments to log file
2025-10-15 19:53:22.333186 DEBUG::Function arguments
2025-10-15 19:53:22.334511 DEBUG::Input data file: E:/Python/MI_Analysis/metagenome/data_figures/filtered_data_1percent_change/MaAsLin2_OTU//fungi_temp.tsv
2025-10-15 19:53:22.335773 DEBUG::Input metadata file: E:/Python/MI_Analysis/metagenome/data_figures/filtered_data_1percent_change/MaAsLin2_OTU//metadata_temp.tsv
2025-10-15 19:53:22.337151 DEBUG::Output folder: E:/Python/MI_Analysis/metagenome/data_figures/filtered_data_1percent_change/MaAsLin2_OTU//fungi
2025-10-15 19:53:22.338523 DEBUG::Min Abundance: 0.000000
2025-10-15 19:53:22.339809 DEBUG::Min Prevalence: 0.100000
2025-10-15 19:53:22.341026 DEBUG::Normalization: TSS
2025-10-15 19:53:22.342412 DEBUG::Transform: LOG
2025-10-15 19:53:22.343698 DEBUG::Analysis method: LM
2025-10-15 19:53:22.344901 DEBUG::Max significance: 0.050000
2025-10-15 19:53:22.346168 DEBUG::Random effects:
2025-10-15 19:53:22.34753 DEBUG::Fixed effects: Group
2025-10-15 19:53:22.349102 DEBUG::Correction method: BH
2025-10-15 19:53:22.350344 DEBUG::Standardize: TRUE
2025-10-15 19:53:22.351705 DEBUG::Cores: 1
2025-10-15 19:53:22.35291 INFO::Verifying options selected are valid
2025-10-15 19:53:22.355237 INFO::Determining format of input files
2025-10-15 19:53:22.357609 INFO::Input format is data samples as columns and metadata samples as rows
2025-10-15 19:53:22.36133 DEBUG::Transformed data so samples are rows
2025-10-15 19:53:22.367946 DEBUG::A total of 84 samples were found in both the data and metadata
2025-10-15 19:53:22.369196 DEBUG::Reordering data/metadata to use same sample ordering
2025-10-15 19:53:22.372541 INFO::Formula for fixed effects: expr ~  Group
2025-10-15 19:53:22.374967 INFO::Filter data based on min abundance and min prevalence
2025-10-15 19:53:22.377162 INFO::Total samples in data: 84
2025-10-15 19:53:22.379266 INFO::Min samples required with min abundance for a feature not to be filtered: 8.400000
2025-10-15 19:53:22.384773 INFO::Total filtered features: 11
2025-10-15 19:53:22.387131 INFO::Filtered feature names from abundance and prevalence filtering: k__Fungi.p__Microsporidia, k__Fungi.p__Microsporidia.c__Cryptophyceae, k__Fungi.p__Microsporidia.c__Cryptophyceae.o__Cryptomonadales, k__Fungi.p__Microsporidia.c__Cryptophyceae.o__Cryptomonadales.f__Cryptomonadaceae, k__Fungi.p__Microsporidia.c__Cryptophyceae.o__Cryptomonadales.f__Cryptomonadaceae.g__Cryptomonas, k__Fungi.p__Microsporidia.c__Cryptophyceae.o__Cryptomonadales.f__Cryptomonadaceae.g__Cryptomonas.s__Cryptomonas_paramecium, k__Fungi.p__Microsporidia.c__Unclassified, k__Fungi.p__Microsporidia.c__Unclassified.o__Unclassified, k__Fungi.p__Microsporidia.c__Unclassified.o__Unclassified.f__Unikaryonidae, k__Fungi.p__Microsporidia.c__Unclassified.o__Unclassified.f__Unikaryonidae.g__Encephalitozoon, k__Fungi.p__Microsporidia.c__Unclassified.o__Unclassified.f__Unikaryonidae.g__Encephalitozoon.s__Encephalitozoon_hellem
2025-10-15 19:53:22.393843 INFO::Total filtered features with variance filtering: 0
2025-10-15 19:53:22.396024 INFO::Filtered feature names from variance filtering:
2025-10-15 19:53:22.398218 INFO::Running selected normalization method: TSS
2025-10-15 19:53:22.404246 INFO::Applying z-score to standardize continuous metadata
2025-10-15 19:53:22.409634 INFO::Running selected transform method: LOG
2025-10-15 19:53:22.417181 INFO::Running selected analysis method: LM
2025-10-15 19:53:22.419958 INFO::Fitting model to feature number 1, k__Fungi
2025-10-15 19:53:22.42509 INFO::Fitting model to feature number 2, k__Fungi.p__Ascomycota
2025-10-15 19:53:22.429628 INFO::Fitting model to feature number 3, k__Fungi.p__Ascomycota.c__Dothideomycetes
2025-10-15 19:53:22.434542 INFO::Fitting model to feature number 4, k__Fungi.p__Ascomycota.c__Dothideomycetes.o__Cladosporiales
2025-10-15 19:53:22.439024 INFO::Fitting model to feature number 5, k__Fungi.p__Ascomycota.c__Dothideomycetes.o__Cladosporiales.f__Cladosporiaceae
2025-10-15 19:53:22.443223 INFO::Fitting model to feature number 6, k__Fungi.p__Ascomycota.c__Dothideomycetes.o__Cladosporiales.f__Cladosporiaceae.g__Cladosporium
2025-10-15 19:53:22.447684 INFO::Fitting model to feature number 7, k__Fungi.p__Ascomycota.c__Dothideomycetes.o__Cladosporiales.f__Cladosporiaceae.g__Cladosporium.s__Cladosporium_cladosporioides
2025-10-15 19:53:22.451823 INFO::Fitting model to feature number 8, k__Fungi.p__Ascomycota.c__Dothideomycetes.o__Cladosporiales.f__Cladosporiaceae.g__Cladosporium.s__Cladosporium_cucumerinum
2025-10-15 19:53:22.45599 INFO::Fitting model to feature number 9, k__Fungi.p__Ascomycota.c__Dothideomycetes.o__Cladosporiales.f__Cladosporiaceae.g__Cladosporium.s__Cladosporium_tenuissimum
2025-10-15 19:53:22.46031 INFO::Fitting model to feature number 10, k__Fungi.p__Ascomycota.c__Dothideomycetes.o__Mycosphaerellales
2025-10-15 19:53:22.464528 INFO::Fitting model to feature number 11, k__Fungi.p__Ascomycota.c__Dothideomycetes.o__Mycosphaerellales.f__Mycosphaerellaceae
2025-10-15 19:53:22.46894 INFO::Fitting model to feature number 12, k__Fungi.p__Ascomycota.c__Dothideomycetes.o__Mycosphaerellales.f__Mycosphaerellaceae.g__Cercospora
2025-10-15 19:53:22.473651 INFO::Fitting model to feature number 13, k__Fungi.p__Ascomycota.c__Dothideomycetes.o__Mycosphaerellales.f__Mycosphaerellaceae.g__Cercospora.s__Cercospora_beticola
2025-10-15 19:53:22.478146 INFO::Fitting model to feature number 14, k__Fungi.p__Ascomycota.c__Dothideomycetes.o__Mycosphaerellales.f__Mycosphaerellaceae.g__Zymoseptoria
2025-10-15 19:53:22.483707 INFO::Fitting model to feature number 15, k__Fungi.p__Ascomycota.c__Dothideomycetes.o__Mycosphaerellales.f__Mycosphaerellaceae.g__Zymoseptoria.s__Zymoseptoria_tritici
2025-10-15 19:53:22.488278 INFO::Fitting model to feature number 16, k__Fungi.p__Ascomycota.c__Eurotiomycetes
2025-10-15 19:53:22.492504 INFO::Fitting model to feature number 17, k__Fungi.p__Ascomycota.c__Eurotiomycetes.o__Chaetothyriales
2025-10-15 19:53:22.49674 INFO::Fitting model to feature number 18, k__Fungi.p__Ascomycota.c__Eurotiomycetes.o__Chaetothyriales.f__Herpotrichiellaceae
2025-10-15 19:53:22.501286 INFO::Fitting model to feature number 19, k__Fungi.p__Ascomycota.c__Eurotiomycetes.o__Chaetothyriales.f__Herpotrichiellaceae.g__Fonsecaea
2025-10-15 19:53:22.505588 INFO::Fitting model to feature number 20, k__Fungi.p__Ascomycota.c__Eurotiomycetes.o__Chaetothyriales.f__Herpotrichiellaceae.g__Fonsecaea.s__Fonsecaea_pedrosoi
2025-10-15 19:53:22.509808 INFO::Fitting model to feature number 21, k__Fungi.p__Ascomycota.c__Eurotiomycetes.o__Eurotiales
2025-10-15 19:53:22.514906 INFO::Fitting model to feature number 22, k__Fungi.p__Ascomycota.c__Eurotiomycetes.o__Eurotiales.f__Aspergillaceae
2025-10-15 19:53:22.519946 INFO::Fitting model to feature number 23, k__Fungi.p__Ascomycota.c__Eurotiomycetes.o__Eurotiales.f__Aspergillaceae.g__Aspergillus
2025-10-15 19:53:22.52584 INFO::Fitting model to feature number 24, k__Fungi.p__Ascomycota.c__Eurotiomycetes.o__Eurotiales.f__Aspergillaceae.g__Aspergillus.s__Aspergillus_chevalieri
2025-10-15 19:53:22.532481 INFO::Fitting model to feature number 25, k__Fungi.p__Ascomycota.c__Eurotiomycetes.o__Eurotiales.f__Aspergillaceae.g__Aspergillus.s__Aspergillus_flavus
2025-10-15 19:53:22.539002 INFO::Fitting model to feature number 26, k__Fungi.p__Ascomycota.c__Eurotiomycetes.o__Eurotiales.f__Aspergillaceae.g__Aspergillus.s__Aspergillus_fumigatus
2025-10-15 19:53:22.545424 INFO::Fitting model to feature number 27, k__Fungi.p__Ascomycota.c__Eurotiomycetes.o__Eurotiales.f__Aspergillaceae.g__Aspergillus.s__Aspergillus_luchuensis
2025-10-15 19:53:22.553021 INFO::Fitting model to feature number 28, k__Fungi.p__Ascomycota.c__Eurotiomycetes.o__Eurotiales.f__Aspergillaceae.g__Aspergillus.s__Aspergillus_oryzae
2025-10-15 19:53:22.561511 INFO::Fitting model to feature number 29, k__Fungi.p__Ascomycota.c__Eurotiomycetes.o__Eurotiales.f__Aspergillaceae.g__Aspergillus.s__Aspergillus_puulaauensis
2025-10-15 19:53:22.570613 INFO::Fitting model to feature number 30, k__Fungi.p__Ascomycota.c__Eurotiomycetes.o__Eurotiales.f__Trichocomaceae
2025-10-15 19:53:22.58037 INFO::Fitting model to feature number 31, k__Fungi.p__Ascomycota.c__Eurotiomycetes.o__Eurotiales.f__Trichocomaceae.g__Talaromyces
2025-10-15 19:53:22.589484 INFO::Fitting model to feature number 32, k__Fungi.p__Ascomycota.c__Eurotiomycetes.o__Eurotiales.f__Trichocomaceae.g__Talaromyces.s__Talaromyces_rugulosus
2025-10-15 19:53:22.598694 INFO::Fitting model to feature number 33, k__Fungi.p__Ascomycota.c__Eurotiomycetes.o__Onygenales
2025-10-15 19:53:22.608271 INFO::Fitting model to feature number 34, k__Fungi.p__Ascomycota.c__Eurotiomycetes.o__Onygenales.f__Arthrodermataceae
2025-10-15 19:53:22.61728 INFO::Fitting model to feature number 35, k__Fungi.p__Ascomycota.c__Eurotiomycetes.o__Onygenales.f__Arthrodermataceae.g__Microsporum
2025-10-15 19:53:22.626154 INFO::Fitting model to feature number 36, k__Fungi.p__Ascomycota.c__Eurotiomycetes.o__Onygenales.f__Arthrodermataceae.g__Microsporum.s__Microsporum_audouinii
2025-10-15 19:53:22.633652 INFO::Fitting model to feature number 37, k__Fungi.p__Ascomycota.c__Eurotiomycetes.o__Onygenales.f__Arthrodermataceae.g__Microsporum.s__Microsporum_canis
2025-10-15 19:53:22.639971 INFO::Fitting model to feature number 38, k__Fungi.p__Ascomycota.c__Eurotiomycetes.o__Onygenales.f__Arthrodermataceae.g__Trichophyton
2025-10-15 19:53:22.645688 INFO::Fitting model to feature number 39, k__Fungi.p__Ascomycota.c__Eurotiomycetes.o__Onygenales.f__Arthrodermataceae.g__Trichophyton.s__Trichophyton_rubrum
2025-10-15 19:53:22.650773 INFO::Fitting model to feature number 40, k__Fungi.p__Ascomycota.c__Leotiomycetes
2025-10-15 19:53:22.655585 INFO::Fitting model to feature number 41, k__Fungi.p__Ascomycota.c__Leotiomycetes.o__Helotiales
2025-10-15 19:53:22.659937 INFO::Fitting model to feature number 42, k__Fungi.p__Ascomycota.c__Leotiomycetes.o__Helotiales.f__Sclerotiniaceae
2025-10-15 19:53:22.66438 INFO::Fitting model to feature number 43, k__Fungi.p__Ascomycota.c__Leotiomycetes.o__Helotiales.f__Sclerotiniaceae.g__Botrytis
2025-10-15 19:53:22.668665 INFO::Fitting model to feature number 44, k__Fungi.p__Ascomycota.c__Leotiomycetes.o__Helotiales.f__Sclerotiniaceae.g__Botrytis.s__Botrytis_cinerea
2025-10-15 19:53:22.673232 INFO::Fitting model to feature number 45, k__Fungi.p__Ascomycota.c__Pneumocystidomycetes
2025-10-15 19:53:22.67776 INFO::Fitting model to feature number 46, k__Fungi.p__Ascomycota.c__Pneumocystidomycetes.o__Pneumocystidales
2025-10-15 19:53:22.682093 INFO::Fitting model to feature number 47, k__Fungi.p__Ascomycota.c__Pneumocystidomycetes.o__Pneumocystidales.f__Pneumocystidaceae
2025-10-15 19:53:22.686728 INFO::Fitting model to feature number 48, k__Fungi.p__Ascomycota.c__Pneumocystidomycetes.o__Pneumocystidales.f__Pneumocystidaceae.g__Pneumocystis
2025-10-15 19:53:22.691303 INFO::Fitting model to feature number 49, k__Fungi.p__Ascomycota.c__Pneumocystidomycetes.o__Pneumocystidales.f__Pneumocystidaceae.g__Pneumocystis.s__Pneumocystis_carinii
2025-10-15 19:53:22.696054 INFO::Fitting model to feature number 50, k__Fungi.p__Ascomycota.c__Saccharomycetes
2025-10-15 19:53:22.701119 INFO::Fitting model to feature number 51, k__Fungi.p__Ascomycota.c__Saccharomycetes.o__Saccharomycetales
2025-10-15 19:53:22.706859 INFO::Fitting model to feature number 52, k__Fungi.p__Ascomycota.c__Saccharomycetes.o__Saccharomycetales.f__Debaryomycetaceae
2025-10-15 19:53:22.71267 INFO::Fitting model to feature number 53, k__Fungi.p__Ascomycota.c__Saccharomycetes.o__Saccharomycetales.f__Debaryomycetaceae.g__Candida
2025-10-15 19:53:22.718935 INFO::Fitting model to feature number 54, k__Fungi.p__Ascomycota.c__Saccharomycetes.o__Saccharomycetales.f__Debaryomycetaceae.g__Candida.s__Candida_albicans
2025-10-15 19:53:22.804278 INFO::Fitting model to feature number 55, k__Fungi.p__Ascomycota.c__Saccharomycetes.o__Saccharomycetales.f__Debaryomycetaceae.g__Candida.s__Candida_dubliniensis
2025-10-15 19:53:22.809308 INFO::Fitting model to feature number 56, k__Fungi.p__Ascomycota.c__Saccharomycetes.o__Saccharomycetales.f__Debaryomycetaceae.g__Candida.s__Candida_orthopsilosis
2025-10-15 19:53:22.813993 INFO::Fitting model to feature number 57, k__Fungi.p__Ascomycota.c__Saccharomycetes.o__Saccharomycetales.f__Debaryomycetaceae.g__Candida.s__Candida_tropicalis
2025-10-15 19:53:22.818647 INFO::Fitting model to feature number 58, k__Fungi.p__Ascomycota.c__Saccharomycetes.o__Saccharomycetales.f__Debaryomycetaceae.g__Debaryomyces
2025-10-15 19:53:22.822912 INFO::Fitting model to feature number 59, k__Fungi.p__Ascomycota.c__Saccharomycetes.o__Saccharomycetales.f__Debaryomycetaceae.g__Debaryomyces.s__Debaryomyces_hansenii
2025-10-15 19:53:22.826984 INFO::Fitting model to feature number 60, k__Fungi.p__Ascomycota.c__Saccharomycetes.o__Saccharomycetales.f__Debaryomycetaceae.g__Scheffersomyces
2025-10-15 19:53:22.832273 INFO::Fitting model to feature number 61, k__Fungi.p__Ascomycota.c__Saccharomycetes.o__Saccharomycetales.f__Debaryomycetaceae.g__Scheffersomyces.s__Scheffersomyces_stipitis
2025-10-15 19:53:22.838 INFO::Fitting model to feature number 62, k__Fungi.p__Ascomycota.c__Saccharomycetes.o__Saccharomycetales.f__Dipodascaceae
2025-10-15 19:53:22.842989 INFO::Fitting model to feature number 63, k__Fungi.p__Ascomycota.c__Saccharomycetes.o__Saccharomycetales.f__Dipodascaceae.g__Yarrowia
2025-10-15 19:53:22.84863 INFO::Fitting model to feature number 64, k__Fungi.p__Ascomycota.c__Saccharomycetes.o__Saccharomycetales.f__Dipodascaceae.g__Yarrowia.s__Yarrowia_lipolytica
2025-10-15 19:53:22.852533 INFO::Fitting model to feature number 65, k__Fungi.p__Ascomycota.c__Saccharomycetes.o__Saccharomycetales.f__Phaffomycetaceae
2025-10-15 19:53:22.856726 INFO::Fitting model to feature number 66, k__Fungi.p__Ascomycota.c__Saccharomycetes.o__Saccharomycetales.f__Phaffomycetaceae.g__Komagataella
2025-10-15 19:53:22.860247 INFO::Fitting model to feature number 67, k__Fungi.p__Ascomycota.c__Saccharomycetes.o__Saccharomycetales.f__Phaffomycetaceae.g__Komagataella.s__Komagataella_phaffii
2025-10-15 19:53:22.864588 INFO::Fitting model to feature number 68, k__Fungi.p__Ascomycota.c__Saccharomycetes.o__Saccharomycetales.f__Pichiaceae
2025-10-15 19:53:22.868398 INFO::Fitting model to feature number 69, k__Fungi.p__Ascomycota.c__Saccharomycetes.o__Saccharomycetales.f__Pichiaceae.g__Brettanomyces
2025-10-15 19:53:22.872379 INFO::Fitting model to feature number 70, k__Fungi.p__Ascomycota.c__Saccharomycetes.o__Saccharomycetales.f__Pichiaceae.g__Brettanomyces.s__Brettanomyces_bruxellensis
2025-10-15 19:53:22.876168 INFO::Fitting model to feature number 71, k__Fungi.p__Ascomycota.c__Saccharomycetes.o__Saccharomycetales.f__Pichiaceae.g__Brettanomyces.s__Brettanomyces_nanus
2025-10-15 19:53:22.880266 INFO::Fitting model to feature number 72, k__Fungi.p__Ascomycota.c__Saccharomycetes.o__Saccharomycetales.f__Pichiaceae.g__Ogataea
2025-10-15 19:53:22.884541 INFO::Fitting model to feature number 73, k__Fungi.p__Ascomycota.c__Saccharomycetes.o__Saccharomycetales.f__Pichiaceae.g__Ogataea.s__Ogataea_parapolymorpha
2025-10-15 19:53:22.888662 INFO::Fitting model to feature number 74, k__Fungi.p__Ascomycota.c__Saccharomycetes.o__Saccharomycetales.f__Pichiaceae.g__Pichia
2025-10-15 19:53:22.893381 INFO::Fitting model to feature number 75, k__Fungi.p__Ascomycota.c__Saccharomycetes.o__Saccharomycetales.f__Pichiaceae.g__Pichia.s__Pichia_kudriavzevii
2025-10-15 19:53:22.898213 INFO::Fitting model to feature number 76, k__Fungi.p__Ascomycota.c__Saccharomycetes.o__Saccharomycetales.f__Saccharomycetaceae
2025-10-15 19:53:22.903304 INFO::Fitting model to feature number 77, k__Fungi.p__Ascomycota.c__Saccharomycetes.o__Saccharomycetales.f__Saccharomycetaceae.g__Eremothecium
2025-10-15 19:53:22.908696 INFO::Fitting model to feature number 78, k__Fungi.p__Ascomycota.c__Saccharomycetes.o__Saccharomycetales.f__Saccharomycetaceae.g__Eremothecium.s__Eremothecium_cymbalariae
2025-10-15 19:53:22.914616 INFO::Fitting model to feature number 79, k__Fungi.p__Ascomycota.c__Saccharomycetes.o__Saccharomycetales.f__Saccharomycetaceae.g__Eremothecium.s__Eremothecium_gossypii
2025-10-15 19:53:22.921012 INFO::Fitting model to feature number 80, k__Fungi.p__Ascomycota.c__Saccharomycetes.o__Saccharomycetales.f__Saccharomycetaceae.g__Eremothecium.s__Eremothecium_sinecaudum
2025-10-15 19:53:22.928159 INFO::Fitting model to feature number 81, k__Fungi.p__Ascomycota.c__Saccharomycetes.o__Saccharomycetales.f__Saccharomycetaceae.g__Kazachstania
2025-10-15 19:53:22.936636 INFO::Fitting model to feature number 82, k__Fungi.p__Ascomycota.c__Saccharomycetes.o__Saccharomycetales.f__Saccharomycetaceae.g__Kazachstania.s__Kazachstania_africana
2025-10-15 19:53:22.946071 INFO::Fitting model to feature number 83, k__Fungi.p__Ascomycota.c__Saccharomycetes.o__Saccharomycetales.f__Saccharomycetaceae.g__Kazachstania.s__Kazachstania_exigua
2025-10-15 19:53:22.955446 INFO::Fitting model to feature number 84, k__Fungi.p__Ascomycota.c__Saccharomycetes.o__Saccharomycetales.f__Saccharomycetaceae.g__Kazachstania.s__Kazachstania_naganishii
2025-10-15 19:53:22.965469 INFO::Fitting model to feature number 85, k__Fungi.p__Ascomycota.c__Saccharomycetes.o__Saccharomycetales.f__Saccharomycetaceae.g__Kluyveromyces
2025-10-15 19:53:22.975157 INFO::Fitting model to feature number 86, k__Fungi.p__Ascomycota.c__Saccharomycetes.o__Saccharomycetales.f__Saccharomycetaceae.g__Kluyveromyces.s__Kluyveromyces_lactis
2025-10-15 19:53:22.98489 INFO::Fitting model to feature number 87, k__Fungi.p__Ascomycota.c__Saccharomycetes.o__Saccharomycetales.f__Saccharomycetaceae.g__Kluyveromyces.s__Kluyveromyces_marxianus
2025-10-15 19:53:22.995193 INFO::Fitting model to feature number 88, k__Fungi.p__Ascomycota.c__Saccharomycetes.o__Saccharomycetales.f__Saccharomycetaceae.g__Lachancea
2025-10-15 19:53:23.005255 INFO::Fitting model to feature number 89, k__Fungi.p__Ascomycota.c__Saccharomycetes.o__Saccharomycetales.f__Saccharomycetaceae.g__Lachancea.s__Lachancea_kluyveri
2025-10-15 19:53:23.013219 INFO::Fitting model to feature number 90, k__Fungi.p__Ascomycota.c__Saccharomycetes.o__Saccharomycetales.f__Saccharomycetaceae.g__Lachancea.s__Lachancea_thermotolerans
2025-10-15 19:53:23.020581 INFO::Fitting model to feature number 91, k__Fungi.p__Ascomycota.c__Saccharomycetes.o__Saccharomycetales.f__Saccharomycetaceae.g__Nakaseomyces
2025-10-15 19:53:23.026637 INFO::Fitting model to feature number 92, k__Fungi.p__Ascomycota.c__Saccharomycetes.o__Saccharomycetales.f__Saccharomycetaceae.g__Nakaseomyces.s__.Candida._glabrata
2025-10-15 19:53:23.031934 INFO::Fitting model to feature number 93, k__Fungi.p__Ascomycota.c__Saccharomycetes.o__Saccharomycetales.f__Saccharomycetaceae.g__Naumovozyma
2025-10-15 19:53:23.036783 INFO::Fitting model to feature number 94, k__Fungi.p__Ascomycota.c__Saccharomycetes.o__Saccharomycetales.f__Saccharomycetaceae.g__Naumovozyma.s__Naumovozyma_castellii
2025-10-15 19:53:23.041341 INFO::Fitting model to feature number 95, k__Fungi.p__Ascomycota.c__Saccharomycetes.o__Saccharomycetales.f__Saccharomycetaceae.g__Naumovozyma.s__Naumovozyma_dairenensis
2025-10-15 19:53:23.045694 INFO::Fitting model to feature number 96, k__Fungi.p__Ascomycota.c__Saccharomycetes.o__Saccharomycetales.f__Saccharomycetaceae.g__Saccharomyces
2025-10-15 19:53:23.05013 INFO::Fitting model to feature number 97, k__Fungi.p__Ascomycota.c__Saccharomycetes.o__Saccharomycetales.f__Saccharomycetaceae.g__Saccharomyces.s__Saccharomyces_bayanus
2025-10-15 19:53:23.054551 INFO::Fitting model to feature number 98, k__Fungi.p__Ascomycota.c__Saccharomycetes.o__Saccharomycetales.f__Saccharomycetaceae.g__Saccharomyces.s__Saccharomyces_boulardii_.nom._inval..
2025-10-15 19:53:23.059064 INFO::Fitting model to feature number 99, k__Fungi.p__Ascomycota.c__Saccharomycetes.o__Saccharomycetales.f__Saccharomycetaceae.g__Saccharomyces.s__Saccharomyces_cerevisiae
2025-10-15 19:53:23.063417 INFO::Fitting model to feature number 100, k__Fungi.p__Ascomycota.c__Saccharomycetes.o__Saccharomycetales.f__Saccharomycetaceae.g__Saccharomyces.s__Saccharomyces_eubayanus
2025-10-15 19:53:23.067399 INFO::Fitting model to feature number 101, k__Fungi.p__Ascomycota.c__Saccharomycetes.o__Saccharomycetales.f__Saccharomycetaceae.g__Saccharomyces.s__Saccharomyces_kudriavzevii
2025-10-15 19:53:23.072305 INFO::Fitting model to feature number 102, k__Fungi.p__Ascomycota.c__Saccharomycetes.o__Saccharomycetales.f__Saccharomycetaceae.g__Saccharomyces.s__Saccharomyces_paradoxus
2025-10-15 19:53:23.076902 INFO::Fitting model to feature number 103, k__Fungi.p__Ascomycota.c__Saccharomycetes.o__Saccharomycetales.f__Saccharomycetaceae.g__Saccharomyces.s__Saccharomyces_pastorianus
2025-10-15 19:53:23.081345 INFO::Fitting model to feature number 104, k__Fungi.p__Ascomycota.c__Saccharomycetes.o__Saccharomycetales.f__Saccharomycetaceae.g__Saccharomyces.s__Saccharomyces_uvarum
2025-10-15 19:53:23.086662 INFO::Fitting model to feature number 105, k__Fungi.p__Ascomycota.c__Saccharomycetes.o__Saccharomycetales.f__Saccharomycetaceae.g__Tetrapisispora
2025-10-15 19:53:23.091776 INFO::Fitting model to feature number 106, k__Fungi.p__Ascomycota.c__Saccharomycetes.o__Saccharomycetales.f__Saccharomycetaceae.g__Tetrapisispora.s__Tetrapisispora_blattae
2025-10-15 19:53:23.097042 INFO::Fitting model to feature number 107, k__Fungi.p__Ascomycota.c__Saccharomycetes.o__Saccharomycetales.f__Saccharomycetaceae.g__Tetrapisispora.s__Tetrapisispora_phaffii
2025-10-15 19:53:23.102652 INFO::Fitting model to feature number 108, k__Fungi.p__Ascomycota.c__Saccharomycetes.o__Saccharomycetales.f__Saccharomycetaceae.g__Torulaspora
2025-10-15 19:53:23.109121 INFO::Fitting model to feature number 109, k__Fungi.p__Ascomycota.c__Saccharomycetes.o__Saccharomycetales.f__Saccharomycetaceae.g__Torulaspora.s__Torulaspora_delbrueckii
2025-10-15 19:53:23.115408 INFO::Fitting model to feature number 110, k__Fungi.p__Ascomycota.c__Saccharomycetes.o__Saccharomycetales.f__Saccharomycetaceae.g__Torulaspora.s__Torulaspora_globosa
2025-10-15 19:53:23.122399 INFO::Fitting model to feature number 111, k__Fungi.p__Ascomycota.c__Saccharomycetes.o__Saccharomycetales.f__Saccharomycetaceae.g__Zygosaccharomyces
2025-10-15 19:53:23.129517 INFO::Fitting model to feature number 112, k__Fungi.p__Ascomycota.c__Saccharomycetes.o__Saccharomycetales.f__Saccharomycetaceae.g__Zygosaccharomyces.s__Zygosaccharomyces_rouxii
2025-10-15 19:53:23.136446 INFO::Fitting model to feature number 113, k__Fungi.p__Ascomycota.c__Saccharomycetes.o__Saccharomycetales.f__Saccharomycetaceae.g__Zygotorulaspora
2025-10-15 19:53:23.143266 INFO::Fitting model to feature number 114, k__Fungi.p__Ascomycota.c__Saccharomycetes.o__Saccharomycetales.f__Saccharomycetaceae.g__Zygotorulaspora.s__Zygotorulaspora_mrakii
2025-10-15 19:53:23.150507 INFO::Fitting model to feature number 115, k__Fungi.p__Ascomycota.c__Saccharomycetes.o__Saccharomycetales.f__Saccharomycodaceae
2025-10-15 19:53:23.157401 INFO::Fitting model to feature number 116, k__Fungi.p__Ascomycota.c__Saccharomycetes.o__Saccharomycetales.f__Saccharomycodaceae.g__Saccharomycodes
2025-10-15 19:53:23.164456 INFO::Fitting model to feature number 117, k__Fungi.p__Ascomycota.c__Saccharomycetes.o__Saccharomycetales.f__Saccharomycodaceae.g__Saccharomycodes.s__Saccharomycodes_ludwigii
2025-10-15 19:53:23.171588 INFO::Fitting model to feature number 118, k__Fungi.p__Ascomycota.c__Saccharomycetes.o__Saccharomycetales.f__Trichomonascaceae
2025-10-15 19:53:23.178539 INFO::Fitting model to feature number 119, k__Fungi.p__Ascomycota.c__Saccharomycetes.o__Saccharomycetales.f__Trichomonascaceae.g__Sugiyamaella
2025-10-15 19:53:23.185618 INFO::Fitting model to feature number 120, k__Fungi.p__Ascomycota.c__Saccharomycetes.o__Saccharomycetales.f__Trichomonascaceae.g__Sugiyamaella.s__Sugiyamaella_lignohabitans
2025-10-15 19:53:23.192703 INFO::Fitting model to feature number 121, k__Fungi.p__Ascomycota.c__Schizosaccharomycetes
2025-10-15 19:53:23.198662 INFO::Fitting model to feature number 122, k__Fungi.p__Ascomycota.c__Schizosaccharomycetes.o__Schizosaccharomycetales
2025-10-15 19:53:23.204152 INFO::Fitting model to feature number 123, k__Fungi.p__Ascomycota.c__Schizosaccharomycetes.o__Schizosaccharomycetales.f__Schizosaccharomycetaceae
2025-10-15 19:53:23.209026 INFO::Fitting model to feature number 124, k__Fungi.p__Ascomycota.c__Schizosaccharomycetes.o__Schizosaccharomycetales.f__Schizosaccharomycetaceae.g__Schizosaccharomyces
2025-10-15 19:53:23.21368 INFO::Fitting model to feature number 125, k__Fungi.p__Ascomycota.c__Schizosaccharomycetes.o__Schizosaccharomycetales.f__Schizosaccharomycetaceae.g__Schizosaccharomyces.s__Schizosaccharomyces_pombe
2025-10-15 19:53:23.217973 INFO::Fitting model to feature number 126, k__Fungi.p__Ascomycota.c__Sordariomycetes
2025-10-15 19:53:23.222419 INFO::Fitting model to feature number 127, k__Fungi.p__Ascomycota.c__Sordariomycetes.o__Glomerellales
2025-10-15 19:53:23.226839 INFO::Fitting model to feature number 128, k__Fungi.p__Ascomycota.c__Sordariomycetes.o__Glomerellales.f__Glomerellaceae
2025-10-15 19:53:23.231183 INFO::Fitting model to feature number 129, k__Fungi.p__Ascomycota.c__Sordariomycetes.o__Glomerellales.f__Glomerellaceae.g__Colletotrichum
2025-10-15 19:53:23.236001 INFO::Fitting model to feature number 130, k__Fungi.p__Ascomycota.c__Sordariomycetes.o__Glomerellales.f__Glomerellaceae.g__Colletotrichum.s__Colletotrichum_higginsianum
2025-10-15 19:53:23.240789 INFO::Fitting model to feature number 131, k__Fungi.p__Ascomycota.c__Sordariomycetes.o__Hypocreales
2025-10-15 19:53:23.245706 INFO::Fitting model to feature number 132, k__Fungi.p__Ascomycota.c__Sordariomycetes.o__Hypocreales.f__Clavicipitaceae
2025-10-15 19:53:23.250518 INFO::Fitting model to feature number 133, k__Fungi.p__Ascomycota.c__Sordariomycetes.o__Hypocreales.f__Clavicipitaceae.g__Pochonia
2025-10-15 19:53:23.254969 INFO::Fitting model to feature number 134, k__Fungi.p__Ascomycota.c__Sordariomycetes.o__Hypocreales.f__Clavicipitaceae.g__Pochonia.s__Pochonia_chlamydosporia
2025-10-15 19:53:23.259856 INFO::Fitting model to feature number 135, k__Fungi.p__Ascomycota.c__Sordariomycetes.o__Hypocreales.f__Clavicipitaceae.g__Ustilaginoidea
2025-10-15 19:53:23.264501 INFO::Fitting model to feature number 136, k__Fungi.p__Ascomycota.c__Sordariomycetes.o__Hypocreales.f__Clavicipitaceae.g__Ustilaginoidea.s__Ustilaginoidea_virens
2025-10-15 19:53:23.269279 INFO::Fitting model to feature number 137, k__Fungi.p__Ascomycota.c__Sordariomycetes.o__Hypocreales.f__Nectriaceae
2025-10-15 19:53:23.27424 INFO::Fitting model to feature number 138, k__Fungi.p__Ascomycota.c__Sordariomycetes.o__Hypocreales.f__Nectriaceae.g__Fusarium
2025-10-15 19:53:23.279934 INFO::Fitting model to feature number 139, k__Fungi.p__Ascomycota.c__Sordariomycetes.o__Hypocreales.f__Nectriaceae.g__Fusarium.s__Fusarium_fujikuroi
2025-10-15 19:53:23.285778 INFO::Fitting model to feature number 140, k__Fungi.p__Ascomycota.c__Sordariomycetes.o__Hypocreales.f__Nectriaceae.g__Fusarium.s__Fusarium_graminearum
2025-10-15 19:53:23.292049 INFO::Fitting model to feature number 141, k__Fungi.p__Ascomycota.c__Sordariomycetes.o__Hypocreales.f__Nectriaceae.g__Fusarium.s__Fusarium_musae
2025-10-15 19:53:23.29955 INFO::Fitting model to feature number 142, k__Fungi.p__Ascomycota.c__Sordariomycetes.o__Hypocreales.f__Nectriaceae.g__Fusarium.s__Fusarium_oxysporum
2025-10-15 19:53:23.306878 INFO::Fitting model to feature number 143, k__Fungi.p__Ascomycota.c__Sordariomycetes.o__Hypocreales.f__Nectriaceae.g__Fusarium.s__Fusarium_poae
2025-10-15 19:53:23.314317 INFO::Fitting model to feature number 144, k__Fungi.p__Ascomycota.c__Sordariomycetes.o__Hypocreales.f__Nectriaceae.g__Fusarium.s__Fusarium_venenatum
2025-10-15 19:53:23.322523 INFO::Fitting model to feature number 145, k__Fungi.p__Ascomycota.c__Sordariomycetes.o__Hypocreales.f__Nectriaceae.g__Fusarium.s__Fusarium_verticillioides
2025-10-15 19:53:23.329857 INFO::Fitting model to feature number 146, k__Fungi.p__Ascomycota.c__Sordariomycetes.o__Hypocreales.f__Ophiocordycipitaceae
2025-10-15 19:53:23.337153 INFO::Fitting model to feature number 147, k__Fungi.p__Ascomycota.c__Sordariomycetes.o__Hypocreales.f__Ophiocordycipitaceae.g__Drechmeria
2025-10-15 19:53:23.34482 INFO::Fitting model to feature number 148, k__Fungi.p__Ascomycota.c__Sordariomycetes.o__Hypocreales.f__Ophiocordycipitaceae.g__Drechmeria.s__Drechmeria_coniospora
2025-10-15 19:53:23.352086 INFO::Fitting model to feature number 149, k__Fungi.p__Ascomycota.c__Sordariomycetes.o__Magnaporthales
2025-10-15 19:53:23.359511 INFO::Fitting model to feature number 150, k__Fungi.p__Ascomycota.c__Sordariomycetes.o__Magnaporthales.f__Pyriculariaceae
2025-10-15 19:53:23.366958 INFO::Fitting model to feature number 151, k__Fungi.p__Ascomycota.c__Sordariomycetes.o__Magnaporthales.f__Pyriculariaceae.g__Pyricularia
2025-10-15 19:53:23.373093 INFO::Fitting model to feature number 152, k__Fungi.p__Ascomycota.c__Sordariomycetes.o__Magnaporthales.f__Pyriculariaceae.g__Pyricularia.s__Pyricularia_grisea
2025-10-15 19:53:23.37852 INFO::Fitting model to feature number 153, k__Fungi.p__Ascomycota.c__Sordariomycetes.o__Magnaporthales.f__Pyriculariaceae.g__Pyricularia.s__Pyricularia_oryzae
2025-10-15 19:53:23.383923 INFO::Fitting model to feature number 154, k__Fungi.p__Ascomycota.c__Sordariomycetes.o__Magnaporthales.f__Pyriculariaceae.g__Pyricularia.s__Pyricularia_pennisetigena
2025-10-15 19:53:23.388537 INFO::Fitting model to feature number 155, k__Fungi.p__Ascomycota.c__Sordariomycetes.o__Ophiostomatales
2025-10-15 19:53:23.393138 INFO::Fitting model to feature number 156, k__Fungi.p__Ascomycota.c__Sordariomycetes.o__Ophiostomatales.f__Ophiostomataceae
2025-10-15 19:53:23.397572 INFO::Fitting model to feature number 157, k__Fungi.p__Ascomycota.c__Sordariomycetes.o__Ophiostomatales.f__Ophiostomataceae.g__Sporothrix
2025-10-15 19:53:23.401749 INFO::Fitting model to feature number 158, k__Fungi.p__Ascomycota.c__Sordariomycetes.o__Ophiostomatales.f__Ophiostomataceae.g__Sporothrix.s__Sporothrix_brasiliensis
2025-10-15 19:53:23.405577 INFO::Fitting model to feature number 159, k__Fungi.p__Ascomycota.c__Sordariomycetes.o__Ophiostomatales.f__Ophiostomataceae.g__Sporothrix.s__Sporothrix_globosa
2025-10-15 19:53:23.409585 INFO::Fitting model to feature number 160, k__Fungi.p__Ascomycota.c__Sordariomycetes.o__Ophiostomatales.f__Ophiostomataceae.g__Sporothrix.s__Sporothrix_schenckii
2025-10-15 19:53:23.413415 INFO::Fitting model to feature number 161, k__Fungi.p__Ascomycota.c__Sordariomycetes.o__Sordariales
2025-10-15 19:53:23.417432 INFO::Fitting model to feature number 162, k__Fungi.p__Ascomycota.c__Sordariomycetes.o__Sordariales.f__Chaetomiaceae
2025-10-15 19:53:23.421435 INFO::Fitting model to feature number 163, k__Fungi.p__Ascomycota.c__Sordariomycetes.o__Sordariales.f__Chaetomiaceae.g__Thermothelomyces
2025-10-15 19:53:23.425232 INFO::Fitting model to feature number 164, k__Fungi.p__Ascomycota.c__Sordariomycetes.o__Sordariales.f__Chaetomiaceae.g__Thermothelomyces.s__Thermothelomyces_thermophilus
2025-10-15 19:53:23.429038 INFO::Fitting model to feature number 165, k__Fungi.p__Ascomycota.c__Sordariomycetes.o__Sordariales.f__Chaetomiaceae.g__Thermothielavioides
2025-10-15 19:53:23.433212 INFO::Fitting model to feature number 166, k__Fungi.p__Ascomycota.c__Sordariomycetes.o__Sordariales.f__Chaetomiaceae.g__Thermothielavioides.s__Thermothielavioides_terrestris
2025-10-15 19:53:23.437034 INFO::Fitting model to feature number 167, k__Fungi.p__Ascomycota.c__Sordariomycetes.o__Sordariales.f__Sordariaceae
2025-10-15 19:53:23.440842 INFO::Fitting model to feature number 168, k__Fungi.p__Ascomycota.c__Sordariomycetes.o__Sordariales.f__Sordariaceae.g__Neurospora
2025-10-15 19:53:23.444818 INFO::Fitting model to feature number 169, k__Fungi.p__Ascomycota.c__Sordariomycetes.o__Sordariales.f__Sordariaceae.g__Neurospora.s__Neurospora_crassa
2025-10-15 19:53:23.448579 INFO::Fitting model to feature number 170, k__Fungi.p__Basidiomycota
2025-10-15 19:53:23.452788 INFO::Fitting model to feature number 171, k__Fungi.p__Basidiomycota.c__Agaricomycetes
2025-10-15 19:53:23.456888 INFO::Fitting model to feature number 172, k__Fungi.p__Basidiomycota.c__Agaricomycetes.o__Agaricales
2025-10-15 19:53:23.46089 INFO::Fitting model to feature number 173, k__Fungi.p__Basidiomycota.c__Agaricomycetes.o__Agaricales.f__Marasmiaceae
2025-10-15 19:53:23.466324 INFO::Fitting model to feature number 174, k__Fungi.p__Basidiomycota.c__Agaricomycetes.o__Agaricales.f__Marasmiaceae.g__Marasmius
2025-10-15 19:53:23.470018 INFO::Fitting model to feature number 175, k__Fungi.p__Basidiomycota.c__Agaricomycetes.o__Agaricales.f__Marasmiaceae.g__Marasmius.s__Marasmius_oreades
2025-10-15 19:53:23.473388 INFO::Fitting model to feature number 176, k__Fungi.p__Basidiomycota.c__Agaricomycetes.o__Cantharellales
2025-10-15 19:53:23.47669 INFO::Fitting model to feature number 177, k__Fungi.p__Basidiomycota.c__Agaricomycetes.o__Cantharellales.f__Ceratobasidiaceae
2025-10-15 19:53:23.480193 INFO::Fitting model to feature number 178, k__Fungi.p__Basidiomycota.c__Agaricomycetes.o__Cantharellales.f__Ceratobasidiaceae.g__Rhizoctonia
2025-10-15 19:53:23.485893 INFO::Fitting model to feature number 179, k__Fungi.p__Basidiomycota.c__Agaricomycetes.o__Cantharellales.f__Ceratobasidiaceae.g__Rhizoctonia.s__Rhizoctonia_solani
2025-10-15 19:53:23.490875 INFO::Fitting model to feature number 180, k__Fungi.p__Basidiomycota.c__Cryptophyceae
2025-10-15 19:53:23.496091 INFO::Fitting model to feature number 181, k__Fungi.p__Basidiomycota.c__Cryptophyceae.o__Cryptomonadales
2025-10-15 19:53:23.501175 INFO::Fitting model to feature number 182, k__Fungi.p__Basidiomycota.c__Cryptophyceae.o__Cryptomonadales.f__Cryptomonadaceae
2025-10-15 19:53:23.506245 INFO::Fitting model to feature number 183, k__Fungi.p__Basidiomycota.c__Cryptophyceae.o__Cryptomonadales.f__Cryptomonadaceae.g__Cryptomonas
2025-10-15 19:53:23.51132 INFO::Fitting model to feature number 184, k__Fungi.p__Basidiomycota.c__Cryptophyceae.o__Cryptomonadales.f__Cryptomonadaceae.g__Cryptomonas.s__Cryptomonas_paramecium
2025-10-15 19:53:23.51627 INFO::Fitting model to feature number 185, k__Fungi.p__Basidiomycota.c__Malasseziomycetes
2025-10-15 19:53:23.521202 INFO::Fitting model to feature number 186, k__Fungi.p__Basidiomycota.c__Malasseziomycetes.o__Malasseziales
2025-10-15 19:53:23.526016 INFO::Fitting model to feature number 187, k__Fungi.p__Basidiomycota.c__Malasseziomycetes.o__Malasseziales.f__Malasseziaceae
2025-10-15 19:53:23.530707 INFO::Fitting model to feature number 188, k__Fungi.p__Basidiomycota.c__Malasseziomycetes.o__Malasseziales.f__Malasseziaceae.g__Malassezia
2025-10-15 19:53:23.535381 INFO::Fitting model to feature number 189, k__Fungi.p__Basidiomycota.c__Malasseziomycetes.o__Malasseziales.f__Malasseziaceae.g__Malassezia.s__Malassezia_restricta
2025-10-15 19:53:23.540235 INFO::Fitting model to feature number 190, k__Fungi.p__Basidiomycota.c__Tremellomycetes
2025-10-15 19:53:23.545058 INFO::Fitting model to feature number 191, k__Fungi.p__Basidiomycota.c__Tremellomycetes.o__Tremellales
2025-10-15 19:53:23.549848 INFO::Fitting model to feature number 192, k__Fungi.p__Basidiomycota.c__Tremellomycetes.o__Tremellales.f__Cryptococcaceae
2025-10-15 19:53:23.55506 INFO::Fitting model to feature number 193, k__Fungi.p__Basidiomycota.c__Tremellomycetes.o__Tremellales.f__Cryptococcaceae.g__Cryptococcus
2025-10-15 19:53:23.559821 INFO::Fitting model to feature number 194, k__Fungi.p__Basidiomycota.c__Tremellomycetes.o__Tremellales.f__Cryptococcaceae.g__Cryptococcus.s__Cryptococcus_gattii_VGI
2025-10-15 19:53:23.564543 INFO::Fitting model to feature number 195, k__Fungi.p__Basidiomycota.c__Tremellomycetes.o__Tremellales.f__Cryptococcaceae.g__Cryptococcus.s__Cryptococcus_neoformans
2025-10-15 19:53:23.569456 INFO::Fitting model to feature number 196, k__Fungi.p__Basidiomycota.c__Ustilaginomycetes
2025-10-15 19:53:23.574517 INFO::Fitting model to feature number 197, k__Fungi.p__Basidiomycota.c__Ustilaginomycetes.o__Ustilaginales
2025-10-15 19:53:23.579299 INFO::Fitting model to feature number 198, k__Fungi.p__Basidiomycota.c__Ustilaginomycetes.o__Ustilaginales.f__Ustilaginaceae
2025-10-15 19:53:23.584199 INFO::Fitting model to feature number 199, k__Fungi.p__Basidiomycota.c__Ustilaginomycetes.o__Ustilaginales.f__Ustilaginaceae.g__Sporisorium
2025-10-15 19:53:23.588899 INFO::Fitting model to feature number 200, k__Fungi.p__Basidiomycota.c__Ustilaginomycetes.o__Ustilaginales.f__Ustilaginaceae.g__Sporisorium.s__Sporisorium_graminicola
2025-10-15 19:53:23.593924 INFO::Fitting model to feature number 201, k__Fungi.p__Basidiomycota.c__Ustilaginomycetes.o__Ustilaginales.f__Ustilaginaceae.g__Ustilago
2025-10-15 19:53:23.598828 INFO::Fitting model to feature number 202, k__Fungi.p__Basidiomycota.c__Ustilaginomycetes.o__Ustilaginales.f__Ustilaginaceae.g__Ustilago.s__Ustilago_maydis
2025-10-15 19:53:23.628018 INFO::Counting total values for each feature
2025-10-15 19:53:23.640324 INFO::Writing filtered data to file E:/Python/MI_Analysis/metagenome/data_figures/filtered_data_1percent_change/MaAsLin2_OTU//fungi/features/filtered_data.tsv
2025-10-15 19:53:23.699078 INFO::Writing filtered, normalized data to file E:/Python/MI_Analysis/metagenome/data_figures/filtered_data_1percent_change/MaAsLin2_OTU//fungi/features/filtered_data_norm.tsv
2025-10-15 19:53:23.748766 INFO::Writing filtered, normalized, transformed data to file E:/Python/MI_Analysis/metagenome/data_figures/filtered_data_1percent_change/MaAsLin2_OTU//fungi/features/filtered_data_norm_transformed.tsv
2025-10-15 19:53:23.806164 WARNING::Deleting existing residuals file: E:/Python/MI_Analysis/metagenome/data_figures/filtered_data_1percent_change/MaAsLin2_OTU//fungi/fits/residuals.rds
2025-10-15 19:53:23.809178 INFO::Writing residuals to file E:/Python/MI_Analysis/metagenome/data_figures/filtered_data_1percent_change/MaAsLin2_OTU//fungi/fits/residuals.rds
2025-10-15 19:53:23.817214 WARNING::Deleting existing fitted file: E:/Python/MI_Analysis/metagenome/data_figures/filtered_data_1percent_change/MaAsLin2_OTU//fungi/fits/fitted.rds
2025-10-15 19:53:23.819788 INFO::Writing fitted values to file E:/Python/MI_Analysis/metagenome/data_figures/filtered_data_1percent_change/MaAsLin2_OTU//fungi/fits/fitted.rds
2025-10-15 19:53:23.823824 INFO::Writing all results to file (ordered by increasing q-values): E:/Python/MI_Analysis/metagenome/data_figures/filtered_data_1percent_change/MaAsLin2_OTU//fungi/all_results.tsv
2025-10-15 19:53:23.831789 INFO::Writing the significant results (those which are less than or equal to the threshold of 0.050000 ) to file (ordered by increasing q-values): E:/Python/MI_Analysis/metagenome/data_figures/filtered_data_1percent_change/MaAsLin2_OTU//fungi/significant_results.tsv
2025-10-15 19:53:23.835474 INFO::Writing heatmap of significant results to file: E:/Python/MI_Analysis/metagenome/data_figures/filtered_data_1percent_change/MaAsLin2_OTU//fungi/heatmap.pdf
2025-10-15 19:53:23.838575 INFO::Writing association plots (one for each significant association) to output folder: E:/Python/MI_Analysis/metagenome/data_figures/filtered_data_1percent_change/MaAsLin2_OTU//fungi
2025-10-15 19:53:23.843093 INFO::Plotting associations from most to least significant, grouped by metadata
2025-10-15 19:53:23.845634 INFO::Plotting data for metadata number 1, Group
2025-10-15 19:53:23.849195 INFO::Creating boxplot for categorical data, Group vs k__Fungi.p__Ascomycota.c__Eurotiomycetes.o__Onygenales.f__Arthrodermataceae.g__Microsporum
2025-10-15 19:53:24.117996 INFO::Creating boxplot for categorical data, Group vs k__Fungi.p__Ascomycota.c__Eurotiomycetes.o__Eurotiales.f__Aspergillaceae.g__Aspergillus.s__Aspergillus_luchuensis
2025-10-15 19:53:24.354291 INFO::Creating boxplot for categorical data, Group vs k__Fungi.p__Ascomycota.c__Saccharomycetes.o__Saccharomycetales.f__Saccharomycetaceae.g__Kluyveromyces
2025-10-15 19:53:24.597997 INFO::Creating boxplot for categorical data, Group vs k__Fungi.p__Ascomycota.c__Eurotiomycetes.o__Onygenales
2025-10-15 19:53:24.860934 INFO::Creating boxplot for categorical data, Group vs k__Fungi.p__Ascomycota.c__Eurotiomycetes.o__Onygenales.f__Arthrodermataceae
2025-10-15 19:53:25.114738 INFO::Creating boxplot for categorical data, Group vs k__Fungi.p__Ascomycota.c__Sordariomycetes.o__Ophiostomatales.f__Ophiostomataceae.g__Sporothrix.s__Sporothrix_schenckii
2025-10-15 19:53:25.367835 INFO::Creating boxplot for categorical data, Group vs k__Fungi.p__Ascomycota.c__Sordariomycetes.o__Sordariales.f__Sordariaceae
2025-10-15 19:53:25.594982 INFO::Creating boxplot for categorical data, Group vs k__Fungi.p__Ascomycota.c__Sordariomycetes.o__Sordariales.f__Sordariaceae.g__Neurospora
2025-10-15 19:53:25.848058 INFO::Creating boxplot for categorical data, Group vs k__Fungi.p__Ascomycota.c__Sordariomycetes.o__Sordariales.f__Sordariaceae.g__Neurospora.s__Neurospora_crassa
2025-10-15 19:53:26.109919 INFO::Creating boxplot for categorical data, Group vs k__Fungi.p__Ascomycota.c__Saccharomycetes.o__Saccharomycetales.f__Saccharomycetaceae.g__Kluyveromyces.s__Kluyveromyces_lactis
2025-10-15 19:53:26.357943 INFO::Creating boxplot for categorical data, Group vs k__Fungi.p__Basidiomycota
