2025-10-15 20:03:04.510155 INFO::Writing function arguments to log file
2025-10-15 20:03:04.512699 DEBUG::Function arguments
2025-10-15 20:03:04.514162 DEBUG::Input data file: E:/Python/MI_Analysis/metagenome/data_figures/filtered_data_1percent_change/MaAsLin2_family/bacteria_temp.tsv
2025-10-15 20:03:04.515528 DEBUG::Input metadata file: E:/Python/MI_Analysis/metagenome/data_figures/filtered_data_1percent_change/MaAsLin2_family/metadata_temp.tsv
2025-10-15 20:03:04.516893 DEBUG::Output folder: E:/Python/MI_Analysis/metagenome/data_figures/filtered_data_1percent_change/MaAsLin2_family/bacteria
2025-10-15 20:03:04.518215 DEBUG::Min Abundance: 0.000000
2025-10-15 20:03:04.519544 DEBUG::Min Prevalence: 0.100000
2025-10-15 20:03:04.521596 DEBUG::Normalization: TSS
2025-10-15 20:03:04.523771 DEBUG::Transform: LOG
2025-10-15 20:03:04.525484 DEBUG::Analysis method: LM
2025-10-15 20:03:04.527464 DEBUG::Max significance: 0.050000
2025-10-15 20:03:04.529873 DEBUG::Random effects:
2025-10-15 20:03:04.532143 DEBUG::Fixed effects: Group
2025-10-15 20:03:04.533994 DEBUG::Correction method: BH
2025-10-15 20:03:04.535815 DEBUG::Standardize: TRUE
2025-10-15 20:03:04.537623 DEBUG::Cores: 1
2025-10-15 20:03:04.539318 INFO::Verifying options selected are valid
2025-10-15 20:03:04.542466 INFO::Determining format of input files
2025-10-15 20:03:04.546194 INFO::Input format is data samples as columns and metadata samples as rows
2025-10-15 20:03:04.550846 DEBUG::Transformed data so samples are rows
2025-10-15 20:03:04.553119 DEBUG::A total of 84 samples were found in both the data and metadata
2025-10-15 20:03:04.554585 DEBUG::Reordering data/metadata to use same sample ordering
2025-10-15 20:03:04.558468 INFO::Formula for fixed effects: expr ~  Group
2025-10-15 20:03:04.563592 INFO::Filter data based on min abundance and min prevalence
2025-10-15 20:03:04.56764 INFO::Total samples in data: 84
2025-10-15 20:03:04.570179 INFO::Min samples required with min abundance for a feature not to be filtered: 8.400000
2025-10-15 20:03:04.573986 INFO::Total filtered features: 16
2025-10-15 20:03:04.576774 INFO::Filtered feature names from abundance and prevalence filtering: Aerococcaceae, Campylobacteraceae, Cardiobacteriaceae, Carnobacteriaceae, Corynebacteriales_unclassified, Dysgonamonadaceae, Enterobacterales_unclassified, Hungateiclostridiaceae, Moraxellaceae, Morganellaceae, Neisseriaceae, Planococcaceae, Porphyromonadaceae, Staphylococcaceae, Victivallaceae, Yersiniaceae
2025-10-15 20:03:04.580611 INFO::Total filtered features with variance filtering: 0
2025-10-15 20:03:04.583595 INFO::Filtered feature names from variance filtering:
2025-10-15 20:03:04.586502 INFO::Running selected normalization method: TSS
2025-10-15 20:03:04.590262 INFO::Applying z-score to standardize continuous metadata
2025-10-15 20:03:04.596443 INFO::Running selected transform method: LOG
2025-10-15 20:03:04.600749 INFO::Running selected analysis method: LM
2025-10-15 20:03:04.603895 INFO::Fitting model to feature number 1, Acidaminococcaceae
2025-10-15 20:03:04.610193 INFO::Fitting model to feature number 2, Actinomycetaceae
2025-10-15 20:03:04.617384 INFO::Fitting model to feature number 3, Akkermansiaceae
2025-10-15 20:03:04.623991 INFO::Fitting model to feature number 4, Atopobiaceae
2025-10-15 20:03:04.628855 INFO::Fitting model to feature number 5, Bacillales_unclassified
2025-10-15 20:03:04.633796 INFO::Fitting model to feature number 6, Bacteroidaceae
2025-10-15 20:03:04.641044 INFO::Fitting model to feature number 7, Barnesiellaceae
2025-10-15 20:03:04.64767 INFO::Fitting model to feature number 8, Bifidobacteriaceae
2025-10-15 20:03:04.653105 INFO::Fitting model to feature number 9, Catabacteriaceae
2025-10-15 20:03:04.658134 INFO::Fitting model to feature number 10, Christensenellaceae
2025-10-15 20:03:04.663056 INFO::Fitting model to feature number 11, Clostridiaceae
2025-10-15 20:03:04.667938 INFO::Fitting model to feature number 12, Clostridiales_Family_XIII_Incertae_Sedis
2025-10-15 20:03:04.673968 INFO::Fitting model to feature number 13, Clostridiales_unclassified
2025-10-15 20:03:04.678551 INFO::Fitting model to feature number 14, Coriobacteriaceae
2025-10-15 20:03:04.682857 INFO::Fitting model to feature number 15, Corynebacteriaceae
2025-10-15 20:03:04.687288 INFO::Fitting model to feature number 16, Desulfovibrionaceae
2025-10-15 20:03:04.691582 INFO::Fitting model to feature number 17, Eggerthellaceae
2025-10-15 20:03:04.695765 INFO::Fitting model to feature number 18, Enterobacteriaceae
2025-10-15 20:03:04.700025 INFO::Fitting model to feature number 19, Enterococcaceae
2025-10-15 20:03:04.704475 INFO::Fitting model to feature number 20, Erysipelotrichaceae
2025-10-15 20:03:04.708615 INFO::Fitting model to feature number 21, Eubacteriaceae
2025-10-15 20:03:04.712824 INFO::Fitting model to feature number 22, Firmicutes_unclassified
2025-10-15 20:03:04.716948 INFO::Fitting model to feature number 23, Fusobacteriaceae
2025-10-15 20:03:04.72284 INFO::Fitting model to feature number 24, Lachnospiraceae
2025-10-15 20:03:04.726583 INFO::Fitting model to feature number 25, Lactobacillaceae
2025-10-15 20:03:04.731381 INFO::Fitting model to feature number 26, Leuconostocaceae
2025-10-15 20:03:04.736119 INFO::Fitting model to feature number 27, Micrococcaceae
2025-10-15 20:03:04.740947 INFO::Fitting model to feature number 28, Odoribacteraceae
2025-10-15 20:03:04.745307 INFO::Fitting model to feature number 29, Oscillospiraceae
2025-10-15 20:03:04.751227 INFO::Fitting model to feature number 30, Oxalobacteraceae
2025-10-15 20:03:04.756204 INFO::Fitting model to feature number 31, Pasteurellaceae
2025-10-15 20:03:04.761245 INFO::Fitting model to feature number 32, Peptoniphilaceae
2025-10-15 20:03:04.766308 INFO::Fitting model to feature number 33, Peptostreptococcaceae
2025-10-15 20:03:04.771409 INFO::Fitting model to feature number 34, Prevotellaceae
2025-10-15 20:03:04.776373 INFO::Fitting model to feature number 35, Propionibacteriaceae
2025-10-15 20:03:04.781406 INFO::Fitting model to feature number 36, Proteobacteria_unclassified
2025-10-15 20:03:04.786575 INFO::Fitting model to feature number 37, Rikenellaceae
2025-10-15 20:03:04.791869 INFO::Fitting model to feature number 38, Ruminococcaceae
2025-10-15 20:03:04.797261 INFO::Fitting model to feature number 39, Selenomonadaceae
2025-10-15 20:03:04.802671 INFO::Fitting model to feature number 40, Streptococcaceae
2025-10-15 20:03:04.808071 INFO::Fitting model to feature number 41, Sutterellaceae
2025-10-15 20:03:04.813331 INFO::Fitting model to feature number 42, Synergistaceae
2025-10-15 20:03:04.818528 INFO::Fitting model to feature number 43, Tannerellaceae
2025-10-15 20:03:04.823623 INFO::Fitting model to feature number 44, Veillonellaceae
2025-10-15 20:03:04.899529 INFO::Counting total values for each feature
2025-10-15 20:03:04.905229 INFO::Writing filtered data to file E:/Python/MI_Analysis/metagenome/data_figures/filtered_data_1percent_change/MaAsLin2_family/bacteria/features/filtered_data.tsv
2025-10-15 20:03:04.919385 INFO::Writing filtered, normalized data to file E:/Python/MI_Analysis/metagenome/data_figures/filtered_data_1percent_change/MaAsLin2_family/bacteria/features/filtered_data_norm.tsv
2025-10-15 20:03:04.931759 INFO::Writing filtered, normalized, transformed data to file E:/Python/MI_Analysis/metagenome/data_figures/filtered_data_1percent_change/MaAsLin2_family/bacteria/features/filtered_data_norm_transformed.tsv
2025-10-15 20:03:04.944751 WARNING::Deleting existing residuals file: E:/Python/MI_Analysis/metagenome/data_figures/filtered_data_1percent_change/MaAsLin2_family/bacteria/fits/residuals.rds
2025-10-15 20:03:04.947198 INFO::Writing residuals to file E:/Python/MI_Analysis/metagenome/data_figures/filtered_data_1percent_change/MaAsLin2_family/bacteria/fits/residuals.rds
2025-10-15 20:03:04.95021 WARNING::Deleting existing fitted file: E:/Python/MI_Analysis/metagenome/data_figures/filtered_data_1percent_change/MaAsLin2_family/bacteria/fits/fitted.rds
2025-10-15 20:03:04.952501 INFO::Writing fitted values to file E:/Python/MI_Analysis/metagenome/data_figures/filtered_data_1percent_change/MaAsLin2_family/bacteria/fits/fitted.rds
2025-10-15 20:03:04.956046 INFO::Writing all results to file (ordered by increasing q-values): E:/Python/MI_Analysis/metagenome/data_figures/filtered_data_1percent_change/MaAsLin2_family/bacteria/all_results.tsv
2025-10-15 20:03:04.95997 INFO::Writing the significant results (those which are less than or equal to the threshold of 0.050000 ) to file (ordered by increasing q-values): E:/Python/MI_Analysis/metagenome/data_figures/filtered_data_1percent_change/MaAsLin2_family/bacteria/significant_results.tsv
2025-10-15 20:03:04.962699 INFO::Writing heatmap of significant results to file: E:/Python/MI_Analysis/metagenome/data_figures/filtered_data_1percent_change/MaAsLin2_family/bacteria/heatmap.pdf
2025-10-15 20:03:04.96556 INFO::Writing association plots (one for each significant association) to output folder: E:/Python/MI_Analysis/metagenome/data_figures/filtered_data_1percent_change/MaAsLin2_family/bacteria
2025-10-15 20:03:04.968675 INFO::Plotting associations from most to least significant, grouped by metadata
2025-10-15 20:03:04.970505 INFO::Plotting data for metadata number 1, Group
2025-10-15 20:03:04.974 INFO::Creating boxplot for categorical data, Group vs Oxalobacteraceae
2025-10-15 20:03:05.233318 INFO::Creating boxplot for categorical data, Group vs Leuconostocaceae
