2025-10-09 18:42:47.50733 INFO::Writing function arguments to log file
2025-10-09 18:42:47.508937 DEBUG::Function arguments
2025-10-09 18:42:47.509847 DEBUG::Input data file: E:/Python/MI_Analysis/metagenome/data_figures/filtered_data_20percent/MaAsLin2_family/fungi_temp.tsv
2025-10-09 18:42:47.510726 DEBUG::Input metadata file: E:/Python/MI_Analysis/metagenome/data_figures/filtered_data_20percent/MaAsLin2_family/metadata_temp.tsv
2025-10-09 18:42:47.51211 DEBUG::Output folder: E:/Python/MI_Analysis/metagenome/data_figures/filtered_data_20percent/MaAsLin2_family/fungi
2025-10-09 18:42:47.513876 DEBUG::Min Abundance: 0.000000
2025-10-09 18:42:47.515203 DEBUG::Min Prevalence: 0.100000
2025-10-09 18:42:47.516128 DEBUG::Normalization: TSS
2025-10-09 18:42:47.51738 DEBUG::Transform: LOG
2025-10-09 18:42:47.518423 DEBUG::Analysis method: LM
2025-10-09 18:42:47.519321 DEBUG::Max significance: 0.050000
2025-10-09 18:42:47.520674 DEBUG::Random effects:
2025-10-09 18:42:47.522041 DEBUG::Fixed effects: Group
2025-10-09 18:42:47.523139 DEBUG::Correction method: BH
2025-10-09 18:42:47.524055 DEBUG::Standardize: TRUE
2025-10-09 18:42:47.524906 DEBUG::Cores: 1
2025-10-09 18:42:47.525776 INFO::Verifying options selected are valid
2025-10-09 18:42:47.527426 INFO::Determining format of input files
2025-10-09 18:42:47.529822 INFO::Input format is data samples as columns and metadata samples as rows
2025-10-09 18:42:47.532116 DEBUG::Transformed data so samples are rows
2025-10-09 18:42:47.533266 DEBUG::A total of 85 samples were found in both the data and metadata
2025-10-09 18:42:47.534298 DEBUG::Reordering data/metadata to use same sample ordering
2025-10-09 18:42:47.535714 INFO::Formula for fixed effects: expr ~  Group
2025-10-09 18:42:47.537606 INFO::Filter data based on min abundance and min prevalence
2025-10-09 18:42:47.539434 INFO::Total samples in data: 85
2025-10-09 18:42:47.541494 INFO::Min samples required with min abundance for a feature not to be filtered: 8.500000
2025-10-09 18:42:47.544036 INFO::Total filtered features: 0
2025-10-09 18:42:47.545697 INFO::Filtered feature names from abundance and prevalence filtering:
2025-10-09 18:42:47.547834 INFO::Total filtered features with variance filtering: 0
2025-10-09 18:42:47.549417 INFO::Filtered feature names from variance filtering:
2025-10-09 18:42:47.551127 INFO::Running selected normalization method: TSS
2025-10-09 18:42:47.553653 INFO::Applying z-score to standardize continuous metadata
2025-10-09 18:42:47.55763 INFO::Running selected transform method: LOG
2025-10-09 18:42:47.56012 INFO::Running selected analysis method: LM
2025-10-09 18:42:47.56221 INFO::Fitting model to feature number 1, Arthrodermataceae
2025-10-09 18:42:47.566091 INFO::Fitting model to feature number 2, Aspergillaceae
2025-10-09 18:42:47.570492 INFO::Fitting model to feature number 3, Ceratobasidiaceae
2025-10-09 18:42:47.574379 INFO::Fitting model to feature number 4, Chaetomiaceae
2025-10-09 18:42:47.579385 INFO::Fitting model to feature number 5, Cladosporiaceae
2025-10-09 18:42:47.583614 INFO::Fitting model to feature number 6, Clavicipitaceae
2025-10-09 18:42:47.58785 INFO::Fitting model to feature number 7, Cryptococcaceae
2025-10-09 18:42:47.592714 INFO::Fitting model to feature number 8, Debaryomycetaceae
2025-10-09 18:42:47.596805 INFO::Fitting model to feature number 9, Dipodascaceae
2025-10-09 18:42:47.602921 INFO::Fitting model to feature number 10, Glomerellaceae
2025-10-09 18:42:47.61932 INFO::Fitting model to feature number 11, Herpotrichiellaceae
2025-10-09 18:42:47.626009 INFO::Fitting model to feature number 12, Malasseziaceae
2025-10-09 18:42:47.631208 INFO::Fitting model to feature number 13, Marasmiaceae
2025-10-09 18:42:47.635837 INFO::Fitting model to feature number 14, Mycosphaerellaceae
2025-10-09 18:42:47.640362 INFO::Fitting model to feature number 15, Nectriaceae
2025-10-09 18:42:47.64471 INFO::Fitting model to feature number 16, Ophiocordycipitaceae
2025-10-09 18:42:47.649743 INFO::Fitting model to feature number 17, Ophiostomataceae
2025-10-09 18:42:47.655052 INFO::Fitting model to feature number 18, Phaffomycetaceae
2025-10-09 18:42:47.661024 INFO::Fitting model to feature number 19, Pichiaceae
2025-10-09 18:42:47.665036 INFO::Fitting model to feature number 20, Pneumocystidaceae
2025-10-09 18:42:47.669548 INFO::Fitting model to feature number 21, Pyriculariaceae
2025-10-09 18:42:47.673746 INFO::Fitting model to feature number 22, Saccharomycetaceae
2025-10-09 18:42:47.677944 INFO::Fitting model to feature number 23, Saccharomycodaceae
2025-10-09 18:42:47.682555 INFO::Fitting model to feature number 24, Schizosaccharomycetaceae
2025-10-09 18:42:47.758049 INFO::Fitting model to feature number 25, Sclerotiniaceae
2025-10-09 18:42:47.762411 INFO::Fitting model to feature number 26, Sordariaceae
2025-10-09 18:42:47.766479 INFO::Fitting model to feature number 27, Trichocomaceae
2025-10-09 18:42:47.770488 INFO::Fitting model to feature number 28, Trichomonascaceae
2025-10-09 18:42:47.77448 INFO::Fitting model to feature number 29, Ustilaginaceae
2025-10-09 18:42:47.783697 INFO::Counting total values for each feature
2025-10-09 18:42:47.787769 INFO::Writing filtered data to file E:/Python/MI_Analysis/metagenome/data_figures/filtered_data_20percent/MaAsLin2_family/fungi/features/filtered_data.tsv
2025-10-09 18:42:47.797772 INFO::Writing filtered, normalized data to file E:/Python/MI_Analysis/metagenome/data_figures/filtered_data_20percent/MaAsLin2_family/fungi/features/filtered_data_norm.tsv
2025-10-09 18:42:47.807595 INFO::Writing filtered, normalized, transformed data to file E:/Python/MI_Analysis/metagenome/data_figures/filtered_data_20percent/MaAsLin2_family/fungi/features/filtered_data_norm_transformed.tsv
2025-10-09 18:42:47.818148 INFO::Writing residuals to file E:/Python/MI_Analysis/metagenome/data_figures/filtered_data_20percent/MaAsLin2_family/fungi/fits/residuals.rds
2025-10-09 18:42:47.821654 INFO::Writing fitted values to file E:/Python/MI_Analysis/metagenome/data_figures/filtered_data_20percent/MaAsLin2_family/fungi/fits/fitted.rds
2025-10-09 18:42:47.824596 INFO::Writing all results to file (ordered by increasing q-values): E:/Python/MI_Analysis/metagenome/data_figures/filtered_data_20percent/MaAsLin2_family/fungi/all_results.tsv
2025-10-09 18:42:47.828655 INFO::Writing the significant results (those which are less than or equal to the threshold of 0.050000 ) to file (ordered by increasing q-values): E:/Python/MI_Analysis/metagenome/data_figures/filtered_data_20percent/MaAsLin2_family/fungi/significant_results.tsv
2025-10-09 18:42:47.831599 INFO::Writing heatmap of significant results to file: E:/Python/MI_Analysis/metagenome/data_figures/filtered_data_20percent/MaAsLin2_family/fungi/heatmap.pdf
2025-10-09 18:42:47.83452 INFO::Writing association plots (one for each significant association) to output folder: E:/Python/MI_Analysis/metagenome/data_figures/filtered_data_20percent/MaAsLin2_family/fungi
