2025-10-09 21:57:21.852717 INFO::Writing function arguments to log file
2025-10-09 21:57:21.85489 DEBUG::Function arguments
2025-10-09 21:57:21.855896 DEBUG::Input data file: E:/Python/MI_Analysis/metagenome/data_figures/filtered_data_1percent/MaAsLin2_family/bacteria_temp.tsv
2025-10-09 21:57:21.856858 DEBUG::Input metadata file: E:/Python/MI_Analysis/metagenome/data_figures/filtered_data_1percent/MaAsLin2_family/metadata_temp.tsv
2025-10-09 21:57:21.857818 DEBUG::Output folder: E:/Python/MI_Analysis/metagenome/data_figures/filtered_data_1percent/MaAsLin2_family/bacteria
2025-10-09 21:57:21.858827 DEBUG::Min Abundance: 0.000000
2025-10-09 21:57:21.85978 DEBUG::Min Prevalence: 0.100000
2025-10-09 21:57:21.861303 DEBUG::Normalization: TSS
2025-10-09 21:57:21.863377 DEBUG::Transform: LOG
2025-10-09 21:57:21.864603 DEBUG::Analysis method: LM
2025-10-09 21:57:21.865621 DEBUG::Max significance: 0.050000
2025-10-09 21:57:21.866601 DEBUG::Random effects:
2025-10-09 21:57:21.867621 DEBUG::Fixed effects: Group
2025-10-09 21:57:21.868897 DEBUG::Correction method: BH
2025-10-09 21:57:21.869883 DEBUG::Standardize: TRUE
2025-10-09 21:57:21.870726 DEBUG::Cores: 1
2025-10-09 21:57:21.871552 INFO::Verifying options selected are valid
2025-10-09 21:57:21.873297 INFO::Determining format of input files
2025-10-09 21:57:21.875613 INFO::Input format is data samples as columns and metadata samples as rows
2025-10-09 21:57:21.879578 DEBUG::Transformed data so samples are rows
2025-10-09 21:57:21.881513 DEBUG::A total of 85 samples were found in both the data and metadata
2025-10-09 21:57:21.88283 DEBUG::Reordering data/metadata to use same sample ordering
2025-10-09 21:57:21.884888 INFO::Formula for fixed effects: expr ~  Group
2025-10-09 21:57:21.886991 INFO::Filter data based on min abundance and min prevalence
2025-10-09 21:57:21.888834 INFO::Total samples in data: 85
2025-10-09 21:57:21.890672 INFO::Min samples required with min abundance for a feature not to be filtered: 8.500000
2025-10-09 21:57:21.89371 INFO::Total filtered features: 23
2025-10-09 21:57:21.895503 INFO::Filtered feature names from abundance and prevalence filtering: Aerococcaceae, Campylobacteraceae, Cardiobacteriaceae, Carnobacteriaceae, Corynebacteriales_unclassified, Debaryomycetaceae, Dysgonamonadaceae, Enterobacterales_unclassified, Herpesviridae, Hungateiclostridiaceae, Inoviridae, Moraxellaceae, Morganellaceae, Neisseriaceae, Planococcaceae, Porphyromonadaceae, Pseudomonadaceae, Retroviridae, Saccharomycetaceae, Staphylococcaceae, Victivallaceae, Viruses_unclassified, Yersiniaceae
2025-10-09 21:57:21.898615 INFO::Total filtered features with variance filtering: 0
2025-10-09 21:57:21.90051 INFO::Filtered feature names from variance filtering:
2025-10-09 21:57:21.902842 INFO::Running selected normalization method: TSS
2025-10-09 21:57:21.906154 INFO::Applying z-score to standardize continuous metadata
2025-10-09 21:57:21.9111 INFO::Running selected transform method: LOG
2025-10-09 21:57:21.914963 INFO::Running selected analysis method: LM
2025-10-09 21:57:21.917839 INFO::Fitting model to feature number 1, Acidaminococcaceae
2025-10-09 21:57:21.922923 INFO::Fitting model to feature number 2, Actinomycetaceae
2025-10-09 21:57:21.930073 INFO::Fitting model to feature number 3, Akkermansiaceae
2025-10-09 21:57:21.934922 INFO::Fitting model to feature number 4, Atopobiaceae
2025-10-09 21:57:21.939451 INFO::Fitting model to feature number 5, Bacillales_unclassified
2025-10-09 21:57:21.943863 INFO::Fitting model to feature number 6, Bacteroidaceae
2025-10-09 21:57:21.948894 INFO::Fitting model to feature number 7, Barnesiellaceae
2025-10-09 21:57:21.953879 INFO::Fitting model to feature number 8, Bifidobacteriaceae
2025-10-09 21:57:21.9586 INFO::Fitting model to feature number 9, Catabacteriaceae
2025-10-09 21:57:21.963454 INFO::Fitting model to feature number 10, Christensenellaceae
2025-10-09 21:57:21.96838 INFO::Fitting model to feature number 11, Clostridiaceae
2025-10-09 21:57:21.973866 INFO::Fitting model to feature number 12, Clostridiales_Family_XIII_Incertae_Sedis
2025-10-09 21:57:21.978538 INFO::Fitting model to feature number 13, Clostridiales_unclassified
2025-10-09 21:57:21.983132 INFO::Fitting model to feature number 14, Coriobacteriaceae
2025-10-09 21:57:21.988131 INFO::Fitting model to feature number 15, Corynebacteriaceae
2025-10-09 21:57:21.992644 INFO::Fitting model to feature number 16, Desulfovibrionaceae
2025-10-09 21:57:21.997637 INFO::Fitting model to feature number 17, Eggerthellaceae
2025-10-09 21:57:22.002083 INFO::Fitting model to feature number 18, Enterobacteriaceae
2025-10-09 21:57:22.006705 INFO::Fitting model to feature number 19, Enterococcaceae
2025-10-09 21:57:22.011241 INFO::Fitting model to feature number 20, Erysipelotrichaceae
2025-10-09 21:57:22.016635 INFO::Fitting model to feature number 21, Eubacteriaceae
2025-10-09 21:57:22.022169 INFO::Fitting model to feature number 22, Firmicutes_unclassified
2025-10-09 21:57:22.026955 INFO::Fitting model to feature number 23, Fusobacteriaceae
2025-10-09 21:57:22.036477 INFO::Fitting model to feature number 24, Lachnospiraceae
2025-10-09 21:57:22.055276 INFO::Fitting model to feature number 25, Lactobacillaceae
2025-10-09 21:57:22.063759 INFO::Fitting model to feature number 26, Leuconostocaceae
2025-10-09 21:57:22.071425 INFO::Fitting model to feature number 27, Methanobacteriaceae
2025-10-09 21:57:22.076542 INFO::Fitting model to feature number 28, Micrococcaceae
2025-10-09 21:57:22.081336 INFO::Fitting model to feature number 29, Myoviridae
2025-10-09 21:57:22.086336 INFO::Fitting model to feature number 30, Odoribacteraceae
2025-10-09 21:57:22.091409 INFO::Fitting model to feature number 31, Oscillospiraceae
2025-10-09 21:57:22.096132 INFO::Fitting model to feature number 32, Oxalobacteraceae
2025-10-09 21:57:22.101678 INFO::Fitting model to feature number 33, Pasteurellaceae
2025-10-09 21:57:22.108337 INFO::Fitting model to feature number 34, Peptoniphilaceae
2025-10-09 21:57:22.114447 INFO::Fitting model to feature number 35, Peptostreptococcaceae
2025-10-09 21:57:22.120085 INFO::Fitting model to feature number 36, Podoviridae
2025-10-09 21:57:22.126287 INFO::Fitting model to feature number 37, Prevotellaceae
2025-10-09 21:57:22.131572 INFO::Fitting model to feature number 38, Propionibacteriaceae
2025-10-09 21:57:22.135777 INFO::Fitting model to feature number 39, Proteobacteria_unclassified
2025-10-09 21:57:22.140288 INFO::Fitting model to feature number 40, Rikenellaceae
2025-10-09 21:57:22.145936 INFO::Fitting model to feature number 41, Ruminococcaceae
2025-10-09 21:57:22.151154 INFO::Fitting model to feature number 42, Selenomonadaceae
2025-10-09 21:57:22.155919 INFO::Fitting model to feature number 43, Siphoviridae
2025-10-09 21:57:22.16142 INFO::Fitting model to feature number 44, Streptococcaceae
2025-10-09 21:57:22.166629 INFO::Fitting model to feature number 45, Sutterellaceae
2025-10-09 21:57:22.171655 INFO::Fitting model to feature number 46, Synergistaceae
2025-10-09 21:57:22.177043 INFO::Fitting model to feature number 47, Tannerellaceae
2025-10-09 21:57:22.181601 INFO::Fitting model to feature number 48, Veillonellaceae
2025-10-09 21:57:22.194538 INFO::Counting total values for each feature
2025-10-09 21:57:22.199384 INFO::Writing filtered data to file E:/Python/MI_Analysis/metagenome/data_figures/filtered_data_1percent/MaAsLin2_family/bacteria/features/filtered_data.tsv
2025-10-09 21:57:22.210868 INFO::Writing filtered, normalized data to file E:/Python/MI_Analysis/metagenome/data_figures/filtered_data_1percent/MaAsLin2_family/bacteria/features/filtered_data_norm.tsv
2025-10-09 21:57:22.222478 INFO::Writing filtered, normalized, transformed data to file E:/Python/MI_Analysis/metagenome/data_figures/filtered_data_1percent/MaAsLin2_family/bacteria/features/filtered_data_norm_transformed.tsv
2025-10-09 21:57:22.235638 INFO::Writing residuals to file E:/Python/MI_Analysis/metagenome/data_figures/filtered_data_1percent/MaAsLin2_family/bacteria/fits/residuals.rds
2025-10-09 21:57:22.240218 INFO::Writing fitted values to file E:/Python/MI_Analysis/metagenome/data_figures/filtered_data_1percent/MaAsLin2_family/bacteria/fits/fitted.rds
2025-10-09 21:57:22.243107 INFO::Writing all results to file (ordered by increasing q-values): E:/Python/MI_Analysis/metagenome/data_figures/filtered_data_1percent/MaAsLin2_family/bacteria/all_results.tsv
2025-10-09 21:57:22.246864 INFO::Writing the significant results (those which are less than or equal to the threshold of 0.050000 ) to file (ordered by increasing q-values): E:/Python/MI_Analysis/metagenome/data_figures/filtered_data_1percent/MaAsLin2_family/bacteria/significant_results.tsv
2025-10-09 21:57:22.249481 INFO::Writing heatmap of significant results to file: E:/Python/MI_Analysis/metagenome/data_figures/filtered_data_1percent/MaAsLin2_family/bacteria/heatmap.pdf
2025-10-09 21:57:22.253618 INFO::Writing association plots (one for each significant association) to output folder: E:/Python/MI_Analysis/metagenome/data_figures/filtered_data_1percent/MaAsLin2_family/bacteria
2025-10-09 21:57:22.257155 INFO::Plotting associations from most to least significant, grouped by metadata
2025-10-09 21:57:22.259106 INFO::Plotting data for metadata number 1, Group
2025-10-09 21:57:22.263027 INFO::Creating boxplot for categorical data, Group vs Oxalobacteraceae
2025-10-09 21:57:22.796658 INFO::Creating boxplot for categorical data, Group vs Leuconostocaceae
