2025-10-11 18:05:26.473333 INFO::Writing function arguments to log file
2025-10-11 18:05:26.474936 DEBUG::Function arguments
2025-10-11 18:05:26.475895 DEBUG::Input data file: E:/Python/MI_Analysis/metagenome/data_figures/filtered_data_20percent_change/MaAsLin2_OTU//fungi_temp.tsv
2025-10-11 18:05:26.476832 DEBUG::Input metadata file: E:/Python/MI_Analysis/metagenome/data_figures/filtered_data_20percent_change/MaAsLin2_OTU//metadata_temp.tsv
2025-10-11 18:05:26.477748 DEBUG::Output folder: E:/Python/MI_Analysis/metagenome/data_figures/filtered_data_20percent_change/MaAsLin2_OTU//fungi
2025-10-11 18:05:26.478848 DEBUG::Min Abundance: 0.000000
2025-10-11 18:05:26.47981 DEBUG::Min Prevalence: 0.100000
2025-10-11 18:05:26.480834 DEBUG::Normalization: TSS
2025-10-11 18:05:26.481847 DEBUG::Transform: LOG
2025-10-11 18:05:26.482759 DEBUG::Analysis method: LM
2025-10-11 18:05:26.483687 DEBUG::Max significance: 0.050000
2025-10-11 18:05:26.484589 DEBUG::Random effects:
2025-10-11 18:05:26.485592 DEBUG::Fixed effects: Group
2025-10-11 18:05:26.486527 DEBUG::Correction method: BH
2025-10-11 18:05:26.48752 DEBUG::Standardize: TRUE
2025-10-11 18:05:26.48865 DEBUG::Cores: 1
2025-10-11 18:05:26.489562 INFO::Verifying options selected are valid
2025-10-11 18:05:26.491202 INFO::Determining format of input files
2025-10-11 18:05:26.49296 INFO::Input format is data samples as columns and metadata samples as rows
2025-10-11 18:05:26.495707 DEBUG::Transformed data so samples are rows
2025-10-11 18:05:26.500201 DEBUG::A total of 85 samples were found in both the data and metadata
2025-10-11 18:05:26.501119 DEBUG::Reordering data/metadata to use same sample ordering
2025-10-11 18:05:26.503518 INFO::Formula for fixed effects: expr ~  Group
2025-10-11 18:05:26.505354 INFO::Filter data based on min abundance and min prevalence
2025-10-11 18:05:26.50701 INFO::Total samples in data: 85
2025-10-11 18:05:26.508597 INFO::Min samples required with min abundance for a feature not to be filtered: 8.500000
2025-10-11 18:05:26.512343 INFO::Total filtered features: 0
2025-10-11 18:05:26.514036 INFO::Filtered feature names from abundance and prevalence filtering:
2025-10-11 18:05:26.520076 INFO::Total filtered features with variance filtering: 0
2025-10-11 18:05:26.522377 INFO::Filtered feature names from variance filtering:
2025-10-11 18:05:26.523982 INFO::Running selected normalization method: TSS
2025-10-11 18:05:26.528084 INFO::Applying z-score to standardize continuous metadata
2025-10-11 18:05:26.53211 INFO::Running selected transform method: LOG
2025-10-11 18:05:26.537767 INFO::Running selected analysis method: LM
2025-10-11 18:05:26.53992 INFO::Fitting model to feature number 1, k__Fungi
2025-10-11 18:05:26.543627 INFO::Fitting model to feature number 2, k__Fungi.p__Ascomycota
2025-10-11 18:05:26.547336 INFO::Fitting model to feature number 3, k__Fungi.p__Ascomycota.c__Dothideomycetes
2025-10-11 18:05:26.551037 INFO::Fitting model to feature number 4, k__Fungi.p__Ascomycota.c__Dothideomycetes.o__Cladosporiales
2025-10-11 18:05:26.554892 INFO::Fitting model to feature number 5, k__Fungi.p__Ascomycota.c__Dothideomycetes.o__Cladosporiales.f__Cladosporiaceae
2025-10-11 18:05:26.558458 INFO::Fitting model to feature number 6, k__Fungi.p__Ascomycota.c__Dothideomycetes.o__Cladosporiales.f__Cladosporiaceae.g__Cladosporium
2025-10-11 18:05:26.562091 INFO::Fitting model to feature number 7, k__Fungi.p__Ascomycota.c__Dothideomycetes.o__Cladosporiales.f__Cladosporiaceae.g__Cladosporium.s__Cladosporium_cladosporioides
2025-10-11 18:05:26.565693 INFO::Fitting model to feature number 8, k__Fungi.p__Ascomycota.c__Dothideomycetes.o__Cladosporiales.f__Cladosporiaceae.g__Cladosporium.s__Cladosporium_cucumerinum
2025-10-11 18:05:26.569578 INFO::Fitting model to feature number 9, k__Fungi.p__Ascomycota.c__Dothideomycetes.o__Cladosporiales.f__Cladosporiaceae.g__Cladosporium.s__Cladosporium_tenuissimum
2025-10-11 18:05:26.573132 INFO::Fitting model to feature number 10, k__Fungi.p__Ascomycota.c__Dothideomycetes.o__Mycosphaerellales
2025-10-11 18:05:26.576839 INFO::Fitting model to feature number 11, k__Fungi.p__Ascomycota.c__Dothideomycetes.o__Mycosphaerellales.f__Mycosphaerellaceae
2025-10-11 18:05:26.580292 INFO::Fitting model to feature number 12, k__Fungi.p__Ascomycota.c__Dothideomycetes.o__Mycosphaerellales.f__Mycosphaerellaceae.g__Cercospora
2025-10-11 18:05:26.584082 INFO::Fitting model to feature number 13, k__Fungi.p__Ascomycota.c__Dothideomycetes.o__Mycosphaerellales.f__Mycosphaerellaceae.g__Cercospora.s__Cercospora_beticola
2025-10-11 18:05:26.587481 INFO::Fitting model to feature number 14, k__Fungi.p__Ascomycota.c__Dothideomycetes.o__Mycosphaerellales.f__Mycosphaerellaceae.g__Zymoseptoria
2025-10-11 18:05:26.591044 INFO::Fitting model to feature number 15, k__Fungi.p__Ascomycota.c__Dothideomycetes.o__Mycosphaerellales.f__Mycosphaerellaceae.g__Zymoseptoria.s__Zymoseptoria_tritici
2025-10-11 18:05:26.59445 INFO::Fitting model to feature number 16, k__Fungi.p__Ascomycota.c__Eurotiomycetes
2025-10-11 18:05:26.598572 INFO::Fitting model to feature number 17, k__Fungi.p__Ascomycota.c__Eurotiomycetes.o__Chaetothyriales
2025-10-11 18:05:26.602292 INFO::Fitting model to feature number 18, k__Fungi.p__Ascomycota.c__Eurotiomycetes.o__Chaetothyriales.f__Herpotrichiellaceae
2025-10-11 18:05:26.606303 INFO::Fitting model to feature number 19, k__Fungi.p__Ascomycota.c__Eurotiomycetes.o__Chaetothyriales.f__Herpotrichiellaceae.g__Fonsecaea
2025-10-11 18:05:26.609921 INFO::Fitting model to feature number 20, k__Fungi.p__Ascomycota.c__Eurotiomycetes.o__Chaetothyriales.f__Herpotrichiellaceae.g__Fonsecaea.s__Fonsecaea_pedrosoi
2025-10-11 18:05:26.613979 INFO::Fitting model to feature number 21, k__Fungi.p__Ascomycota.c__Eurotiomycetes.o__Eurotiales
2025-10-11 18:05:26.617717 INFO::Fitting model to feature number 22, k__Fungi.p__Ascomycota.c__Eurotiomycetes.o__Eurotiales.f__Aspergillaceae
2025-10-11 18:05:26.621435 INFO::Fitting model to feature number 23, k__Fungi.p__Ascomycota.c__Eurotiomycetes.o__Eurotiales.f__Aspergillaceae.g__Aspergillus
2025-10-11 18:05:26.624898 INFO::Fitting model to feature number 24, k__Fungi.p__Ascomycota.c__Eurotiomycetes.o__Eurotiales.f__Aspergillaceae.g__Aspergillus.s__Aspergillus_chevalieri
2025-10-11 18:05:26.628642 INFO::Fitting model to feature number 25, k__Fungi.p__Ascomycota.c__Eurotiomycetes.o__Eurotiales.f__Aspergillaceae.g__Aspergillus.s__Aspergillus_flavus
2025-10-11 18:05:26.632153 INFO::Fitting model to feature number 26, k__Fungi.p__Ascomycota.c__Eurotiomycetes.o__Eurotiales.f__Aspergillaceae.g__Aspergillus.s__Aspergillus_fumigatus
2025-10-11 18:05:26.635837 INFO::Fitting model to feature number 27, k__Fungi.p__Ascomycota.c__Eurotiomycetes.o__Eurotiales.f__Aspergillaceae.g__Aspergillus.s__Aspergillus_luchuensis
2025-10-11 18:05:26.639215 INFO::Fitting model to feature number 28, k__Fungi.p__Ascomycota.c__Eurotiomycetes.o__Eurotiales.f__Aspergillaceae.g__Aspergillus.s__Aspergillus_oryzae
2025-10-11 18:05:26.64286 INFO::Fitting model to feature number 29, k__Fungi.p__Ascomycota.c__Eurotiomycetes.o__Eurotiales.f__Aspergillaceae.g__Aspergillus.s__Aspergillus_puulaauensis
2025-10-11 18:05:26.646555 INFO::Fitting model to feature number 30, k__Fungi.p__Ascomycota.c__Eurotiomycetes.o__Eurotiales.f__Trichocomaceae
2025-10-11 18:05:26.650348 INFO::Fitting model to feature number 31, k__Fungi.p__Ascomycota.c__Eurotiomycetes.o__Eurotiales.f__Trichocomaceae.g__Talaromyces
2025-10-11 18:05:26.653825 INFO::Fitting model to feature number 32, k__Fungi.p__Ascomycota.c__Eurotiomycetes.o__Eurotiales.f__Trichocomaceae.g__Talaromyces.s__Talaromyces_rugulosus
2025-10-11 18:05:26.657416 INFO::Fitting model to feature number 33, k__Fungi.p__Ascomycota.c__Eurotiomycetes.o__Onygenales
2025-10-11 18:05:26.660884 INFO::Fitting model to feature number 34, k__Fungi.p__Ascomycota.c__Eurotiomycetes.o__Onygenales.f__Arthrodermataceae
2025-10-11 18:05:26.664552 INFO::Fitting model to feature number 35, k__Fungi.p__Ascomycota.c__Eurotiomycetes.o__Onygenales.f__Arthrodermataceae.g__Microsporum
2025-10-11 18:05:26.667974 INFO::Fitting model to feature number 36, k__Fungi.p__Ascomycota.c__Eurotiomycetes.o__Onygenales.f__Arthrodermataceae.g__Microsporum.s__Microsporum_audouinii
2025-10-11 18:05:26.671621 INFO::Fitting model to feature number 37, k__Fungi.p__Ascomycota.c__Eurotiomycetes.o__Onygenales.f__Arthrodermataceae.g__Trichophyton
2025-10-11 18:05:26.674985 INFO::Fitting model to feature number 38, k__Fungi.p__Ascomycota.c__Eurotiomycetes.o__Onygenales.f__Arthrodermataceae.g__Trichophyton.s__Trichophyton_rubrum
2025-10-11 18:05:26.678732 INFO::Fitting model to feature number 39, k__Fungi.p__Ascomycota.c__Leotiomycetes
2025-10-11 18:05:26.68239 INFO::Fitting model to feature number 40, k__Fungi.p__Ascomycota.c__Leotiomycetes.o__Helotiales
2025-10-11 18:05:26.686009 INFO::Fitting model to feature number 41, k__Fungi.p__Ascomycota.c__Leotiomycetes.o__Helotiales.f__Sclerotiniaceae
2025-10-11 18:05:26.689482 INFO::Fitting model to feature number 42, k__Fungi.p__Ascomycota.c__Leotiomycetes.o__Helotiales.f__Sclerotiniaceae.g__Botrytis
2025-10-11 18:05:26.693156 INFO::Fitting model to feature number 43, k__Fungi.p__Ascomycota.c__Leotiomycetes.o__Helotiales.f__Sclerotiniaceae.g__Botrytis.s__Botrytis_cinerea
2025-10-11 18:05:26.696698 INFO::Fitting model to feature number 44, k__Fungi.p__Ascomycota.c__Pneumocystidomycetes
2025-10-11 18:05:26.700352 INFO::Fitting model to feature number 45, k__Fungi.p__Ascomycota.c__Pneumocystidomycetes.o__Pneumocystidales
2025-10-11 18:05:26.703799 INFO::Fitting model to feature number 46, k__Fungi.p__Ascomycota.c__Pneumocystidomycetes.o__Pneumocystidales.f__Pneumocystidaceae
2025-10-11 18:05:26.707368 INFO::Fitting model to feature number 47, k__Fungi.p__Ascomycota.c__Pneumocystidomycetes.o__Pneumocystidales.f__Pneumocystidaceae.g__Pneumocystis
2025-10-11 18:05:26.710978 INFO::Fitting model to feature number 48, k__Fungi.p__Ascomycota.c__Pneumocystidomycetes.o__Pneumocystidales.f__Pneumocystidaceae.g__Pneumocystis.s__Pneumocystis_carinii
2025-10-11 18:05:26.714567 INFO::Fitting model to feature number 49, k__Fungi.p__Ascomycota.c__Saccharomycetes
2025-10-11 18:05:26.718009 INFO::Fitting model to feature number 50, k__Fungi.p__Ascomycota.c__Saccharomycetes.o__Saccharomycetales
2025-10-11 18:05:26.721564 INFO::Fitting model to feature number 51, k__Fungi.p__Ascomycota.c__Saccharomycetes.o__Saccharomycetales.f__Debaryomycetaceae
2025-10-11 18:05:26.725012 INFO::Fitting model to feature number 52, k__Fungi.p__Ascomycota.c__Saccharomycetes.o__Saccharomycetales.f__Debaryomycetaceae.g__Candida
2025-10-11 18:05:26.728626 INFO::Fitting model to feature number 53, k__Fungi.p__Ascomycota.c__Saccharomycetes.o__Saccharomycetales.f__Debaryomycetaceae.g__Candida.s__Candida_albicans
2025-10-11 18:05:26.731987 INFO::Fitting model to feature number 54, k__Fungi.p__Ascomycota.c__Saccharomycetes.o__Saccharomycetales.f__Debaryomycetaceae.g__Candida.s__Candida_dubliniensis
2025-10-11 18:05:26.735533 INFO::Fitting model to feature number 55, k__Fungi.p__Ascomycota.c__Saccharomycetes.o__Saccharomycetales.f__Debaryomycetaceae.g__Candida.s__Candida_orthopsilosis
2025-10-11 18:05:26.738896 INFO::Fitting model to feature number 56, k__Fungi.p__Ascomycota.c__Saccharomycetes.o__Saccharomycetales.f__Debaryomycetaceae.g__Candida.s__Candida_tropicalis
2025-10-11 18:05:26.742536 INFO::Fitting model to feature number 57, k__Fungi.p__Ascomycota.c__Saccharomycetes.o__Saccharomycetales.f__Debaryomycetaceae.g__Debaryomyces
2025-10-11 18:05:26.745928 INFO::Fitting model to feature number 58, k__Fungi.p__Ascomycota.c__Saccharomycetes.o__Saccharomycetales.f__Debaryomycetaceae.g__Debaryomyces.s__Debaryomyces_hansenii
2025-10-11 18:05:26.74955 INFO::Fitting model to feature number 59, k__Fungi.p__Ascomycota.c__Saccharomycetes.o__Saccharomycetales.f__Debaryomycetaceae.g__Scheffersomyces
2025-10-11 18:05:26.752933 INFO::Fitting model to feature number 60, k__Fungi.p__Ascomycota.c__Saccharomycetes.o__Saccharomycetales.f__Debaryomycetaceae.g__Scheffersomyces.s__Scheffersomyces_stipitis
2025-10-11 18:05:26.756646 INFO::Fitting model to feature number 61, k__Fungi.p__Ascomycota.c__Saccharomycetes.o__Saccharomycetales.f__Dipodascaceae
2025-10-11 18:05:26.760121 INFO::Fitting model to feature number 62, k__Fungi.p__Ascomycota.c__Saccharomycetes.o__Saccharomycetales.f__Dipodascaceae.g__Yarrowia
2025-10-11 18:05:26.763687 INFO::Fitting model to feature number 63, k__Fungi.p__Ascomycota.c__Saccharomycetes.o__Saccharomycetales.f__Dipodascaceae.g__Yarrowia.s__Yarrowia_lipolytica
2025-10-11 18:05:26.76706 INFO::Fitting model to feature number 64, k__Fungi.p__Ascomycota.c__Saccharomycetes.o__Saccharomycetales.f__Phaffomycetaceae
2025-10-11 18:05:26.770648 INFO::Fitting model to feature number 65, k__Fungi.p__Ascomycota.c__Saccharomycetes.o__Saccharomycetales.f__Phaffomycetaceae.g__Komagataella
2025-10-11 18:05:26.774395 INFO::Fitting model to feature number 66, k__Fungi.p__Ascomycota.c__Saccharomycetes.o__Saccharomycetales.f__Phaffomycetaceae.g__Komagataella.s__Komagataella_phaffii
2025-10-11 18:05:26.778153 INFO::Fitting model to feature number 67, k__Fungi.p__Ascomycota.c__Saccharomycetes.o__Saccharomycetales.f__Pichiaceae
2025-10-11 18:05:26.781507 INFO::Fitting model to feature number 68, k__Fungi.p__Ascomycota.c__Saccharomycetes.o__Saccharomycetales.f__Pichiaceae.g__Brettanomyces
2025-10-11 18:05:26.785068 INFO::Fitting model to feature number 69, k__Fungi.p__Ascomycota.c__Saccharomycetes.o__Saccharomycetales.f__Pichiaceae.g__Brettanomyces.s__Brettanomyces_bruxellensis
2025-10-11 18:05:26.788562 INFO::Fitting model to feature number 70, k__Fungi.p__Ascomycota.c__Saccharomycetes.o__Saccharomycetales.f__Pichiaceae.g__Brettanomyces.s__Brettanomyces_nanus
2025-10-11 18:05:26.792191 INFO::Fitting model to feature number 71, k__Fungi.p__Ascomycota.c__Saccharomycetes.o__Saccharomycetales.f__Pichiaceae.g__Ogataea
2025-10-11 18:05:26.795576 INFO::Fitting model to feature number 72, k__Fungi.p__Ascomycota.c__Saccharomycetes.o__Saccharomycetales.f__Pichiaceae.g__Ogataea.s__Ogataea_parapolymorpha
2025-10-11 18:05:26.799129 INFO::Fitting model to feature number 73, k__Fungi.p__Ascomycota.c__Saccharomycetes.o__Saccharomycetales.f__Pichiaceae.g__Pichia
2025-10-11 18:05:26.802476 INFO::Fitting model to feature number 74, k__Fungi.p__Ascomycota.c__Saccharomycetes.o__Saccharomycetales.f__Pichiaceae.g__Pichia.s__Pichia_kudriavzevii
2025-10-11 18:05:26.806159 INFO::Fitting model to feature number 75, k__Fungi.p__Ascomycota.c__Saccharomycetes.o__Saccharomycetales.f__Saccharomycetaceae
2025-10-11 18:05:26.809506 INFO::Fitting model to feature number 76, k__Fungi.p__Ascomycota.c__Saccharomycetes.o__Saccharomycetales.f__Saccharomycetaceae.g__Eremothecium
2025-10-11 18:05:26.813116 INFO::Fitting model to feature number 77, k__Fungi.p__Ascomycota.c__Saccharomycetes.o__Saccharomycetales.f__Saccharomycetaceae.g__Eremothecium.s__Eremothecium_cymbalariae
2025-10-11 18:05:26.816545 INFO::Fitting model to feature number 78, k__Fungi.p__Ascomycota.c__Saccharomycetes.o__Saccharomycetales.f__Saccharomycetaceae.g__Eremothecium.s__Eremothecium_gossypii
2025-10-11 18:05:26.820243 INFO::Fitting model to feature number 79, k__Fungi.p__Ascomycota.c__Saccharomycetes.o__Saccharomycetales.f__Saccharomycetaceae.g__Eremothecium.s__Eremothecium_sinecaudum
2025-10-11 18:05:26.82371 INFO::Fitting model to feature number 80, k__Fungi.p__Ascomycota.c__Saccharomycetes.o__Saccharomycetales.f__Saccharomycetaceae.g__Kazachstania
2025-10-11 18:05:26.827381 INFO::Fitting model to feature number 81, k__Fungi.p__Ascomycota.c__Saccharomycetes.o__Saccharomycetales.f__Saccharomycetaceae.g__Kazachstania.s__Kazachstania_africana
2025-10-11 18:05:26.83079 INFO::Fitting model to feature number 82, k__Fungi.p__Ascomycota.c__Saccharomycetes.o__Saccharomycetales.f__Saccharomycetaceae.g__Kazachstania.s__Kazachstania_exigua
2025-10-11 18:05:26.834336 INFO::Fitting model to feature number 83, k__Fungi.p__Ascomycota.c__Saccharomycetes.o__Saccharomycetales.f__Saccharomycetaceae.g__Kazachstania.s__Kazachstania_naganishii
2025-10-11 18:05:26.838371 INFO::Fitting model to feature number 84, k__Fungi.p__Ascomycota.c__Saccharomycetes.o__Saccharomycetales.f__Saccharomycetaceae.g__Kluyveromyces
2025-10-11 18:05:26.842612 INFO::Fitting model to feature number 85, k__Fungi.p__Ascomycota.c__Saccharomycetes.o__Saccharomycetales.f__Saccharomycetaceae.g__Kluyveromyces.s__Kluyveromyces_lactis
2025-10-11 18:05:26.846172 INFO::Fitting model to feature number 86, k__Fungi.p__Ascomycota.c__Saccharomycetes.o__Saccharomycetales.f__Saccharomycetaceae.g__Kluyveromyces.s__Kluyveromyces_marxianus
2025-10-11 18:05:26.849933 INFO::Fitting model to feature number 87, k__Fungi.p__Ascomycota.c__Saccharomycetes.o__Saccharomycetales.f__Saccharomycetaceae.g__Lachancea
2025-10-11 18:05:26.85335 INFO::Fitting model to feature number 88, k__Fungi.p__Ascomycota.c__Saccharomycetes.o__Saccharomycetales.f__Saccharomycetaceae.g__Lachancea.s__Lachancea_kluyveri
2025-10-11 18:05:26.857105 INFO::Fitting model to feature number 89, k__Fungi.p__Ascomycota.c__Saccharomycetes.o__Saccharomycetales.f__Saccharomycetaceae.g__Lachancea.s__Lachancea_thermotolerans
2025-10-11 18:05:26.860486 INFO::Fitting model to feature number 90, k__Fungi.p__Ascomycota.c__Saccharomycetes.o__Saccharomycetales.f__Saccharomycetaceae.g__Nakaseomyces
2025-10-11 18:05:26.864119 INFO::Fitting model to feature number 91, k__Fungi.p__Ascomycota.c__Saccharomycetes.o__Saccharomycetales.f__Saccharomycetaceae.g__Nakaseomyces.s__.Candida._glabrata
2025-10-11 18:05:26.867649 INFO::Fitting model to feature number 92, k__Fungi.p__Ascomycota.c__Saccharomycetes.o__Saccharomycetales.f__Saccharomycetaceae.g__Naumovozyma
2025-10-11 18:05:26.871268 INFO::Fitting model to feature number 93, k__Fungi.p__Ascomycota.c__Saccharomycetes.o__Saccharomycetales.f__Saccharomycetaceae.g__Naumovozyma.s__Naumovozyma_castellii
2025-10-11 18:05:26.87453 INFO::Fitting model to feature number 94, k__Fungi.p__Ascomycota.c__Saccharomycetes.o__Saccharomycetales.f__Saccharomycetaceae.g__Naumovozyma.s__Naumovozyma_dairenensis
2025-10-11 18:05:26.878042 INFO::Fitting model to feature number 95, k__Fungi.p__Ascomycota.c__Saccharomycetes.o__Saccharomycetales.f__Saccharomycetaceae.g__Saccharomyces
2025-10-11 18:05:26.881529 INFO::Fitting model to feature number 96, k__Fungi.p__Ascomycota.c__Saccharomycetes.o__Saccharomycetales.f__Saccharomycetaceae.g__Saccharomyces.s__Saccharomyces_boulardii_.nom._inval..
2025-10-11 18:05:26.885244 INFO::Fitting model to feature number 97, k__Fungi.p__Ascomycota.c__Saccharomycetes.o__Saccharomycetales.f__Saccharomycetaceae.g__Saccharomyces.s__Saccharomyces_cerevisiae
2025-10-11 18:05:26.888688 INFO::Fitting model to feature number 98, k__Fungi.p__Ascomycota.c__Saccharomycetes.o__Saccharomycetales.f__Saccharomycetaceae.g__Saccharomyces.s__Saccharomyces_eubayanus
2025-10-11 18:05:26.892252 INFO::Fitting model to feature number 99, k__Fungi.p__Ascomycota.c__Saccharomycetes.o__Saccharomycetales.f__Saccharomycetaceae.g__Saccharomyces.s__Saccharomyces_kudriavzevii
2025-10-11 18:05:26.895522 INFO::Fitting model to feature number 100, k__Fungi.p__Ascomycota.c__Saccharomycetes.o__Saccharomycetales.f__Saccharomycetaceae.g__Saccharomyces.s__Saccharomyces_pastorianus
2025-10-11 18:05:26.899103 INFO::Fitting model to feature number 101, k__Fungi.p__Ascomycota.c__Saccharomycetes.o__Saccharomycetales.f__Saccharomycetaceae.g__Saccharomyces.s__Saccharomyces_uvarum
2025-10-11 18:05:26.902553 INFO::Fitting model to feature number 102, k__Fungi.p__Ascomycota.c__Saccharomycetes.o__Saccharomycetales.f__Saccharomycetaceae.g__Tetrapisispora
2025-10-11 18:05:26.906119 INFO::Fitting model to feature number 103, k__Fungi.p__Ascomycota.c__Saccharomycetes.o__Saccharomycetales.f__Saccharomycetaceae.g__Tetrapisispora.s__Tetrapisispora_blattae
2025-10-11 18:05:26.909408 INFO::Fitting model to feature number 104, k__Fungi.p__Ascomycota.c__Saccharomycetes.o__Saccharomycetales.f__Saccharomycetaceae.g__Tetrapisispora.s__Tetrapisispora_phaffii
2025-10-11 18:05:26.912882 INFO::Fitting model to feature number 105, k__Fungi.p__Ascomycota.c__Saccharomycetes.o__Saccharomycetales.f__Saccharomycetaceae.g__Torulaspora
2025-10-11 18:05:26.916304 INFO::Fitting model to feature number 106, k__Fungi.p__Ascomycota.c__Saccharomycetes.o__Saccharomycetales.f__Saccharomycetaceae.g__Torulaspora.s__Torulaspora_delbrueckii
2025-10-11 18:05:26.919929 INFO::Fitting model to feature number 107, k__Fungi.p__Ascomycota.c__Saccharomycetes.o__Saccharomycetales.f__Saccharomycetaceae.g__Torulaspora.s__Torulaspora_globosa
2025-10-11 18:05:26.92321 INFO::Fitting model to feature number 108, k__Fungi.p__Ascomycota.c__Saccharomycetes.o__Saccharomycetales.f__Saccharomycetaceae.g__Zygosaccharomyces
2025-10-11 18:05:26.926694 INFO::Fitting model to feature number 109, k__Fungi.p__Ascomycota.c__Saccharomycetes.o__Saccharomycetales.f__Saccharomycetaceae.g__Zygosaccharomyces.s__Zygosaccharomyces_rouxii
2025-10-11 18:05:26.929902 INFO::Fitting model to feature number 110, k__Fungi.p__Ascomycota.c__Saccharomycetes.o__Saccharomycetales.f__Saccharomycetaceae.g__Zygotorulaspora
2025-10-11 18:05:26.933868 INFO::Fitting model to feature number 111, k__Fungi.p__Ascomycota.c__Saccharomycetes.o__Saccharomycetales.f__Saccharomycetaceae.g__Zygotorulaspora.s__Zygotorulaspora_mrakii
2025-10-11 18:05:26.937333 INFO::Fitting model to feature number 112, k__Fungi.p__Ascomycota.c__Saccharomycetes.o__Saccharomycetales.f__Saccharomycodaceae
2025-10-11 18:05:26.941142 INFO::Fitting model to feature number 113, k__Fungi.p__Ascomycota.c__Saccharomycetes.o__Saccharomycetales.f__Saccharomycodaceae.g__Saccharomycodes
2025-10-11 18:05:26.946403 INFO::Fitting model to feature number 114, k__Fungi.p__Ascomycota.c__Saccharomycetes.o__Saccharomycetales.f__Saccharomycodaceae.g__Saccharomycodes.s__Saccharomycodes_ludwigii
2025-10-11 18:05:26.951041 INFO::Fitting model to feature number 115, k__Fungi.p__Ascomycota.c__Saccharomycetes.o__Saccharomycetales.f__Trichomonascaceae
2025-10-11 18:05:26.954492 INFO::Fitting model to feature number 116, k__Fungi.p__Ascomycota.c__Saccharomycetes.o__Saccharomycetales.f__Trichomonascaceae.g__Sugiyamaella
2025-10-11 18:05:26.957984 INFO::Fitting model to feature number 117, k__Fungi.p__Ascomycota.c__Saccharomycetes.o__Saccharomycetales.f__Trichomonascaceae.g__Sugiyamaella.s__Sugiyamaella_lignohabitans
2025-10-11 18:05:26.961267 INFO::Fitting model to feature number 118, k__Fungi.p__Ascomycota.c__Schizosaccharomycetes
2025-10-11 18:05:26.964829 INFO::Fitting model to feature number 119, k__Fungi.p__Ascomycota.c__Schizosaccharomycetes.o__Schizosaccharomycetales
2025-10-11 18:05:26.968175 INFO::Fitting model to feature number 120, k__Fungi.p__Ascomycota.c__Schizosaccharomycetes.o__Schizosaccharomycetales.f__Schizosaccharomycetaceae
2025-10-11 18:05:26.971671 INFO::Fitting model to feature number 121, k__Fungi.p__Ascomycota.c__Schizosaccharomycetes.o__Schizosaccharomycetales.f__Schizosaccharomycetaceae.g__Schizosaccharomyces
2025-10-11 18:05:26.974994 INFO::Fitting model to feature number 122, k__Fungi.p__Ascomycota.c__Schizosaccharomycetes.o__Schizosaccharomycetales.f__Schizosaccharomycetaceae.g__Schizosaccharomyces.s__Schizosaccharomyces_pombe
2025-10-11 18:05:26.978546 INFO::Fitting model to feature number 123, k__Fungi.p__Ascomycota.c__Sordariomycetes
2025-10-11 18:05:26.981989 INFO::Fitting model to feature number 124, k__Fungi.p__Ascomycota.c__Sordariomycetes.o__Glomerellales
2025-10-11 18:05:26.985507 INFO::Fitting model to feature number 125, k__Fungi.p__Ascomycota.c__Sordariomycetes.o__Glomerellales.f__Glomerellaceae
2025-10-11 18:05:26.988787 INFO::Fitting model to feature number 126, k__Fungi.p__Ascomycota.c__Sordariomycetes.o__Glomerellales.f__Glomerellaceae.g__Colletotrichum
2025-10-11 18:05:26.992222 INFO::Fitting model to feature number 127, k__Fungi.p__Ascomycota.c__Sordariomycetes.o__Glomerellales.f__Glomerellaceae.g__Colletotrichum.s__Colletotrichum_higginsianum
2025-10-11 18:05:26.99577 INFO::Fitting model to feature number 128, k__Fungi.p__Ascomycota.c__Sordariomycetes.o__Hypocreales
2025-10-11 18:05:26.999386 INFO::Fitting model to feature number 129, k__Fungi.p__Ascomycota.c__Sordariomycetes.o__Hypocreales.f__Clavicipitaceae
2025-10-11 18:05:27.002713 INFO::Fitting model to feature number 130, k__Fungi.p__Ascomycota.c__Sordariomycetes.o__Hypocreales.f__Clavicipitaceae.g__Pochonia
2025-10-11 18:05:27.0062 INFO::Fitting model to feature number 131, k__Fungi.p__Ascomycota.c__Sordariomycetes.o__Hypocreales.f__Clavicipitaceae.g__Pochonia.s__Pochonia_chlamydosporia
2025-10-11 18:05:27.0095 INFO::Fitting model to feature number 132, k__Fungi.p__Ascomycota.c__Sordariomycetes.o__Hypocreales.f__Clavicipitaceae.g__Ustilaginoidea
2025-10-11 18:05:27.013179 INFO::Fitting model to feature number 133, k__Fungi.p__Ascomycota.c__Sordariomycetes.o__Hypocreales.f__Clavicipitaceae.g__Ustilaginoidea.s__Ustilaginoidea_virens
2025-10-11 18:05:27.016475 INFO::Fitting model to feature number 134, k__Fungi.p__Ascomycota.c__Sordariomycetes.o__Hypocreales.f__Nectriaceae
2025-10-11 18:05:27.019929 INFO::Fitting model to feature number 135, k__Fungi.p__Ascomycota.c__Sordariomycetes.o__Hypocreales.f__Nectriaceae.g__Fusarium
2025-10-11 18:05:27.023147 INFO::Fitting model to feature number 136, k__Fungi.p__Ascomycota.c__Sordariomycetes.o__Hypocreales.f__Nectriaceae.g__Fusarium.s__Fusarium_fujikuroi
2025-10-11 18:05:27.026697 INFO::Fitting model to feature number 137, k__Fungi.p__Ascomycota.c__Sordariomycetes.o__Hypocreales.f__Nectriaceae.g__Fusarium.s__Fusarium_graminearum
2025-10-11 18:05:27.029986 INFO::Fitting model to feature number 138, k__Fungi.p__Ascomycota.c__Sordariomycetes.o__Hypocreales.f__Nectriaceae.g__Fusarium.s__Fusarium_musae
2025-10-11 18:05:27.033431 INFO::Fitting model to feature number 139, k__Fungi.p__Ascomycota.c__Sordariomycetes.o__Hypocreales.f__Nectriaceae.g__Fusarium.s__Fusarium_oxysporum
2025-10-11 18:05:27.036653 INFO::Fitting model to feature number 140, k__Fungi.p__Ascomycota.c__Sordariomycetes.o__Hypocreales.f__Nectriaceae.g__Fusarium.s__Fusarium_poae
2025-10-11 18:05:27.040053 INFO::Fitting model to feature number 141, k__Fungi.p__Ascomycota.c__Sordariomycetes.o__Hypocreales.f__Nectriaceae.g__Fusarium.s__Fusarium_venenatum
2025-10-11 18:05:27.043378 INFO::Fitting model to feature number 142, k__Fungi.p__Ascomycota.c__Sordariomycetes.o__Hypocreales.f__Ophiocordycipitaceae
2025-10-11 18:05:27.04683 INFO::Fitting model to feature number 143, k__Fungi.p__Ascomycota.c__Sordariomycetes.o__Hypocreales.f__Ophiocordycipitaceae.g__Drechmeria
2025-10-11 18:05:27.05005 INFO::Fitting model to feature number 144, k__Fungi.p__Ascomycota.c__Sordariomycetes.o__Hypocreales.f__Ophiocordycipitaceae.g__Drechmeria.s__Drechmeria_coniospora
2025-10-11 18:05:27.053411 INFO::Fitting model to feature number 145, k__Fungi.p__Ascomycota.c__Sordariomycetes.o__Magnaporthales
2025-10-11 18:05:27.056564 INFO::Fitting model to feature number 146, k__Fungi.p__Ascomycota.c__Sordariomycetes.o__Magnaporthales.f__Pyriculariaceae
2025-10-11 18:05:27.060215 INFO::Fitting model to feature number 147, k__Fungi.p__Ascomycota.c__Sordariomycetes.o__Magnaporthales.f__Pyriculariaceae.g__Pyricularia
2025-10-11 18:05:27.063733 INFO::Fitting model to feature number 148, k__Fungi.p__Ascomycota.c__Sordariomycetes.o__Magnaporthales.f__Pyriculariaceae.g__Pyricularia.s__Pyricularia_grisea
2025-10-11 18:05:27.067438 INFO::Fitting model to feature number 149, k__Fungi.p__Ascomycota.c__Sordariomycetes.o__Magnaporthales.f__Pyriculariaceae.g__Pyricularia.s__Pyricularia_oryzae
2025-10-11 18:05:27.070899 INFO::Fitting model to feature number 150, k__Fungi.p__Ascomycota.c__Sordariomycetes.o__Magnaporthales.f__Pyriculariaceae.g__Pyricularia.s__Pyricularia_pennisetigena
2025-10-11 18:05:27.074655 INFO::Fitting model to feature number 151, k__Fungi.p__Ascomycota.c__Sordariomycetes.o__Ophiostomatales
2025-10-11 18:05:27.078217 INFO::Fitting model to feature number 152, k__Fungi.p__Ascomycota.c__Sordariomycetes.o__Ophiostomatales.f__Ophiostomataceae
2025-10-11 18:05:27.082114 INFO::Fitting model to feature number 153, k__Fungi.p__Ascomycota.c__Sordariomycetes.o__Ophiostomatales.f__Ophiostomataceae.g__Sporothrix
2025-10-11 18:05:27.085738 INFO::Fitting model to feature number 154, k__Fungi.p__Ascomycota.c__Sordariomycetes.o__Ophiostomatales.f__Ophiostomataceae.g__Sporothrix.s__Sporothrix_brasiliensis
2025-10-11 18:05:27.089528 INFO::Fitting model to feature number 155, k__Fungi.p__Ascomycota.c__Sordariomycetes.o__Ophiostomatales.f__Ophiostomataceae.g__Sporothrix.s__Sporothrix_globosa
2025-10-11 18:05:27.093233 INFO::Fitting model to feature number 156, k__Fungi.p__Ascomycota.c__Sordariomycetes.o__Ophiostomatales.f__Ophiostomataceae.g__Sporothrix.s__Sporothrix_schenckii
2025-10-11 18:05:27.097036 INFO::Fitting model to feature number 157, k__Fungi.p__Ascomycota.c__Sordariomycetes.o__Sordariales
2025-10-11 18:05:27.10106 INFO::Fitting model to feature number 158, k__Fungi.p__Ascomycota.c__Sordariomycetes.o__Sordariales.f__Chaetomiaceae
2025-10-11 18:05:27.105467 INFO::Fitting model to feature number 159, k__Fungi.p__Ascomycota.c__Sordariomycetes.o__Sordariales.f__Chaetomiaceae.g__Thermothelomyces
2025-10-11 18:05:27.109872 INFO::Fitting model to feature number 160, k__Fungi.p__Ascomycota.c__Sordariomycetes.o__Sordariales.f__Chaetomiaceae.g__Thermothelomyces.s__Thermothelomyces_thermophilus
2025-10-11 18:05:27.114153 INFO::Fitting model to feature number 161, k__Fungi.p__Ascomycota.c__Sordariomycetes.o__Sordariales.f__Chaetomiaceae.g__Thermothielavioides
2025-10-11 18:05:27.118314 INFO::Fitting model to feature number 162, k__Fungi.p__Ascomycota.c__Sordariomycetes.o__Sordariales.f__Chaetomiaceae.g__Thermothielavioides.s__Thermothielavioides_terrestris
2025-10-11 18:05:27.122891 INFO::Fitting model to feature number 163, k__Fungi.p__Ascomycota.c__Sordariomycetes.o__Sordariales.f__Sordariaceae
2025-10-11 18:05:27.127651 INFO::Fitting model to feature number 164, k__Fungi.p__Ascomycota.c__Sordariomycetes.o__Sordariales.f__Sordariaceae.g__Neurospora
2025-10-11 18:05:27.131935 INFO::Fitting model to feature number 165, k__Fungi.p__Ascomycota.c__Sordariomycetes.o__Sordariales.f__Sordariaceae.g__Neurospora.s__Neurospora_crassa
2025-10-11 18:05:27.135754 INFO::Fitting model to feature number 166, k__Fungi.p__Basidiomycota
2025-10-11 18:05:27.139964 INFO::Fitting model to feature number 167, k__Fungi.p__Basidiomycota.c__Agaricomycetes
2025-10-11 18:05:27.14363 INFO::Fitting model to feature number 168, k__Fungi.p__Basidiomycota.c__Agaricomycetes.o__Agaricales
2025-10-11 18:05:27.149534 INFO::Fitting model to feature number 169, k__Fungi.p__Basidiomycota.c__Agaricomycetes.o__Agaricales.f__Marasmiaceae
2025-10-11 18:05:27.154686 INFO::Fitting model to feature number 170, k__Fungi.p__Basidiomycota.c__Agaricomycetes.o__Agaricales.f__Marasmiaceae.g__Marasmius
2025-10-11 18:05:27.159791 INFO::Fitting model to feature number 171, k__Fungi.p__Basidiomycota.c__Agaricomycetes.o__Agaricales.f__Marasmiaceae.g__Marasmius.s__Marasmius_oreades
2025-10-11 18:05:27.164462 INFO::Fitting model to feature number 172, k__Fungi.p__Basidiomycota.c__Agaricomycetes.o__Cantharellales
2025-10-11 18:05:27.169338 INFO::Fitting model to feature number 173, k__Fungi.p__Basidiomycota.c__Agaricomycetes.o__Cantharellales.f__Ceratobasidiaceae
2025-10-11 18:05:27.173366 INFO::Fitting model to feature number 174, k__Fungi.p__Basidiomycota.c__Agaricomycetes.o__Cantharellales.f__Ceratobasidiaceae.g__Rhizoctonia
2025-10-11 18:05:27.177477 INFO::Fitting model to feature number 175, k__Fungi.p__Basidiomycota.c__Agaricomycetes.o__Cantharellales.f__Ceratobasidiaceae.g__Rhizoctonia.s__Rhizoctonia_solani
2025-10-11 18:05:27.181681 INFO::Fitting model to feature number 176, k__Fungi.p__Basidiomycota.c__Malasseziomycetes
2025-10-11 18:05:27.185863 INFO::Fitting model to feature number 177, k__Fungi.p__Basidiomycota.c__Malasseziomycetes.o__Malasseziales
2025-10-11 18:05:27.189783 INFO::Fitting model to feature number 178, k__Fungi.p__Basidiomycota.c__Malasseziomycetes.o__Malasseziales.f__Malasseziaceae
2025-10-11 18:05:27.194046 INFO::Fitting model to feature number 179, k__Fungi.p__Basidiomycota.c__Malasseziomycetes.o__Malasseziales.f__Malasseziaceae.g__Malassezia
2025-10-11 18:05:27.197892 INFO::Fitting model to feature number 180, k__Fungi.p__Basidiomycota.c__Malasseziomycetes.o__Malasseziales.f__Malasseziaceae.g__Malassezia.s__Malassezia_restricta
2025-10-11 18:05:27.202307 INFO::Fitting model to feature number 181, k__Fungi.p__Basidiomycota.c__Tremellomycetes
2025-10-11 18:05:27.206315 INFO::Fitting model to feature number 182, k__Fungi.p__Basidiomycota.c__Tremellomycetes.o__Tremellales
2025-10-11 18:05:27.210569 INFO::Fitting model to feature number 183, k__Fungi.p__Basidiomycota.c__Tremellomycetes.o__Tremellales.f__Cryptococcaceae
2025-10-11 18:05:27.214967 INFO::Fitting model to feature number 184, k__Fungi.p__Basidiomycota.c__Tremellomycetes.o__Tremellales.f__Cryptococcaceae.g__Cryptococcus
2025-10-11 18:05:27.219844 INFO::Fitting model to feature number 185, k__Fungi.p__Basidiomycota.c__Tremellomycetes.o__Tremellales.f__Cryptococcaceae.g__Cryptococcus.s__Cryptococcus_gattii_VGI
2025-10-11 18:05:27.22394 INFO::Fitting model to feature number 186, k__Fungi.p__Basidiomycota.c__Tremellomycetes.o__Tremellales.f__Cryptococcaceae.g__Cryptococcus.s__Cryptococcus_neoformans
2025-10-11 18:05:27.228041 INFO::Fitting model to feature number 187, k__Fungi.p__Basidiomycota.c__Ustilaginomycetes
2025-10-11 18:05:27.231858 INFO::Fitting model to feature number 188, k__Fungi.p__Basidiomycota.c__Ustilaginomycetes.o__Ustilaginales
2025-10-11 18:05:27.235958 INFO::Fitting model to feature number 189, k__Fungi.p__Basidiomycota.c__Ustilaginomycetes.o__Ustilaginales.f__Ustilaginaceae
2025-10-11 18:05:27.239651 INFO::Fitting model to feature number 190, k__Fungi.p__Basidiomycota.c__Ustilaginomycetes.o__Ustilaginales.f__Ustilaginaceae.g__Sporisorium
2025-10-11 18:05:27.243502 INFO::Fitting model to feature number 191, k__Fungi.p__Basidiomycota.c__Ustilaginomycetes.o__Ustilaginales.f__Ustilaginaceae.g__Sporisorium.s__Sporisorium_graminicola
2025-10-11 18:05:27.247115 INFO::Fitting model to feature number 192, k__Fungi.p__Basidiomycota.c__Ustilaginomycetes.o__Ustilaginales.f__Ustilaginaceae.g__Ustilago
2025-10-11 18:05:27.251469 INFO::Fitting model to feature number 193, k__Fungi.p__Basidiomycota.c__Ustilaginomycetes.o__Ustilaginales.f__Ustilaginaceae.g__Ustilago.s__Ustilago_maydis
2025-10-11 18:05:27.273764 INFO::Counting total values for each feature
2025-10-11 18:05:27.283144 INFO::Writing filtered data to file E:/Python/MI_Analysis/metagenome/data_figures/filtered_data_20percent_change/MaAsLin2_OTU//fungi/features/filtered_data.tsv
2025-10-11 18:05:27.32954 INFO::Writing filtered, normalized data to file E:/Python/MI_Analysis/metagenome/data_figures/filtered_data_20percent_change/MaAsLin2_OTU//fungi/features/filtered_data_norm.tsv
2025-10-11 18:05:27.376699 INFO::Writing filtered, normalized, transformed data to file E:/Python/MI_Analysis/metagenome/data_figures/filtered_data_20percent_change/MaAsLin2_OTU//fungi/features/filtered_data_norm_transformed.tsv
2025-10-11 18:05:27.44031 INFO::Writing residuals to file E:/Python/MI_Analysis/metagenome/data_figures/filtered_data_20percent_change/MaAsLin2_OTU//fungi/fits/residuals.rds
2025-10-11 18:05:27.448999 INFO::Writing fitted values to file E:/Python/MI_Analysis/metagenome/data_figures/filtered_data_20percent_change/MaAsLin2_OTU//fungi/fits/fitted.rds
2025-10-11 18:05:27.454691 INFO::Writing all results to file (ordered by increasing q-values): E:/Python/MI_Analysis/metagenome/data_figures/filtered_data_20percent_change/MaAsLin2_OTU//fungi/all_results.tsv
2025-10-11 18:05:27.462861 INFO::Writing the significant results (those which are less than or equal to the threshold of 0.050000 ) to file (ordered by increasing q-values): E:/Python/MI_Analysis/metagenome/data_figures/filtered_data_20percent_change/MaAsLin2_OTU//fungi/significant_results.tsv
2025-10-11 18:05:27.466587 INFO::Writing heatmap of significant results to file: E:/Python/MI_Analysis/metagenome/data_figures/filtered_data_20percent_change/MaAsLin2_OTU//fungi/heatmap.pdf
2025-10-11 18:05:27.471068 INFO::Writing association plots (one for each significant association) to output folder: E:/Python/MI_Analysis/metagenome/data_figures/filtered_data_20percent_change/MaAsLin2_OTU//fungi
