2025-10-20 22:47:46.646187 INFO::Writing function arguments to log file
2025-10-20 22:47:46.648222 DEBUG::Function arguments
2025-10-20 22:47:46.649297 DEBUG::Input data file: E:/Python/MI_Analysis/metagenome/data_figures/filtered_data_20percent/MaAsLin2_OTU//virus_temp.tsv
2025-10-20 22:47:46.650329 DEBUG::Input metadata file: E:/Python/MI_Analysis/metagenome/data_figures/filtered_data_20percent/MaAsLin2_OTU//metadata_temp.tsv
2025-10-20 22:47:46.651352 DEBUG::Output folder: E:/Python/MI_Analysis/metagenome/data_figures/filtered_data_20percent/MaAsLin2_OTU//virus
2025-10-20 22:47:46.652287 DEBUG::Min Abundance: 0.000000
2025-10-20 22:47:46.653265 DEBUG::Min Prevalence: 0.100000
2025-10-20 22:47:46.654193 DEBUG::Normalization: TSS
2025-10-20 22:47:46.655437 DEBUG::Transform: LOG
2025-10-20 22:47:46.656448 DEBUG::Analysis method: LM
2025-10-20 22:47:46.657417 DEBUG::Max significance: 0.050000
2025-10-20 22:47:46.658365 DEBUG::Random effects:
2025-10-20 22:47:46.659394 DEBUG::Fixed effects: Group
2025-10-20 22:47:46.660655 DEBUG::Correction method: BH
2025-10-20 22:47:46.662048 DEBUG::Standardize: TRUE
2025-10-20 22:47:46.663501 DEBUG::Cores: 1
2025-10-20 22:47:46.664494 INFO::Verifying options selected are valid
2025-10-20 22:47:46.666608 INFO::Determining format of input files
2025-10-20 22:47:46.668538 INFO::Input format is data samples as columns and metadata samples as rows
2025-10-20 22:47:46.671403 DEBUG::Transformed data so samples are rows
2025-10-20 22:47:46.676513 DEBUG::A total of 84 samples were found in both the data and metadata
2025-10-20 22:47:46.677652 DEBUG::Reordering data/metadata to use same sample ordering
2025-10-20 22:47:46.679893 INFO::Formula for fixed effects: expr ~  Group
2025-10-20 22:47:46.682095 INFO::Filter data based on min abundance and min prevalence
2025-10-20 22:47:46.683892 INFO::Total samples in data: 84
2025-10-20 22:47:46.685726 INFO::Min samples required with min abundance for a feature not to be filtered: 8.400000
2025-10-20 22:47:46.690986 INFO::Total filtered features: 0
2025-10-20 22:47:46.692924 INFO::Filtered feature names from abundance and prevalence filtering:
2025-10-20 22:47:46.697257 INFO::Total filtered features with variance filtering: 0
2025-10-20 22:47:46.699178 INFO::Filtered feature names from variance filtering:
2025-10-20 22:47:46.701127 INFO::Running selected normalization method: TSS
2025-10-20 22:47:46.705935 INFO::Applying z-score to standardize continuous metadata
2025-10-20 22:47:46.711278 INFO::Running selected transform method: LOG
2025-10-20 22:47:46.716708 INFO::Running selected analysis method: LM
2025-10-20 22:47:46.719615 INFO::Fitting model to feature number 1, k__Viruses
2025-10-20 22:47:46.723785 INFO::Fitting model to feature number 2, k__Viruses.p__Nucleocytoviricota
2025-10-20 22:47:46.727801 INFO::Fitting model to feature number 3, k__Viruses.p__Nucleocytoviricota.c__Megaviricetes
2025-10-20 22:47:46.732405 INFO::Fitting model to feature number 4, k__Viruses.p__Nucleocytoviricota.c__Megaviricetes.o__Imitervirales
2025-10-20 22:47:46.737765 INFO::Fitting model to feature number 5, k__Viruses.p__Nucleocytoviricota.c__Megaviricetes.o__Imitervirales.f__Mimiviridae
2025-10-20 22:47:46.741975 INFO::Fitting model to feature number 6, k__Viruses.p__Nucleocytoviricota.c__Megaviricetes.o__Imitervirales.f__Mimiviridae.g__Mimivirus
2025-10-20 22:47:46.752348 INFO::Fitting model to feature number 7, k__Viruses.p__Uroviricota
2025-10-20 22:47:46.759546 INFO::Fitting model to feature number 8, k__Viruses.p__Uroviricota.c__Caudoviricetes
2025-10-20 22:47:46.766957 INFO::Fitting model to feature number 9, k__Viruses.p__Uroviricota.c__Caudoviricetes.o__Caudovirales
2025-10-20 22:47:46.772384 INFO::Fitting model to feature number 10, k__Viruses.p__Uroviricota.c__Caudoviricetes.o__Caudovirales.f__Autographiviridae
2025-10-20 22:47:46.776881 INFO::Fitting model to feature number 11, k__Viruses.p__Uroviricota.c__Caudoviricetes.o__Caudovirales.f__Autographiviridae.g__Cheungvirus
2025-10-20 22:47:46.782788 INFO::Fitting model to feature number 12, k__Viruses.p__Uroviricota.c__Caudoviricetes.o__Caudovirales.f__Autographiviridae.g__Cheungvirus.s__Prochlorococcus_virus_NATL1A7
2025-10-20 22:47:46.7877 INFO::Fitting model to feature number 13, k__Viruses.p__Uroviricota.c__Caudoviricetes.o__Caudovirales.f__Demerecviridae
2025-10-20 22:47:46.79273 INFO::Fitting model to feature number 14, k__Viruses.p__Uroviricota.c__Caudoviricetes.o__Caudovirales.f__Demerecviridae.g__Cetovirus
2025-10-20 22:47:46.799423 INFO::Fitting model to feature number 15, k__Viruses.p__Uroviricota.c__Caudoviricetes.o__Caudovirales.f__Herelleviridae
2025-10-20 22:47:46.804426 INFO::Fitting model to feature number 16, k__Viruses.p__Uroviricota.c__Caudoviricetes.o__Caudovirales.f__Herelleviridae.g__Matervirus
2025-10-20 22:47:46.809577 INFO::Fitting model to feature number 17, k__Viruses.p__Uroviricota.c__Caudoviricetes.o__Caudovirales.f__Herelleviridae.g__Matervirus.s__Bacillus_virus_Mater
2025-10-20 22:47:46.813842 INFO::Fitting model to feature number 18, k__Viruses.p__Uroviricota.c__Caudoviricetes.o__Caudovirales.f__Herelleviridae.g__Moonbeamvirus
2025-10-20 22:47:46.818022 INFO::Fitting model to feature number 19, k__Viruses.p__Uroviricota.c__Caudoviricetes.o__Caudovirales.f__Herelleviridae.g__Moonbeamvirus.s__Bacillus_virus_Moonbeam
2025-10-20 22:47:46.822415 INFO::Fitting model to feature number 20, k__Viruses.p__Uroviricota.c__Caudoviricetes.o__Caudovirales.f__Herelleviridae.g__Tsarbombavirus
2025-10-20 22:47:46.827222 INFO::Fitting model to feature number 21, k__Viruses.p__Uroviricota.c__Caudoviricetes.o__Caudovirales.f__Herelleviridae.g__Tsarbombavirus.s__Bacillus_virus_BCP78
2025-10-20 22:47:46.831745 INFO::Fitting model to feature number 22, k__Viruses.p__Uroviricota.c__Caudoviricetes.o__Caudovirales.f__Myoviridae
2025-10-20 22:47:46.836803 INFO::Fitting model to feature number 23, k__Viruses.p__Uroviricota.c__Caudoviricetes.o__Caudovirales.f__Myoviridae.g__Anaposvirus
2025-10-20 22:47:46.842414 INFO::Fitting model to feature number 24, k__Viruses.p__Uroviricota.c__Caudoviricetes.o__Caudovirales.f__Myoviridae.g__Anaposvirus.s__Synechococcus_virus_SCAM1
2025-10-20 22:47:46.847625 INFO::Fitting model to feature number 25, k__Viruses.p__Uroviricota.c__Caudoviricetes.o__Caudovirales.f__Myoviridae.g__Aurunvirus
2025-10-20 22:47:46.851759 INFO::Fitting model to feature number 26, k__Viruses.p__Uroviricota.c__Caudoviricetes.o__Caudovirales.f__Myoviridae.g__Aurunvirus.s__Synechococcus_virus_STIM5
2025-10-20 22:47:46.856566 INFO::Fitting model to feature number 27, k__Viruses.p__Uroviricota.c__Caudoviricetes.o__Caudovirales.f__Myoviridae.g__Brigitvirus
2025-10-20 22:47:46.860655 INFO::Fitting model to feature number 28, k__Viruses.p__Uroviricota.c__Caudoviricetes.o__Caudovirales.f__Myoviridae.g__Brigitvirus.s__Faecalibacterium_virus_Brigit
2025-10-20 22:47:46.865939 INFO::Fitting model to feature number 29, k__Viruses.p__Uroviricota.c__Caudoviricetes.o__Caudovirales.f__Myoviridae.g__Busanvirus
2025-10-20 22:47:46.871424 INFO::Fitting model to feature number 30, k__Viruses.p__Uroviricota.c__Caudoviricetes.o__Caudovirales.f__Myoviridae.g__Busanvirus.s__Acidovorax_virus_ACP17
2025-10-20 22:47:46.877013 INFO::Fitting model to feature number 31, k__Viruses.p__Uroviricota.c__Caudoviricetes.o__Caudovirales.f__Myoviridae.g__Colneyvirus
2025-10-20 22:47:46.882732 INFO::Fitting model to feature number 32, k__Viruses.p__Uroviricota.c__Caudoviricetes.o__Caudovirales.f__Myoviridae.g__Colneyvirus.s__Clostridioides_virus_CDKM15
2025-10-20 22:47:46.887464 INFO::Fitting model to feature number 33, k__Viruses.p__Uroviricota.c__Caudoviricetes.o__Caudovirales.f__Myoviridae.g__Erskinevirus
2025-10-20 22:47:46.89213 INFO::Fitting model to feature number 34, k__Viruses.p__Uroviricota.c__Caudoviricetes.o__Caudovirales.f__Myoviridae.g__Erskinevirus.s__Erwinia_virus_Asesino
2025-10-20 22:47:46.896846 INFO::Fitting model to feature number 35, k__Viruses.p__Uroviricota.c__Caudoviricetes.o__Caudovirales.f__Myoviridae.g__Erskinevirus.s__Erwinia_virus_EaH2
2025-10-20 22:47:46.901095 INFO::Fitting model to feature number 36, k__Viruses.p__Uroviricota.c__Caudoviricetes.o__Caudovirales.f__Myoviridae.g__Felsduovirus
2025-10-20 22:47:46.90566 INFO::Fitting model to feature number 37, k__Viruses.p__Uroviricota.c__Caudoviricetes.o__Caudovirales.f__Myoviridae.g__Felsduovirus.s__Escherichia_virus_500465.1
2025-10-20 22:47:46.90957 INFO::Fitting model to feature number 38, k__Viruses.p__Uroviricota.c__Caudoviricetes.o__Caudovirales.f__Myoviridae.g__Felsduovirus.s__Klebsiella_virus_4LV2017
2025-10-20 22:47:46.913832 INFO::Fitting model to feature number 39, k__Viruses.p__Uroviricota.c__Caudoviricetes.o__Caudovirales.f__Myoviridae.g__Felsduovirus.s__Klebsiella_virus_ST13OXA48phi12.1
2025-10-20 22:47:46.918269 INFO::Fitting model to feature number 40, k__Viruses.p__Uroviricota.c__Caudoviricetes.o__Caudovirales.f__Myoviridae.g__Felsduovirus.s__Klebsiella_virus_ST15OXA48phi14.1
2025-10-20 22:47:46.923171 INFO::Fitting model to feature number 41, k__Viruses.p__Uroviricota.c__Caudoviricetes.o__Caudovirales.f__Myoviridae.g__Felsduovirus.s__Klebsiella_virus_ST437OXA245phi4.1
2025-10-20 22:47:46.927167 INFO::Fitting model to feature number 42, k__Viruses.p__Uroviricota.c__Caudoviricetes.o__Caudovirales.f__Myoviridae.g__Felsduovirus.s__Klebsiella_virus_ST512KPC3phi13.2
2025-10-20 22:47:46.946964 INFO::Fitting model to feature number 43, k__Viruses.p__Uroviricota.c__Caudoviricetes.o__Caudovirales.f__Myoviridae.g__Felsduovirus.s__Salmonella_virus_RE2010
2025-10-20 22:47:46.951482 INFO::Fitting model to feature number 44, k__Viruses.p__Uroviricota.c__Caudoviricetes.o__Caudovirales.f__Myoviridae.g__Felsduovirus.s__Salmonella_virus_SEN8
2025-10-20 22:47:46.955934 INFO::Fitting model to feature number 45, k__Viruses.p__Uroviricota.c__Caudoviricetes.o__Caudovirales.f__Myoviridae.g__Lagaffevirus
2025-10-20 22:47:46.96016 INFO::Fitting model to feature number 46, k__Viruses.p__Uroviricota.c__Caudoviricetes.o__Caudovirales.f__Myoviridae.g__Lagaffevirus.s__Faecalibacterium_virus_Lagaffe
2025-10-20 22:47:46.965082 INFO::Fitting model to feature number 47, k__Viruses.p__Uroviricota.c__Caudoviricetes.o__Caudovirales.f__Myoviridae.g__Lubbockvirus
2025-10-20 22:47:46.969345 INFO::Fitting model to feature number 48, k__Viruses.p__Uroviricota.c__Caudoviricetes.o__Caudovirales.f__Myoviridae.g__Marfavirus
2025-10-20 22:47:46.974893 INFO::Fitting model to feature number 49, k__Viruses.p__Uroviricota.c__Caudoviricetes.o__Caudovirales.f__Myoviridae.g__Marfavirus.s__Klebsiella_virus_F48
2025-10-20 22:47:46.980117 INFO::Fitting model to feature number 50, k__Viruses.p__Uroviricota.c__Caudoviricetes.o__Caudovirales.f__Myoviridae.g__Mushuvirus
2025-10-20 22:47:46.986521 INFO::Fitting model to feature number 51, k__Viruses.p__Uroviricota.c__Caudoviricetes.o__Caudovirales.f__Myoviridae.g__Mushuvirus.s__Faecalibacterium_virus_Mushu
2025-10-20 22:47:46.991688 INFO::Fitting model to feature number 52, k__Viruses.p__Uroviricota.c__Caudoviricetes.o__Caudovirales.f__Myoviridae.g__Peduovirus
2025-10-20 22:47:46.996423 INFO::Fitting model to feature number 53, k__Viruses.p__Uroviricota.c__Caudoviricetes.o__Caudovirales.f__Myoviridae.g__Peduovirus.s__Escherichia_virus_P2
2025-10-20 22:47:47.001822 INFO::Fitting model to feature number 54, k__Viruses.p__Uroviricota.c__Caudoviricetes.o__Caudovirales.f__Myoviridae.g__Peduovirus.s__Escherichia_virus_fiAA91ss
2025-10-20 22:47:47.006797 INFO::Fitting model to feature number 55, k__Viruses.p__Uroviricota.c__Caudoviricetes.o__Caudovirales.f__Myoviridae.g__Peduovirus.s__Escherichia_virus_pro483
2025-10-20 22:47:47.012755 INFO::Fitting model to feature number 56, k__Viruses.p__Uroviricota.c__Caudoviricetes.o__Caudovirales.f__Myoviridae.g__Petsuvirus
2025-10-20 22:47:47.018616 INFO::Fitting model to feature number 57, k__Viruses.p__Uroviricota.c__Caudoviricetes.o__Caudovirales.f__Myoviridae.g__Petsuvirus.s__Pseudomonas_phage_OBP
2025-10-20 22:47:47.023895 INFO::Fitting model to feature number 58, k__Viruses.p__Uroviricota.c__Caudoviricetes.o__Caudovirales.f__Myoviridae.g__Polybotosvirus
2025-10-20 22:47:47.029746 INFO::Fitting model to feature number 59, k__Viruses.p__Uroviricota.c__Caudoviricetes.o__Caudovirales.f__Myoviridae.g__Polybotosvirus.s__Agrobacterium_virus_Atuph07
2025-10-20 22:47:47.033715 INFO::Fitting model to feature number 60, k__Viruses.p__Uroviricota.c__Caudoviricetes.o__Caudovirales.f__Myoviridae.g__Punavirus
2025-10-20 22:47:47.038812 INFO::Fitting model to feature number 61, k__Viruses.p__Uroviricota.c__Caudoviricetes.o__Caudovirales.f__Myoviridae.g__Punavirus.s__Escherichia_phage_D6
2025-10-20 22:47:47.042817 INFO::Fitting model to feature number 62, k__Viruses.p__Uroviricota.c__Caudoviricetes.o__Caudovirales.f__Myoviridae.g__Punavirus.s__Escherichia_phage_vB_EcoM.Ro157c2YLVW
2025-10-20 22:47:47.047056 INFO::Fitting model to feature number 63, k__Viruses.p__Uroviricota.c__Caudoviricetes.o__Caudovirales.f__Myoviridae.g__Punavirus.s__Escherichia_virus_P1
2025-10-20 22:47:47.051846 INFO::Fitting model to feature number 64, k__Viruses.p__Uroviricota.c__Caudoviricetes.o__Caudovirales.f__Myoviridae.g__Punavirus.s__Escherichia_virus_RCS47
2025-10-20 22:47:47.056871 INFO::Fitting model to feature number 65, k__Viruses.p__Uroviricota.c__Caudoviricetes.o__Caudovirales.f__Myoviridae.g__Punavirus.s__Salmonella_virus_SJ46
2025-10-20 22:47:47.061702 INFO::Fitting model to feature number 66, k__Viruses.p__Uroviricota.c__Caudoviricetes.o__Caudovirales.f__Myoviridae.g__Punavirus.s__Shigella_phage_SfIV
2025-10-20 22:47:47.073743 INFO::Fitting model to feature number 67, k__Viruses.p__Uroviricota.c__Caudoviricetes.o__Caudovirales.f__Myoviridae.g__Reipivirus
2025-10-20 22:47:47.082269 INFO::Fitting model to feature number 68, k__Viruses.p__Uroviricota.c__Caudoviricetes.o__Caudovirales.f__Myoviridae.g__Reipivirus.s__Klebsiella_virus_ST16OXA48phi5.4
2025-10-20 22:47:47.087729 INFO::Fitting model to feature number 69, k__Viruses.p__Uroviricota.c__Caudoviricetes.o__Caudovirales.f__Myoviridae.g__Taranisvirus
2025-10-20 22:47:47.092171 INFO::Fitting model to feature number 70, k__Viruses.p__Uroviricota.c__Caudoviricetes.o__Caudovirales.f__Myoviridae.g__Taranisvirus.s__Faecalibacterium_virus_Taranis
2025-10-20 22:47:47.096301 INFO::Fitting model to feature number 71, k__Viruses.p__Uroviricota.c__Caudoviricetes.o__Caudovirales.f__Myoviridae.g__Tequatrovirus
2025-10-20 22:47:47.100875 INFO::Fitting model to feature number 72, k__Viruses.p__Uroviricota.c__Caudoviricetes.o__Caudovirales.f__Myoviridae.g__Toutatisvirus
2025-10-20 22:47:47.105142 INFO::Fitting model to feature number 73, k__Viruses.p__Uroviricota.c__Caudoviricetes.o__Caudovirales.f__Myoviridae.g__Toutatisvirus.s__Faecalibacterium_virus_Toutatis
2025-10-20 22:47:47.110287 INFO::Fitting model to feature number 74, k__Viruses.p__Uroviricota.c__Caudoviricetes.o__Caudovirales.f__Myoviridae.g__Vimunumvirus
2025-10-20 22:47:47.116298 INFO::Fitting model to feature number 75, k__Viruses.p__Uroviricota.c__Caudoviricetes.o__Caudovirales.f__Myoviridae.g__Vimunumvirus.s__Klebsiella_virus_ST147VIM1phi7.1
2025-10-20 22:47:47.120669 INFO::Fitting model to feature number 76, k__Viruses.p__Uroviricota.c__Caudoviricetes.o__Caudovirales.f__Myoviridae.g__Wellingtonvirus
2025-10-20 22:47:47.125077 INFO::Fitting model to feature number 77, k__Viruses.p__Uroviricota.c__Caudoviricetes.o__Caudovirales.f__Myoviridae.g__Wellingtonvirus.s__Erwinia_virus_Wellington
2025-10-20 22:47:47.129771 INFO::Fitting model to feature number 78, k__Viruses.p__Uroviricota.c__Caudoviricetes.o__Caudovirales.f__Myoviridae.g__Xuanwuvirus
2025-10-20 22:47:47.135235 INFO::Fitting model to feature number 79, k__Viruses.p__Uroviricota.c__Caudoviricetes.o__Caudovirales.f__Myoviridae.g__Xuanwuvirus.s__Escherichia_virus_500465.2
2025-10-20 22:47:47.139667 INFO::Fitting model to feature number 80, k__Viruses.p__Uroviricota.c__Caudoviricetes.o__Caudovirales.f__Myoviridae.g__Xuanwuvirus.s__Escherichia_virus_520873
2025-10-20 22:47:47.144687 INFO::Fitting model to feature number 81, k__Viruses.p__Uroviricota.c__Caudoviricetes.o__Caudovirales.f__Myoviridae.g__Xuanwuvirus.s__Escherichia_virus_P88
2025-10-20 22:47:47.14911 INFO::Fitting model to feature number 82, k__Viruses.p__Uroviricota.c__Caudoviricetes.o__Caudovirales.f__Podoviridae
2025-10-20 22:47:47.154229 INFO::Fitting model to feature number 83, k__Viruses.p__Uroviricota.c__Caudoviricetes.o__Caudovirales.f__Podoviridae.g__Diegovirus
2025-10-20 22:47:47.158422 INFO::Fitting model to feature number 84, k__Viruses.p__Uroviricota.c__Caudoviricetes.o__Caudovirales.f__Podoviridae.g__Diegovirus.s__Shigella_virus_7502Stx
2025-10-20 22:47:47.163356 INFO::Fitting model to feature number 85, k__Viruses.p__Uroviricota.c__Caudoviricetes.o__Caudovirales.f__Podoviridae.g__Lederbergvirus
2025-10-20 22:47:47.166685 INFO::Fitting model to feature number 86, k__Viruses.p__Uroviricota.c__Caudoviricetes.o__Caudovirales.f__Podoviridae.g__Lederbergvirus.s__Salmonella_phage_SEN22
2025-10-20 22:47:47.170035 INFO::Fitting model to feature number 87, k__Viruses.p__Uroviricota.c__Caudoviricetes.o__Caudovirales.f__Podoviridae.g__Lederbergvirus.s__Shigella_virus_Sf6
2025-10-20 22:47:47.173662 INFO::Fitting model to feature number 88, k__Viruses.p__Uroviricota.c__Caudoviricetes.o__Caudovirales.f__Podoviridae.g__Oslovirus
2025-10-20 22:47:47.177836 INFO::Fitting model to feature number 89, k__Viruses.p__Uroviricota.c__Caudoviricetes.o__Caudovirales.f__Podoviridae.g__Oslovirus.s__Enterobacteria_phage_VT2phi_272
2025-10-20 22:47:47.181066 INFO::Fitting model to feature number 90, k__Viruses.p__Uroviricota.c__Caudoviricetes.o__Caudovirales.f__Podoviridae.g__Oslovirus.s__Escherichia_virus_TL2011
2025-10-20 22:47:47.185063 INFO::Fitting model to feature number 91, k__Viruses.p__Uroviricota.c__Caudoviricetes.o__Caudovirales.f__Podoviridae.g__Traversvirus
2025-10-20 22:47:47.189221 INFO::Fitting model to feature number 92, k__Viruses.p__Uroviricota.c__Caudoviricetes.o__Caudovirales.f__Podoviridae.g__Traversvirus.s__Escherichia_virus_86
2025-10-20 22:47:47.193421 INFO::Fitting model to feature number 93, k__Viruses.p__Uroviricota.c__Caudoviricetes.o__Caudovirales.f__Podoviridae.g__Traversvirus.s__Escherichia_virus_F451
2025-10-20 22:47:47.197301 INFO::Fitting model to feature number 94, k__Viruses.p__Uroviricota.c__Caudoviricetes.o__Caudovirales.f__Podoviridae.g__Uetakevirus
2025-10-20 22:47:47.201564 INFO::Fitting model to feature number 95, k__Viruses.p__Uroviricota.c__Caudoviricetes.o__Caudovirales.f__Podoviridae.g__Unclassified
2025-10-20 22:47:47.205411 INFO::Fitting model to feature number 96, k__Viruses.p__Uroviricota.c__Caudoviricetes.o__Caudovirales.f__Podoviridae.g__Unclassified.s__Escherichia_phage_TL.2011b
2025-10-20 22:47:47.209022 INFO::Fitting model to feature number 97, k__Viruses.p__Uroviricota.c__Caudoviricetes.o__Caudovirales.f__Podoviridae.g__Unclassified.s__crAssphage_cr10_1
2025-10-20 22:47:47.212267 INFO::Fitting model to feature number 98, k__Viruses.p__Uroviricota.c__Caudoviricetes.o__Caudovirales.f__Podoviridae.g__Unclassified.s__crAssphage_cr111_1
2025-10-20 22:47:47.216471 INFO::Fitting model to feature number 99, k__Viruses.p__Uroviricota.c__Caudoviricetes.o__Caudovirales.f__Podoviridae.g__Unclassified.s__crAssphage_cr114_1
2025-10-20 22:47:47.220901 INFO::Fitting model to feature number 100, k__Viruses.p__Uroviricota.c__Caudoviricetes.o__Caudovirales.f__Podoviridae.g__Unclassified.s__crAssphage_cr115_1
2025-10-20 22:47:47.22478 INFO::Fitting model to feature number 101, k__Viruses.p__Uroviricota.c__Caudoviricetes.o__Caudovirales.f__Podoviridae.g__Unclassified.s__crAssphage_cr1_1
2025-10-20 22:47:47.228262 INFO::Fitting model to feature number 102, k__Viruses.p__Uroviricota.c__Caudoviricetes.o__Caudovirales.f__Podoviridae.g__Unclassified.s__crAssphage_cr4_1
2025-10-20 22:47:47.232173 INFO::Fitting model to feature number 103, k__Viruses.p__Uroviricota.c__Caudoviricetes.o__Caudovirales.f__Podoviridae.g__Unclassified.s__crAssphage_cr50_1
2025-10-20 22:47:47.235664 INFO::Fitting model to feature number 104, k__Viruses.p__Uroviricota.c__Caudoviricetes.o__Caudovirales.f__Podoviridae.g__Unclassified.s__crAssphage_cr53_1
2025-10-20 22:47:47.239176 INFO::Fitting model to feature number 105, k__Viruses.p__Uroviricota.c__Caudoviricetes.o__Caudovirales.f__Podoviridae.g__Unclassified.s__crAssphage_cr55_1
2025-10-20 22:47:47.242279 INFO::Fitting model to feature number 106, k__Viruses.p__Uroviricota.c__Caudoviricetes.o__Caudovirales.f__Podoviridae.g__Unclassified.s__crAssphage_cr60_1
2025-10-20 22:47:47.245539 INFO::Fitting model to feature number 107, k__Viruses.p__Uroviricota.c__Caudoviricetes.o__Caudovirales.f__Podoviridae.g__Unclassified.s__uncultured_crAssphage
2025-10-20 22:47:47.248586 INFO::Fitting model to feature number 108, k__Viruses.p__Uroviricota.c__Caudoviricetes.o__Caudovirales.f__Rountreeviridae
2025-10-20 22:47:47.252659 INFO::Fitting model to feature number 109, k__Viruses.p__Uroviricota.c__Caudoviricetes.o__Caudovirales.f__Rountreeviridae.g__Andhravirus
2025-10-20 22:47:47.256142 INFO::Fitting model to feature number 110, k__Viruses.p__Uroviricota.c__Caudoviricetes.o__Caudovirales.f__Rountreeviridae.g__Andhravirus.s__Staphylococcus_virus_Andhra
2025-10-20 22:47:47.260942 INFO::Fitting model to feature number 111, k__Viruses.p__Uroviricota.c__Caudoviricetes.o__Caudovirales.f__Schitoviridae
2025-10-20 22:47:47.265867 INFO::Fitting model to feature number 112, k__Viruses.p__Uroviricota.c__Caudoviricetes.o__Caudovirales.f__Schitoviridae.g__Enquatrovirus
2025-10-20 22:47:47.269914 INFO::Fitting model to feature number 113, k__Viruses.p__Uroviricota.c__Caudoviricetes.o__Caudovirales.f__Schitoviridae.g__Enquatrovirus.s__Escherichia_virus_N4
2025-10-20 22:47:47.273392 INFO::Fitting model to feature number 114, k__Viruses.p__Uroviricota.c__Caudoviricetes.o__Caudovirales.f__Siphoviridae
2025-10-20 22:47:47.277087 INFO::Fitting model to feature number 115, k__Viruses.p__Uroviricota.c__Caudoviricetes.o__Caudovirales.f__Siphoviridae.g__Ceetrepovirus
2025-10-20 22:47:47.281531 INFO::Fitting model to feature number 116, k__Viruses.p__Uroviricota.c__Caudoviricetes.o__Caudovirales.f__Siphoviridae.g__Ceetrepovirus.s__Corynebacterium_virus_Darwin
2025-10-20 22:47:47.285329 INFO::Fitting model to feature number 117, k__Viruses.p__Uroviricota.c__Caudoviricetes.o__Caudovirales.f__Siphoviridae.g__Chivirus
2025-10-20 22:47:47.288509 INFO::Fitting model to feature number 118, k__Viruses.p__Uroviricota.c__Caudoviricetes.o__Caudovirales.f__Siphoviridae.g__Chivirus.s__Salmonella_phage_TS13
2025-10-20 22:47:47.292018 INFO::Fitting model to feature number 119, k__Viruses.p__Uroviricota.c__Caudoviricetes.o__Caudovirales.f__Siphoviridae.g__Chivirus.s__Staphylococcus_phage_SPbeta.like
2025-10-20 22:47:47.295789 INFO::Fitting model to feature number 120, k__Viruses.p__Uroviricota.c__Caudoviricetes.o__Caudovirales.f__Siphoviridae.g__Chivirus.s__Streptococcus_phage_20617
2025-10-20 22:47:47.299888 INFO::Fitting model to feature number 121, k__Viruses.p__Uroviricota.c__Caudoviricetes.o__Caudovirales.f__Siphoviridae.g__Jacevirus
2025-10-20 22:47:47.303897 INFO::Fitting model to feature number 122, k__Viruses.p__Uroviricota.c__Caudoviricetes.o__Caudovirales.f__Siphoviridae.g__Jacevirus.s__Gordonia_virus_Jace
2025-10-20 22:47:47.307816 INFO::Fitting model to feature number 123, k__Viruses.p__Uroviricota.c__Caudoviricetes.o__Caudovirales.f__Siphoviridae.g__Lacusarxvirus
2025-10-20 22:47:47.311889 INFO::Fitting model to feature number 124, k__Viruses.p__Uroviricota.c__Caudoviricetes.o__Caudovirales.f__Siphoviridae.g__Lacusarxvirus.s__Sphingobium_virus_Lacusarx
2025-10-20 22:47:47.315871 INFO::Fitting model to feature number 125, k__Viruses.p__Uroviricota.c__Caudoviricetes.o__Caudovirales.f__Siphoviridae.g__Lambdavirus
2025-10-20 22:47:47.31912 INFO::Fitting model to feature number 126, k__Viruses.p__Uroviricota.c__Caudoviricetes.o__Caudovirales.f__Siphoviridae.g__Lambdavirus.s__Enterobacteria_virus_O276
2025-10-20 22:47:47.322958 INFO::Fitting model to feature number 127, k__Viruses.p__Uroviricota.c__Caudoviricetes.o__Caudovirales.f__Siphoviridae.g__Lambdavirus.s__Escherichia_virus_DE3
2025-10-20 22:47:47.326947 INFO::Fitting model to feature number 128, k__Viruses.p__Uroviricota.c__Caudoviricetes.o__Caudovirales.f__Siphoviridae.g__Lughvirus
2025-10-20 22:47:47.331129 INFO::Fitting model to feature number 129, k__Viruses.p__Uroviricota.c__Caudoviricetes.o__Caudovirales.f__Siphoviridae.g__Lughvirus.s__Faecalibacterium_virus_Lugh
2025-10-20 22:47:47.335236 INFO::Fitting model to feature number 130, k__Viruses.p__Uroviricota.c__Caudoviricetes.o__Caudovirales.f__Siphoviridae.g__Marienburgvirus
2025-10-20 22:47:47.33908 INFO::Fitting model to feature number 131, k__Viruses.p__Uroviricota.c__Caudoviricetes.o__Caudovirales.f__Siphoviridae.g__Marienburgvirus.s__Enterobacteria_virus_BP4795
2025-10-20 22:47:47.342898 INFO::Fitting model to feature number 132, k__Viruses.p__Uroviricota.c__Caudoviricetes.o__Caudovirales.f__Siphoviridae.g__Marienburgvirus.s__Escherichia_virus_JLK2012
2025-10-20 22:47:47.346825 INFO::Fitting model to feature number 133, k__Viruses.p__Uroviricota.c__Caudoviricetes.o__Caudovirales.f__Siphoviridae.g__Moineauvirus
2025-10-20 22:47:47.350177 INFO::Fitting model to feature number 134, k__Viruses.p__Uroviricota.c__Caudoviricetes.o__Caudovirales.f__Siphoviridae.g__Moineauvirus.s__Streptococcus_phage_YMC.2011
2025-10-20 22:47:47.353679 INFO::Fitting model to feature number 135, k__Viruses.p__Uroviricota.c__Caudoviricetes.o__Caudovirales.f__Siphoviridae.g__Oengusvirus
2025-10-20 22:47:47.357791 INFO::Fitting model to feature number 136, k__Viruses.p__Uroviricota.c__Caudoviricetes.o__Caudovirales.f__Siphoviridae.g__Oengusvirus.s__Faecalibacterium_virus_Oengus
2025-10-20 22:47:47.362043 INFO::Fitting model to feature number 137, k__Viruses.p__Uroviricota.c__Caudoviricetes.o__Caudovirales.f__Siphoviridae.g__Pankowvirus
2025-10-20 22:47:47.365463 INFO::Fitting model to feature number 138, k__Viruses.p__Uroviricota.c__Caudoviricetes.o__Caudovirales.f__Siphoviridae.g__Pankowvirus.s__Enterobacteria_virus_YYZ2008
2025-10-20 22:47:47.369002 INFO::Fitting model to feature number 139, k__Viruses.p__Uroviricota.c__Caudoviricetes.o__Caudovirales.f__Siphoviridae.g__Pankowvirus.s__Escherichia_virus_1717
2025-10-20 22:47:47.373297 INFO::Fitting model to feature number 140, k__Viruses.p__Uroviricota.c__Caudoviricetes.o__Caudovirales.f__Siphoviridae.g__Pankowvirus.s__Escherichia_virus_WGPS6
2025-10-20 22:47:47.37826 INFO::Fitting model to feature number 141, k__Viruses.p__Uroviricota.c__Caudoviricetes.o__Caudovirales.f__Siphoviridae.g__Pankowvirus.s__Escherichia_virus_WGPS8
2025-10-20 22:47:47.382322 INFO::Fitting model to feature number 142, k__Viruses.p__Uroviricota.c__Caudoviricetes.o__Caudovirales.f__Siphoviridae.g__Phicbkvirus
2025-10-20 22:47:47.386484 INFO::Fitting model to feature number 143, k__Viruses.p__Uroviricota.c__Caudoviricetes.o__Caudovirales.f__Siphoviridae.g__Phicbkvirus.s__Caulobacter_virus_Rogue
2025-10-20 22:47:47.390421 INFO::Fitting model to feature number 144, k__Viruses.p__Uroviricota.c__Caudoviricetes.o__Caudovirales.f__Siphoviridae.g__Sawaravirus
2025-10-20 22:47:47.394633 INFO::Fitting model to feature number 145, k__Viruses.p__Uroviricota.c__Caudoviricetes.o__Caudovirales.f__Siphoviridae.g__Sawaravirus.s__Escherichia_virus_WGPS2
2025-10-20 22:47:47.398371 INFO::Fitting model to feature number 146, k__Viruses.p__Uroviricota.c__Caudoviricetes.o__Caudovirales.f__Siphoviridae.g__Unclassified
2025-10-20 22:47:47.402228 INFO::Fitting model to feature number 147, k__Viruses.p__Uroviricota.c__Caudoviricetes.o__Caudovirales.f__Siphoviridae.g__Unclassified.s__Enterobacteria_phage_cdtI
2025-10-20 22:47:47.406069 INFO::Fitting model to feature number 148, k__Viruses.p__Uroviricota.c__Caudoviricetes.o__Caudovirales.f__Siphoviridae.g__Unclassified.s__Enterobacteria_phage_mEp237
2025-10-20 22:47:47.412658 INFO::Fitting model to feature number 149, k__Viruses.p__Uroviricota.c__Caudoviricetes.o__Caudovirales.f__Siphoviridae.g__Unclassified.s__Enterobacteria_phage_mEp460
2025-10-20 22:47:47.42075 INFO::Fitting model to feature number 150, k__Viruses.p__Uroviricota.c__Caudoviricetes.o__Caudovirales.f__Siphoviridae.g__Unclassified.s__Staphylococcus_phage_SPbeta.like
2025-10-20 22:47:47.427612 INFO::Fitting model to feature number 151, k__Viruses.p__Uroviricota.c__Caudoviricetes.o__Caudovirales.f__Siphoviridae.g__Unclassified.s__Streptococcus_phage_20617
2025-10-20 22:47:47.431855 INFO::Fitting model to feature number 152, k__Viruses.p__Uroviricota.c__Caudoviricetes.o__Caudovirales.f__Siphoviridae.g__Unclassified.s__Streptococcus_phage_SpSL1
2025-10-20 22:47:47.461053 INFO::Counting total values for each feature
2025-10-20 22:47:47.469731 INFO::Writing filtered data to file E:/Python/MI_Analysis/metagenome/data_figures/filtered_data_20percent/MaAsLin2_OTU//virus/features/filtered_data.tsv
2025-10-20 22:47:47.501724 INFO::Writing filtered, normalized data to file E:/Python/MI_Analysis/metagenome/data_figures/filtered_data_20percent/MaAsLin2_OTU//virus/features/filtered_data_norm.tsv
2025-10-20 22:47:47.535664 INFO::Writing filtered, normalized, transformed data to file E:/Python/MI_Analysis/metagenome/data_figures/filtered_data_20percent/MaAsLin2_OTU//virus/features/filtered_data_norm_transformed.tsv
2025-10-20 22:47:47.577374 WARNING::Deleting existing residuals file: E:/Python/MI_Analysis/metagenome/data_figures/filtered_data_20percent/MaAsLin2_OTU//virus/fits/residuals.rds
2025-10-20 22:47:47.581311 INFO::Writing residuals to file E:/Python/MI_Analysis/metagenome/data_figures/filtered_data_20percent/MaAsLin2_OTU//virus/fits/residuals.rds
2025-10-20 22:47:47.587072 WARNING::Deleting existing fitted file: E:/Python/MI_Analysis/metagenome/data_figures/filtered_data_20percent/MaAsLin2_OTU//virus/fits/fitted.rds
2025-10-20 22:47:47.590379 INFO::Writing fitted values to file E:/Python/MI_Analysis/metagenome/data_figures/filtered_data_20percent/MaAsLin2_OTU//virus/fits/fitted.rds
2025-10-20 22:47:47.594204 INFO::Writing all results to file (ordered by increasing q-values): E:/Python/MI_Analysis/metagenome/data_figures/filtered_data_20percent/MaAsLin2_OTU//virus/all_results.tsv
2025-10-20 22:47:47.600221 INFO::Writing the significant results (those which are less than or equal to the threshold of 0.050000 ) to file (ordered by increasing q-values): E:/Python/MI_Analysis/metagenome/data_figures/filtered_data_20percent/MaAsLin2_OTU//virus/significant_results.tsv
2025-10-20 22:47:47.603286 INFO::Writing heatmap of significant results to file: E:/Python/MI_Analysis/metagenome/data_figures/filtered_data_20percent/MaAsLin2_OTU//virus/heatmap.pdf
2025-10-20 22:47:47.606812 INFO::Writing association plots (one for each significant association) to output folder: E:/Python/MI_Analysis/metagenome/data_figures/filtered_data_20percent/MaAsLin2_OTU//virus
2025-10-20 22:47:47.610639 INFO::Plotting associations from most to least significant, grouped by metadata
2025-10-20 22:47:47.612381 INFO::Plotting data for metadata number 1, Group
2025-10-20 22:47:47.614738 INFO::Creating boxplot for categorical data, Group vs k__Viruses.p__Uroviricota.c__Caudoviricetes.o__Caudovirales.f__Rountreeviridae
2025-10-20 22:47:47.958364 INFO::Creating boxplot for categorical data, Group vs k__Viruses.p__Uroviricota.c__Caudoviricetes.o__Caudovirales.f__Rountreeviridae.g__Andhravirus
2025-10-20 22:47:48.193412 INFO::Creating boxplot for categorical data, Group vs k__Viruses.p__Uroviricota.c__Caudoviricetes.o__Caudovirales.f__Rountreeviridae.g__Andhravirus.s__Staphylococcus_virus_Andhra
2025-10-20 22:47:48.458655 INFO::Creating boxplot for categorical data, Group vs k__Viruses.p__Uroviricota.c__Caudoviricetes.o__Caudovirales.f__Siphoviridae.g__Chivirus
2025-10-20 22:47:48.711827 INFO::Creating boxplot for categorical data, Group vs k__Viruses.p__Uroviricota.c__Caudoviricetes.o__Caudovirales.f__Siphoviridae.g__Chivirus.s__Salmonella_phage_TS13
